<?xml version="1.0" encoding="UTF-8"?>
<!-- Generated by org.testng.reporters.JUnitXMLReporter -->
<testsuite hostname="Kris-PC" name="ValidateLinksFF" tests="48" failures="0" timestamp="19 Mar 2015 11:48:23 GMT" time="304.412" errors="0">
  <testcase name="test10M" time="3.9" classname="Tests.ValidateMainPageLinks"/>
  <testcase name="test11M" time="5.36" classname="Tests.ValidateMainPageLinks"/>
  <testcase name="test12M" time="5.03" classname="Tests.ValidateMainPageLinks"/>
  <testcase name="test13M" time="5.41" classname="Tests.ValidateMainPageLinks"/>
  <testcase name="test14M" time="6.365" classname="Tests.ValidateMainPageLinks"/>
  <testcase name="test15M" time="5.1" classname="Tests.ValidateMainPageLinks"/>
  <testcase name="test16M" time="5.29" classname="Tests.ValidateMainPageLinks"/>
  <testcase name="test17M" time="5.4" classname="Tests.ValidateMainPageLinks"/>
  <testcase name="test18M" time="5.66" classname="Tests.ValidateMainPageLinks"/>
  <testcase name="test19M" time="5.05" classname="Tests.ValidateMainPageLinks"/>
  <testcase name="test1M" time="2.21" classname="Tests.ValidateMainPageLinks"/>
  <testcase name="test1S" time="4.88" classname="Tests.ValidateMainPageLinks"/>
  <testcase name="test20M" time="7.002" classname="Tests.ValidateMainPageLinks"/>
  <testcase name="test21M" time="4.712" classname="Tests.ValidateMainPageLinks"/>
  <testcase name="test22M" time="4.872" classname="Tests.ValidateMainPageLinks"/>
  <testcase name="test23M" time="3.06" classname="Tests.ValidateMainPageLinks"/>
  <testcase name="test24M" time="1.46" classname="Tests.ValidateMainPageLinks"/>
  <testcase name="test25M" time="2.45" classname="Tests.ValidateMainPageLinks"/>
  <testcase name="test26M" time="4.92" classname="Tests.ValidateMainPageLinks"/>
  <testcase name="test27M" time="4.44" classname="Tests.ValidateMainPageLinks"/>
  <testcase name="test28M" time="4.702" classname="Tests.ValidateMainPageLinks"/>
  <testcase name="test29M" time="4.87" classname="Tests.ValidateMainPageLinks"/>
  <testcase name="test2M" time="5.01" classname="Tests.ValidateMainPageLinks"/>
  <testcase name="test2S" time="6.86" classname="Tests.ValidateMainPageLinks"/>
  <testcase name="test30M" time="2.813" classname="Tests.ValidateMainPageLinks"/>
  <testcase name="test31M" time="6.028" classname="Tests.ValidateMainPageLinks"/>
  <testcase name="test32M" time="6.947" classname="Tests.ValidateMainPageLinks"/>
  <testcase name="test33M" time="14.847" classname="Tests.ValidateMainPageLinks"/>
  <testcase name="test34M" time="4.626" classname="Tests.ValidateMainPageLinks"/>
  <testcase name="test35M" time="6.722" classname="Tests.ValidateMainPageLinks"/>
  <testcase name="test36M" time="6.28" classname="Tests.ValidateMainPageLinks"/>
  <testcase name="test37M" time="6.345" classname="Tests.ValidateMainPageLinks"/>
  <testcase name="test38M" time="8.648" classname="Tests.ValidateMainPageLinks"/>
  <testcase name="test39M" time="5.824" classname="Tests.ValidateMainPageLinks"/>
  <testcase name="test3M" time="6.443" classname="Tests.ValidateMainPageLinks"/>
  <testcase name="test40M" time="6.629" classname="Tests.ValidateMainPageLinks"/>
  <testcase name="test41M" time="6.478" classname="Tests.ValidateMainPageLinks"/>
  <testcase name="test42M" time="6.832" classname="Tests.ValidateMainPageLinks"/>
  <testcase name="test43M" time="6.942" classname="Tests.ValidateMainPageLinks"/>
  <testcase name="test45M" time="7.014" classname="Tests.ValidateMainPageLinks"/>
  <testcase name="test46M" time="6.954" classname="Tests.ValidateMainPageLinks"/>
  <testcase name="test47M" time="7.111" classname="Tests.ValidateMainPageLinks"/>
  <testcase name="test4M" time="3.46" classname="Tests.ValidateMainPageLinks"/>
  <testcase name="test5M" time="3.3" classname="Tests.ValidateMainPageLinks"/>
  <testcase name="test6M" time="6.61" classname="Tests.ValidateMainPageLinks"/>
  <testcase name="test7M" time="7.629" classname="Tests.ValidateMainPageLinks"/>
  <testcase name="test8M" time="9.799" classname="Tests.ValidateMainPageLinks"/>
  <testcase name="test9M" time="8.13" classname="Tests.ValidateMainPageLinks"/>
</testsuite> <!-- ValidateLinksFF -->
