<?xml version="1.0" encoding="UTF-8"?>
<!-- Generated by org.testng.reporters.JUnitXMLReporter -->
<testsuite hostname="Kris-PC" name="ValidateLinksFF" tests="48" failures="1" timestamp="13 Mar 2015 19:22:26 GMT" time="283.912" errors="0">
  <testcase name="test10M" time="5.544" classname="Tests.ValidateMainPageLinks"/>
  <testcase name="test11M" time="5.02" classname="Tests.ValidateMainPageLinks"/>
  <testcase name="test12M" time="5.7" classname="Tests.ValidateMainPageLinks"/>
  <testcase name="test13M" time="5.271" classname="Tests.ValidateMainPageLinks"/>
  <testcase name="test14M" time="5.88" classname="Tests.ValidateMainPageLinks"/>
  <testcase name="test15M" time="4.37" classname="Tests.ValidateMainPageLinks"/>
  <testcase name="test16M" time="4.522" classname="Tests.ValidateMainPageLinks"/>
  <testcase name="test17M" time="4.557" classname="Tests.ValidateMainPageLinks"/>
  <testcase name="test18M" time="5.402" classname="Tests.ValidateMainPageLinks"/>
  <testcase name="test19M" time="4.387" classname="Tests.ValidateMainPageLinks"/>
  <testcase name="test1M" time="1.36" classname="Tests.ValidateMainPageLinks"/>
  <testcase name="test1S" time="6.25" classname="Tests.ValidateMainPageLinks"/>
  <testcase name="test20M" time="10.691" classname="Tests.ValidateMainPageLinks">
    <failure type="org.openqa.selenium.TimeoutException" message="Timed out after 10 seconds waiting for title to be &amp;quot;PrestaShop - Free ecommerce software&amp;quot;. Current title: &amp;quot;My Store&amp;quot;
Build info: version: &amp;apos;2.45.0&amp;apos;, revision: &amp;apos;5017cb8&amp;apos;, time: &amp;apos;2015-02-27 00:00:10&amp;apos;
System info: host: &amp;apos;Kris-PC&amp;apos;, ip: &amp;apos;192.168.56.1&amp;apos;, os.name: &amp;apos;Windows 7&amp;apos;, os.arch: &amp;apos;amd64&amp;apos;, os.version: &amp;apos;6.1&amp;apos;, java.version: &amp;apos;1.8.0_31&amp;apos;
Driver info: org.openqa.selenium.firefox.FirefoxDriver
Capabilities [{applicationCacheEnabled=true, rotatable=false, handlesAlerts=true, databaseEnabled=true, version=36.0.1, platform=WINDOWS, nativeEvents=false, acceptSslCerts=true, webStorageEnabled=true, locationContextEnabled=true, browserName=firefox, takesScreenshot=true, javascriptEnabled=true, cssSelectorsEnabled=true}]
Session ID: dfd9644d-6605-464d-9584-883c5f1325bf">
      <![CDATA[org.openqa.selenium.TimeoutException: Timed out after 10 seconds waiting for title to be "PrestaShop - Free ecommerce software". Current title: "My Store"
Build info: version: '2.45.0', revision: '5017cb8', time: '2015-02-27 00:00:10'
System info: host: 'Kris-PC', ip: '192.168.56.1', os.name: 'Windows 7', os.arch: 'amd64', os.version: '6.1', java.version: '1.8.0_31'
Driver info: org.openqa.selenium.firefox.FirefoxDriver
Capabilities [{applicationCacheEnabled=true, rotatable=false, handlesAlerts=true, databaseEnabled=true, version=36.0.1, platform=WINDOWS, nativeEvents=false, acceptSslCerts=true, webStorageEnabled=true, locationContextEnabled=true, browserName=firefox, takesScreenshot=true, javascriptEnabled=true, cssSelectorsEnabled=true}]
Session ID: dfd9644d-6605-464d-9584-883c5f1325bf
	at org.openqa.selenium.support.ui.WebDriverWait.timeoutException(WebDriverWait.java:79)
	at org.openqa.selenium.support.ui.FluentWait.until(FluentWait.java:228)
	at Tests.ValidateMainPageLinks.test20M(ValidateMainPageLinks.java:196)
... Removed 24 stack frames]]>
    </failure>
  </testcase> <!-- test20M -->
  <testcase name="test21M" time="4.07" classname="Tests.ValidateMainPageLinks"/>
  <testcase name="test22M" time="3.61" classname="Tests.ValidateMainPageLinks"/>
  <testcase name="test23M" time="2.32" classname="Tests.ValidateMainPageLinks"/>
  <testcase name="test24M" time="0.953" classname="Tests.ValidateMainPageLinks"/>
  <testcase name="test25M" time="2.17" classname="Tests.ValidateMainPageLinks"/>
  <testcase name="test26M" time="3.564" classname="Tests.ValidateMainPageLinks"/>
  <testcase name="test27M" time="3.53" classname="Tests.ValidateMainPageLinks"/>
  <testcase name="test28M" time="3.966" classname="Tests.ValidateMainPageLinks"/>
  <testcase name="test29M" time="3.79" classname="Tests.ValidateMainPageLinks"/>
  <testcase name="test2M" time="4.317" classname="Tests.ValidateMainPageLinks"/>
  <testcase name="test2S" time="5.82" classname="Tests.ValidateMainPageLinks"/>
  <testcase name="test30M" time="2.131" classname="Tests.ValidateMainPageLinks"/>
  <testcase name="test31M" time="3.417" classname="Tests.ValidateMainPageLinks"/>
  <testcase name="test32M" time="7.296" classname="Tests.ValidateMainPageLinks"/>
  <testcase name="test33M" time="14.37" classname="Tests.ValidateMainPageLinks"/>
  <testcase name="test34M" time="4.709" classname="Tests.ValidateMainPageLinks"/>
  <testcase name="test35M" time="5.637" classname="Tests.ValidateMainPageLinks"/>
  <testcase name="test36M" time="5.54" classname="Tests.ValidateMainPageLinks"/>
  <testcase name="test37M" time="5.532" classname="Tests.ValidateMainPageLinks"/>
  <testcase name="test38M" time="8.022" classname="Tests.ValidateMainPageLinks"/>
  <testcase name="test39M" time="4.894" classname="Tests.ValidateMainPageLinks"/>
  <testcase name="test3M" time="5.356" classname="Tests.ValidateMainPageLinks"/>
  <testcase name="test40M" time="5.288" classname="Tests.ValidateMainPageLinks"/>
  <testcase name="test41M" time="6.098" classname="Tests.ValidateMainPageLinks"/>
  <testcase name="test42M" time="5.36" classname="Tests.ValidateMainPageLinks"/>
  <testcase name="test43M" time="6.119" classname="Tests.ValidateMainPageLinks"/>
  <testcase name="test45M" time="6.217" classname="Tests.ValidateMainPageLinks"/>
  <testcase name="test46M" time="7.217" classname="Tests.ValidateMainPageLinks"/>
  <testcase name="test47M" time="7.417" classname="Tests.ValidateMainPageLinks"/>
  <testcase name="test4M" time="4.109" classname="Tests.ValidateMainPageLinks"/>
  <testcase name="test5M" time="3.938" classname="Tests.ValidateMainPageLinks"/>
  <testcase name="test6M" time="6.773" classname="Tests.ValidateMainPageLinks"/>
  <testcase name="test7M" time="9.504" classname="Tests.ValidateMainPageLinks"/>
  <testcase name="test8M" time="8.289" classname="Tests.ValidateMainPageLinks"/>
  <testcase name="test9M" time="7.943" classname="Tests.ValidateMainPageLinks"/>
</testsuite> <!-- ValidateLinksFF -->
