<?xml version="1.0" encoding="UTF-8"?>
<!-- Generated by org.testng.reporters.JUnitXMLReporter -->
<testsuite hostname="Kris-PC" name="ValidateLinksCH" tests="48" failures="47" timestamp="29 Apr 2015 16:08:43 GMT" time="38.895" errors="0">
  <testcase name="test10M" time="3.224" classname="Tests.ValidateMainPageLinks">
    <failure type="org.openqa.selenium.TimeoutException" message="Timed out after 3 seconds waiting for element to be clickable: [[ChromeDriver: chrome on XP (cf4497c68f35365fdadcd5fcb52a7d8f)] -&amp;gt; xpath: //*[@id=&amp;apos;block_top_menu&amp;apos;]/ul/li[1]/ul/li[1]/ul/li[2]/a]
Build info: version: &amp;apos;2.45.0&amp;apos;, revision: &amp;apos;5017cb8&amp;apos;, time: &amp;apos;2015-02-27 00:00:10&amp;apos;
System info: host: &amp;apos;Kris-PC&amp;apos;, ip: &amp;apos;192.168.56.1&amp;apos;, os.name: &amp;apos;Windows 7&amp;apos;, os.arch: &amp;apos;amd64&amp;apos;, os.version: &amp;apos;6.1&amp;apos;, java.version: &amp;apos;1.8.0_31&amp;apos;
Driver info: org.openqa.selenium.chrome.ChromeDriver
Capabilities [{applicationCacheEnabled=false, rotatable=false, mobileEmulationEnabled=false, chrome={userDataDir=C:\Users\Kris\AppData\Local\Temp\scoped_dir3572_21786}, takesHeapSnapshot=true, databaseEnabled=false, handlesAlerts=true, version=42.0.2311.90, platform=XP, browserConnectionEnabled=false, nativeEvents=true, acceptSslCerts=true, locationContextEnabled=true, webStorageEnabled=true, browserName=chrome, takesScreenshot=true, javascriptEnabled=true, cssSelectorsEnabled=true}]
Session ID: cf4497c68f35365fdadcd5fcb52a7d8f">
      <![CDATA[org.openqa.selenium.TimeoutException: Timed out after 3 seconds waiting for element to be clickable: [[ChromeDriver: chrome on XP (cf4497c68f35365fdadcd5fcb52a7d8f)] -> xpath: //*[@id='block_top_menu']/ul/li[1]/ul/li[1]/ul/li[2]/a]
Build info: version: '2.45.0', revision: '5017cb8', time: '2015-02-27 00:00:10'
System info: host: 'Kris-PC', ip: '192.168.56.1', os.name: 'Windows 7', os.arch: 'amd64', os.version: '6.1', java.version: '1.8.0_31'
Driver info: org.openqa.selenium.chrome.ChromeDriver
Capabilities [{applicationCacheEnabled=false, rotatable=false, mobileEmulationEnabled=false, chrome={userDataDir=C:\Users\Kris\AppData\Local\Temp\scoped_dir3572_21786}, takesHeapSnapshot=true, databaseEnabled=false, handlesAlerts=true, version=42.0.2311.90, platform=XP, browserConnectionEnabled=false, nativeEvents=true, acceptSslCerts=true, locationContextEnabled=true, webStorageEnabled=true, browserName=chrome, takesScreenshot=true, javascriptEnabled=true, cssSelectorsEnabled=true}]
Session ID: cf4497c68f35365fdadcd5fcb52a7d8f
	at org.openqa.selenium.support.ui.WebDriverWait.timeoutException(WebDriverWait.java:79)
	at org.openqa.selenium.support.ui.FluentWait.until(FluentWait.java:228)
	at PageObjects.HomePage$Header.women(HomePage.java:214)
	at Tests.ValidateMainPageLinks.test10M(ValidateMainPageLinks.java:130)
... Removed 24 stack frames]]>
    </failure>
  </testcase> <!-- test10M -->
  <testcase name="test11M" time="0.502" classname="Tests.ValidateMainPageLinks">
    <failure type="org.openqa.selenium.NoSuchElementException" message="no such element
  (Session info: chrome=42.0.2311.90)
  (Driver info: chromedriver=2.14.313457 (3d645c400edf2e2c500566c9aa096063e707c9cf),platform=Windows NT 6.1 SP1 x86_64) (WARNING: The server did not provide any stacktrace information)
Command duration or timeout: 490 milliseconds
For documentation on this error, please visit: http://seleniumhq.org/exceptions/no_such_element.html
Build info: version: &amp;apos;2.45.0&amp;apos;, revision: &amp;apos;5017cb8&amp;apos;, time: &amp;apos;2015-02-27 00:00:10&amp;apos;
System info: host: &amp;apos;Kris-PC&amp;apos;, ip: &amp;apos;192.168.56.1&amp;apos;, os.name: &amp;apos;Windows 7&amp;apos;, os.arch: &amp;apos;amd64&amp;apos;, os.version: &amp;apos;6.1&amp;apos;, java.version: &amp;apos;1.8.0_31&amp;apos;
Driver info: org.openqa.selenium.chrome.ChromeDriver
Capabilities [{applicationCacheEnabled=false, rotatable=false, mobileEmulationEnabled=false, chrome={userDataDir=C:\Users\Kris\AppData\Local\Temp\scoped_dir3572_21786}, takesHeapSnapshot=true, databaseEnabled=false, handlesAlerts=true, version=42.0.2311.90, platform=XP, browserConnectionEnabled=false, nativeEvents=true, acceptSslCerts=true, locationContextEnabled=true, webStorageEnabled=true, browserName=chrome, takesScreenshot=true, javascriptEnabled=true, cssSelectorsEnabled=true}]
Session ID: cf4497c68f35365fdadcd5fcb52a7d8f
*** Element info: {Using=xpath, value=//a[@title=&amp;apos;Women&amp;apos;]}">
      <![CDATA[org.openqa.selenium.NoSuchElementException: no such element
  (Session info: chrome=42.0.2311.90)
  (Driver info: chromedriver=2.14.313457 (3d645c400edf2e2c500566c9aa096063e707c9cf),platform=Windows NT 6.1 SP1 x86_64) (WARNING: The server did not provide any stacktrace information)
Command duration or timeout: 490 milliseconds
For documentation on this error, please visit: http://seleniumhq.org/exceptions/no_such_element.html
Build info: version: '2.45.0', revision: '5017cb8', time: '2015-02-27 00:00:10'
System info: host: 'Kris-PC', ip: '192.168.56.1', os.name: 'Windows 7', os.arch: 'amd64', os.version: '6.1', java.version: '1.8.0_31'
Driver info: org.openqa.selenium.chrome.ChromeDriver
Capabilities [{applicationCacheEnabled=false, rotatable=false, mobileEmulationEnabled=false, chrome={userDataDir=C:\Users\Kris\AppData\Local\Temp\scoped_dir3572_21786}, takesHeapSnapshot=true, databaseEnabled=false, handlesAlerts=true, version=42.0.2311.90, platform=XP, browserConnectionEnabled=false, nativeEvents=true, acceptSslCerts=true, locationContextEnabled=true, webStorageEnabled=true, browserName=chrome, takesScreenshot=true, javascriptEnabled=true, cssSelectorsEnabled=true}]
Session ID: cf4497c68f35365fdadcd5fcb52a7d8f
*** Element info: {Using=xpath, value=//a[@title='Women']}
	at org.openqa.selenium.remote.ErrorHandler.createThrowable(ErrorHandler.java:204)
	at org.openqa.selenium.remote.ErrorHandler.throwIfResponseFailed(ErrorHandler.java:156)
	at org.openqa.selenium.remote.RemoteWebDriver.execute(RemoteWebDriver.java:599)
	at org.openqa.selenium.remote.RemoteWebDriver.findElement(RemoteWebDriver.java:352)
	at org.openqa.selenium.remote.RemoteWebDriver.findElementByXPath(RemoteWebDriver.java:449)
	at org.openqa.selenium.By$ByXPath.findElement(By.java:357)
	at org.openqa.selenium.remote.RemoteWebDriver.findElement(RemoteWebDriver.java:344)
	at PageObjects.HomePage$Header.women(HomePage.java:110)
	at PageObjects.HomePage$Header.women(HomePage.java:125)
	at Tests.ValidateMainPageLinks.test11M(ValidateMainPageLinks.java:143)
... Removed 28 stack frames]]>
    </failure>
  </testcase> <!-- test11M -->
  <testcase name="test12M" time="0.032" classname="Tests.ValidateMainPageLinks">
    <failure type="org.openqa.selenium.NoSuchElementException" message="no such element
  (Session info: chrome=42.0.2311.90)
  (Driver info: chromedriver=2.14.313457 (3d645c400edf2e2c500566c9aa096063e707c9cf),platform=Windows NT 6.1 SP1 x86_64) (WARNING: The server did not provide any stacktrace information)
Command duration or timeout: 29 milliseconds
For documentation on this error, please visit: http://seleniumhq.org/exceptions/no_such_element.html
Build info: version: &amp;apos;2.45.0&amp;apos;, revision: &amp;apos;5017cb8&amp;apos;, time: &amp;apos;2015-02-27 00:00:10&amp;apos;
System info: host: &amp;apos;Kris-PC&amp;apos;, ip: &amp;apos;192.168.56.1&amp;apos;, os.name: &amp;apos;Windows 7&amp;apos;, os.arch: &amp;apos;amd64&amp;apos;, os.version: &amp;apos;6.1&amp;apos;, java.version: &amp;apos;1.8.0_31&amp;apos;
Driver info: org.openqa.selenium.chrome.ChromeDriver
Capabilities [{applicationCacheEnabled=false, rotatable=false, mobileEmulationEnabled=false, chrome={userDataDir=C:\Users\Kris\AppData\Local\Temp\scoped_dir3572_21786}, takesHeapSnapshot=true, databaseEnabled=false, handlesAlerts=true, version=42.0.2311.90, platform=XP, browserConnectionEnabled=false, nativeEvents=true, acceptSslCerts=true, locationContextEnabled=true, webStorageEnabled=true, browserName=chrome, takesScreenshot=true, javascriptEnabled=true, cssSelectorsEnabled=true}]
Session ID: cf4497c68f35365fdadcd5fcb52a7d8f
*** Element info: {Using=xpath, value=//a[@title=&amp;apos;Women&amp;apos;]}">
      <![CDATA[org.openqa.selenium.NoSuchElementException: no such element
  (Session info: chrome=42.0.2311.90)
  (Driver info: chromedriver=2.14.313457 (3d645c400edf2e2c500566c9aa096063e707c9cf),platform=Windows NT 6.1 SP1 x86_64) (WARNING: The server did not provide any stacktrace information)
Command duration or timeout: 29 milliseconds
For documentation on this error, please visit: http://seleniumhq.org/exceptions/no_such_element.html
Build info: version: '2.45.0', revision: '5017cb8', time: '2015-02-27 00:00:10'
System info: host: 'Kris-PC', ip: '192.168.56.1', os.name: 'Windows 7', os.arch: 'amd64', os.version: '6.1', java.version: '1.8.0_31'
Driver info: org.openqa.selenium.chrome.ChromeDriver
Capabilities [{applicationCacheEnabled=false, rotatable=false, mobileEmulationEnabled=false, chrome={userDataDir=C:\Users\Kris\AppData\Local\Temp\scoped_dir3572_21786}, takesHeapSnapshot=true, databaseEnabled=false, handlesAlerts=true, version=42.0.2311.90, platform=XP, browserConnectionEnabled=false, nativeEvents=true, acceptSslCerts=true, locationContextEnabled=true, webStorageEnabled=true, browserName=chrome, takesScreenshot=true, javascriptEnabled=true, cssSelectorsEnabled=true}]
Session ID: cf4497c68f35365fdadcd5fcb52a7d8f
*** Element info: {Using=xpath, value=//a[@title='Women']}
	at org.openqa.selenium.remote.ErrorHandler.createThrowable(ErrorHandler.java:204)
	at org.openqa.selenium.remote.ErrorHandler.throwIfResponseFailed(ErrorHandler.java:156)
	at org.openqa.selenium.remote.RemoteWebDriver.execute(RemoteWebDriver.java:599)
	at org.openqa.selenium.remote.RemoteWebDriver.findElement(RemoteWebDriver.java:352)
	at org.openqa.selenium.remote.RemoteWebDriver.findElementByXPath(RemoteWebDriver.java:449)
	at org.openqa.selenium.By$ByXPath.findElement(By.java:357)
	at org.openqa.selenium.remote.RemoteWebDriver.findElement(RemoteWebDriver.java:344)
	at PageObjects.HomePage$Header.women(HomePage.java:110)
	at PageObjects.HomePage$Header.women(HomePage.java:125)
	at Tests.ValidateMainPageLinks.test12M(ValidateMainPageLinks.java:155)
... Removed 28 stack frames]]>
    </failure>
  </testcase> <!-- test12M -->
  <testcase name="test13M" time="0.02" classname="Tests.ValidateMainPageLinks">
    <failure type="org.openqa.selenium.NoSuchElementException" message="no such element
  (Session info: chrome=42.0.2311.90)
  (Driver info: chromedriver=2.14.313457 (3d645c400edf2e2c500566c9aa096063e707c9cf),platform=Windows NT 6.1 SP1 x86_64) (WARNING: The server did not provide any stacktrace information)
Command duration or timeout: 10 milliseconds
For documentation on this error, please visit: http://seleniumhq.org/exceptions/no_such_element.html
Build info: version: &amp;apos;2.45.0&amp;apos;, revision: &amp;apos;5017cb8&amp;apos;, time: &amp;apos;2015-02-27 00:00:10&amp;apos;
System info: host: &amp;apos;Kris-PC&amp;apos;, ip: &amp;apos;192.168.56.1&amp;apos;, os.name: &amp;apos;Windows 7&amp;apos;, os.arch: &amp;apos;amd64&amp;apos;, os.version: &amp;apos;6.1&amp;apos;, java.version: &amp;apos;1.8.0_31&amp;apos;
Driver info: org.openqa.selenium.chrome.ChromeDriver
Capabilities [{applicationCacheEnabled=false, rotatable=false, mobileEmulationEnabled=false, chrome={userDataDir=C:\Users\Kris\AppData\Local\Temp\scoped_dir3572_21786}, takesHeapSnapshot=true, databaseEnabled=false, handlesAlerts=true, version=42.0.2311.90, platform=XP, browserConnectionEnabled=false, nativeEvents=true, acceptSslCerts=true, locationContextEnabled=true, webStorageEnabled=true, browserName=chrome, takesScreenshot=true, javascriptEnabled=true, cssSelectorsEnabled=true}]
Session ID: cf4497c68f35365fdadcd5fcb52a7d8f
*** Element info: {Using=xpath, value=//a[@title=&amp;apos;Women&amp;apos;]}">
      <![CDATA[org.openqa.selenium.NoSuchElementException: no such element
  (Session info: chrome=42.0.2311.90)
  (Driver info: chromedriver=2.14.313457 (3d645c400edf2e2c500566c9aa096063e707c9cf),platform=Windows NT 6.1 SP1 x86_64) (WARNING: The server did not provide any stacktrace information)
Command duration or timeout: 10 milliseconds
For documentation on this error, please visit: http://seleniumhq.org/exceptions/no_such_element.html
Build info: version: '2.45.0', revision: '5017cb8', time: '2015-02-27 00:00:10'
System info: host: 'Kris-PC', ip: '192.168.56.1', os.name: 'Windows 7', os.arch: 'amd64', os.version: '6.1', java.version: '1.8.0_31'
Driver info: org.openqa.selenium.chrome.ChromeDriver
Capabilities [{applicationCacheEnabled=false, rotatable=false, mobileEmulationEnabled=false, chrome={userDataDir=C:\Users\Kris\AppData\Local\Temp\scoped_dir3572_21786}, takesHeapSnapshot=true, databaseEnabled=false, handlesAlerts=true, version=42.0.2311.90, platform=XP, browserConnectionEnabled=false, nativeEvents=true, acceptSslCerts=true, locationContextEnabled=true, webStorageEnabled=true, browserName=chrome, takesScreenshot=true, javascriptEnabled=true, cssSelectorsEnabled=true}]
Session ID: cf4497c68f35365fdadcd5fcb52a7d8f
*** Element info: {Using=xpath, value=//a[@title='Women']}
	at org.openqa.selenium.remote.ErrorHandler.createThrowable(ErrorHandler.java:204)
	at org.openqa.selenium.remote.ErrorHandler.throwIfResponseFailed(ErrorHandler.java:156)
	at org.openqa.selenium.remote.RemoteWebDriver.execute(RemoteWebDriver.java:599)
	at org.openqa.selenium.remote.RemoteWebDriver.findElement(RemoteWebDriver.java:352)
	at org.openqa.selenium.remote.RemoteWebDriver.findElementByXPath(RemoteWebDriver.java:449)
	at org.openqa.selenium.By$ByXPath.findElement(By.java:357)
	at org.openqa.selenium.remote.RemoteWebDriver.findElement(RemoteWebDriver.java:344)
	at PageObjects.HomePage$Header.women(HomePage.java:110)
	at PageObjects.HomePage$Header.women(HomePage.java:125)
	at Tests.ValidateMainPageLinks.test13M(ValidateMainPageLinks.java:165)
... Removed 28 stack frames]]>
    </failure>
  </testcase> <!-- test13M -->
  <testcase name="test14M" time="0.02" classname="Tests.ValidateMainPageLinks">
    <failure type="org.openqa.selenium.NoSuchElementException" message="no such element
  (Session info: chrome=42.0.2311.90)
  (Driver info: chromedriver=2.14.313457 (3d645c400edf2e2c500566c9aa096063e707c9cf),platform=Windows NT 6.1 SP1 x86_64) (WARNING: The server did not provide any stacktrace information)
Command duration or timeout: 10 milliseconds
For documentation on this error, please visit: http://seleniumhq.org/exceptions/no_such_element.html
Build info: version: &amp;apos;2.45.0&amp;apos;, revision: &amp;apos;5017cb8&amp;apos;, time: &amp;apos;2015-02-27 00:00:10&amp;apos;
System info: host: &amp;apos;Kris-PC&amp;apos;, ip: &amp;apos;192.168.56.1&amp;apos;, os.name: &amp;apos;Windows 7&amp;apos;, os.arch: &amp;apos;amd64&amp;apos;, os.version: &amp;apos;6.1&amp;apos;, java.version: &amp;apos;1.8.0_31&amp;apos;
Driver info: org.openqa.selenium.chrome.ChromeDriver
Capabilities [{applicationCacheEnabled=false, rotatable=false, mobileEmulationEnabled=false, chrome={userDataDir=C:\Users\Kris\AppData\Local\Temp\scoped_dir3572_21786}, takesHeapSnapshot=true, databaseEnabled=false, handlesAlerts=true, version=42.0.2311.90, platform=XP, browserConnectionEnabled=false, nativeEvents=true, acceptSslCerts=true, locationContextEnabled=true, webStorageEnabled=true, browserName=chrome, takesScreenshot=true, javascriptEnabled=true, cssSelectorsEnabled=true}]
Session ID: cf4497c68f35365fdadcd5fcb52a7d8f
*** Element info: {Using=xpath, value=//a[@title=&amp;apos;Women&amp;apos;]}">
      <![CDATA[org.openqa.selenium.NoSuchElementException: no such element
  (Session info: chrome=42.0.2311.90)
  (Driver info: chromedriver=2.14.313457 (3d645c400edf2e2c500566c9aa096063e707c9cf),platform=Windows NT 6.1 SP1 x86_64) (WARNING: The server did not provide any stacktrace information)
Command duration or timeout: 10 milliseconds
For documentation on this error, please visit: http://seleniumhq.org/exceptions/no_such_element.html
Build info: version: '2.45.0', revision: '5017cb8', time: '2015-02-27 00:00:10'
System info: host: 'Kris-PC', ip: '192.168.56.1', os.name: 'Windows 7', os.arch: 'amd64', os.version: '6.1', java.version: '1.8.0_31'
Driver info: org.openqa.selenium.chrome.ChromeDriver
Capabilities [{applicationCacheEnabled=false, rotatable=false, mobileEmulationEnabled=false, chrome={userDataDir=C:\Users\Kris\AppData\Local\Temp\scoped_dir3572_21786}, takesHeapSnapshot=true, databaseEnabled=false, handlesAlerts=true, version=42.0.2311.90, platform=XP, browserConnectionEnabled=false, nativeEvents=true, acceptSslCerts=true, locationContextEnabled=true, webStorageEnabled=true, browserName=chrome, takesScreenshot=true, javascriptEnabled=true, cssSelectorsEnabled=true}]
Session ID: cf4497c68f35365fdadcd5fcb52a7d8f
*** Element info: {Using=xpath, value=//a[@title='Women']}
	at org.openqa.selenium.remote.ErrorHandler.createThrowable(ErrorHandler.java:204)
	at org.openqa.selenium.remote.ErrorHandler.throwIfResponseFailed(ErrorHandler.java:156)
	at org.openqa.selenium.remote.RemoteWebDriver.execute(RemoteWebDriver.java:599)
	at org.openqa.selenium.remote.RemoteWebDriver.findElement(RemoteWebDriver.java:352)
	at org.openqa.selenium.remote.RemoteWebDriver.findElementByXPath(RemoteWebDriver.java:449)
	at org.openqa.selenium.By$ByXPath.findElement(By.java:357)
	at org.openqa.selenium.remote.RemoteWebDriver.findElement(RemoteWebDriver.java:344)
	at PageObjects.HomePage$Header.women(HomePage.java:110)
	at PageObjects.HomePage$Header.women(HomePage.java:125)
	at Tests.ValidateMainPageLinks.test14M(ValidateMainPageLinks.java:177)
... Removed 28 stack frames]]>
    </failure>
  </testcase> <!-- test14M -->
  <testcase name="test15M" time="0.03" classname="Tests.ValidateMainPageLinks">
    <failure type="org.openqa.selenium.StaleElementReferenceException" message="stale element reference: element is not attached to the page document
  (Session info: chrome=42.0.2311.90)
  (Driver info: chromedriver=2.14.313457 (3d645c400edf2e2c500566c9aa096063e707c9cf),platform=Windows NT 6.1 SP1 x86_64) (WARNING: The server did not provide any stacktrace information)
Command duration or timeout: 10 milliseconds
For documentation on this error, please visit: http://seleniumhq.org/exceptions/stale_element_reference.html
Build info: version: &amp;apos;2.45.0&amp;apos;, revision: &amp;apos;5017cb8&amp;apos;, time: &amp;apos;2015-02-27 00:00:10&amp;apos;
System info: host: &amp;apos;Kris-PC&amp;apos;, ip: &amp;apos;192.168.56.1&amp;apos;, os.name: &amp;apos;Windows 7&amp;apos;, os.arch: &amp;apos;amd64&amp;apos;, os.version: &amp;apos;6.1&amp;apos;, java.version: &amp;apos;1.8.0_31&amp;apos;
Driver info: org.openqa.selenium.chrome.ChromeDriver
Capabilities [{applicationCacheEnabled=false, rotatable=false, mobileEmulationEnabled=false, chrome={userDataDir=C:\Users\Kris\AppData\Local\Temp\scoped_dir3572_21786}, takesHeapSnapshot=true, databaseEnabled=false, handlesAlerts=true, version=42.0.2311.90, platform=XP, browserConnectionEnabled=false, nativeEvents=true, acceptSslCerts=true, locationContextEnabled=true, webStorageEnabled=true, browserName=chrome, takesScreenshot=true, javascriptEnabled=true, cssSelectorsEnabled=true}]
Session ID: cf4497c68f35365fdadcd5fcb52a7d8f">
      <![CDATA[org.openqa.selenium.StaleElementReferenceException: stale element reference: element is not attached to the page document
  (Session info: chrome=42.0.2311.90)
  (Driver info: chromedriver=2.14.313457 (3d645c400edf2e2c500566c9aa096063e707c9cf),platform=Windows NT 6.1 SP1 x86_64) (WARNING: The server did not provide any stacktrace information)
Command duration or timeout: 10 milliseconds
For documentation on this error, please visit: http://seleniumhq.org/exceptions/stale_element_reference.html
Build info: version: '2.45.0', revision: '5017cb8', time: '2015-02-27 00:00:10'
System info: host: 'Kris-PC', ip: '192.168.56.1', os.name: 'Windows 7', os.arch: 'amd64', os.version: '6.1', java.version: '1.8.0_31'
Driver info: org.openqa.selenium.chrome.ChromeDriver
Capabilities [{applicationCacheEnabled=false, rotatable=false, mobileEmulationEnabled=false, chrome={userDataDir=C:\Users\Kris\AppData\Local\Temp\scoped_dir3572_21786}, takesHeapSnapshot=true, databaseEnabled=false, handlesAlerts=true, version=42.0.2311.90, platform=XP, browserConnectionEnabled=false, nativeEvents=true, acceptSslCerts=true, locationContextEnabled=true, webStorageEnabled=true, browserName=chrome, takesScreenshot=true, javascriptEnabled=true, cssSelectorsEnabled=true}]
Session ID: cf4497c68f35365fdadcd5fcb52a7d8f
	at org.openqa.selenium.remote.ErrorHandler.createThrowable(ErrorHandler.java:204)
	at org.openqa.selenium.remote.ErrorHandler.throwIfResponseFailed(ErrorHandler.java:156)
	at org.openqa.selenium.remote.RemoteWebDriver.execute(RemoteWebDriver.java:599)
	at org.openqa.selenium.remote.RemoteWebElement.execute(RemoteWebElement.java:268)
	at org.openqa.selenium.remote.RemoteWebElement.click(RemoteWebElement.java:79)
	at Tests.ValidateMainPageLinks.test15M(ValidateMainPageLinks.java:187)
... Removed 28 stack frames]]>
    </failure>
  </testcase> <!-- test15M -->
  <testcase name="test16M" time="0.03" classname="Tests.ValidateMainPageLinks">
    <failure type="org.openqa.selenium.StaleElementReferenceException" message="stale element reference: element is not attached to the page document
  (Session info: chrome=42.0.2311.90)
  (Driver info: chromedriver=2.14.313457 (3d645c400edf2e2c500566c9aa096063e707c9cf),platform=Windows NT 6.1 SP1 x86_64) (WARNING: The server did not provide any stacktrace information)
Command duration or timeout: 0 milliseconds
For documentation on this error, please visit: http://seleniumhq.org/exceptions/stale_element_reference.html
Build info: version: &amp;apos;2.45.0&amp;apos;, revision: &amp;apos;5017cb8&amp;apos;, time: &amp;apos;2015-02-27 00:00:10&amp;apos;
System info: host: &amp;apos;Kris-PC&amp;apos;, ip: &amp;apos;192.168.56.1&amp;apos;, os.name: &amp;apos;Windows 7&amp;apos;, os.arch: &amp;apos;amd64&amp;apos;, os.version: &amp;apos;6.1&amp;apos;, java.version: &amp;apos;1.8.0_31&amp;apos;
Driver info: org.openqa.selenium.chrome.ChromeDriver
Capabilities [{applicationCacheEnabled=false, rotatable=false, mobileEmulationEnabled=false, chrome={userDataDir=C:\Users\Kris\AppData\Local\Temp\scoped_dir3572_21786}, takesHeapSnapshot=true, databaseEnabled=false, handlesAlerts=true, version=42.0.2311.90, platform=XP, browserConnectionEnabled=false, nativeEvents=true, acceptSslCerts=true, locationContextEnabled=true, webStorageEnabled=true, browserName=chrome, takesScreenshot=true, javascriptEnabled=true, cssSelectorsEnabled=true}]
Session ID: cf4497c68f35365fdadcd5fcb52a7d8f">
      <![CDATA[org.openqa.selenium.StaleElementReferenceException: stale element reference: element is not attached to the page document
  (Session info: chrome=42.0.2311.90)
  (Driver info: chromedriver=2.14.313457 (3d645c400edf2e2c500566c9aa096063e707c9cf),platform=Windows NT 6.1 SP1 x86_64) (WARNING: The server did not provide any stacktrace information)
Command duration or timeout: 0 milliseconds
For documentation on this error, please visit: http://seleniumhq.org/exceptions/stale_element_reference.html
Build info: version: '2.45.0', revision: '5017cb8', time: '2015-02-27 00:00:10'
System info: host: 'Kris-PC', ip: '192.168.56.1', os.name: 'Windows 7', os.arch: 'amd64', os.version: '6.1', java.version: '1.8.0_31'
Driver info: org.openqa.selenium.chrome.ChromeDriver
Capabilities [{applicationCacheEnabled=false, rotatable=false, mobileEmulationEnabled=false, chrome={userDataDir=C:\Users\Kris\AppData\Local\Temp\scoped_dir3572_21786}, takesHeapSnapshot=true, databaseEnabled=false, handlesAlerts=true, version=42.0.2311.90, platform=XP, browserConnectionEnabled=false, nativeEvents=true, acceptSslCerts=true, locationContextEnabled=true, webStorageEnabled=true, browserName=chrome, takesScreenshot=true, javascriptEnabled=true, cssSelectorsEnabled=true}]
Session ID: cf4497c68f35365fdadcd5fcb52a7d8f
	at org.openqa.selenium.remote.ErrorHandler.createThrowable(ErrorHandler.java:204)
	at org.openqa.selenium.remote.ErrorHandler.throwIfResponseFailed(ErrorHandler.java:156)
	at org.openqa.selenium.remote.RemoteWebDriver.execute(RemoteWebDriver.java:599)
	at org.openqa.selenium.remote.RemoteExecuteMethod.execute(RemoteExecuteMethod.java:34)
	at org.openqa.selenium.remote.RemoteMouse.mouseMove(RemoteMouse.java:88)
	at org.openqa.selenium.interactions.MoveMouseAction.perform(MoveMouseAction.java:35)
	at org.openqa.selenium.interactions.CompositeAction.perform(CompositeAction.java:31)
	at PageObjects.HomePage$Header.dresses(HomePage.java:236)
	at Tests.ValidateMainPageLinks.test16M(ValidateMainPageLinks.java:197)
... Removed 28 stack frames]]>
    </failure>
  </testcase> <!-- test16M -->
  <testcase name="test17M" time="0.02" classname="Tests.ValidateMainPageLinks">
    <failure type="org.openqa.selenium.StaleElementReferenceException" message="stale element reference: element is not attached to the page document
  (Session info: chrome=42.0.2311.90)
  (Driver info: chromedriver=2.14.313457 (3d645c400edf2e2c500566c9aa096063e707c9cf),platform=Windows NT 6.1 SP1 x86_64) (WARNING: The server did not provide any stacktrace information)
Command duration or timeout: 10 milliseconds
For documentation on this error, please visit: http://seleniumhq.org/exceptions/stale_element_reference.html
Build info: version: &amp;apos;2.45.0&amp;apos;, revision: &amp;apos;5017cb8&amp;apos;, time: &amp;apos;2015-02-27 00:00:10&amp;apos;
System info: host: &amp;apos;Kris-PC&amp;apos;, ip: &amp;apos;192.168.56.1&amp;apos;, os.name: &amp;apos;Windows 7&amp;apos;, os.arch: &amp;apos;amd64&amp;apos;, os.version: &amp;apos;6.1&amp;apos;, java.version: &amp;apos;1.8.0_31&amp;apos;
Driver info: org.openqa.selenium.chrome.ChromeDriver
Capabilities [{applicationCacheEnabled=false, rotatable=false, mobileEmulationEnabled=false, chrome={userDataDir=C:\Users\Kris\AppData\Local\Temp\scoped_dir3572_21786}, takesHeapSnapshot=true, databaseEnabled=false, handlesAlerts=true, version=42.0.2311.90, platform=XP, browserConnectionEnabled=false, nativeEvents=true, acceptSslCerts=true, locationContextEnabled=true, webStorageEnabled=true, browserName=chrome, takesScreenshot=true, javascriptEnabled=true, cssSelectorsEnabled=true}]
Session ID: cf4497c68f35365fdadcd5fcb52a7d8f">
      <![CDATA[org.openqa.selenium.StaleElementReferenceException: stale element reference: element is not attached to the page document
  (Session info: chrome=42.0.2311.90)
  (Driver info: chromedriver=2.14.313457 (3d645c400edf2e2c500566c9aa096063e707c9cf),platform=Windows NT 6.1 SP1 x86_64) (WARNING: The server did not provide any stacktrace information)
Command duration or timeout: 10 milliseconds
For documentation on this error, please visit: http://seleniumhq.org/exceptions/stale_element_reference.html
Build info: version: '2.45.0', revision: '5017cb8', time: '2015-02-27 00:00:10'
System info: host: 'Kris-PC', ip: '192.168.56.1', os.name: 'Windows 7', os.arch: 'amd64', os.version: '6.1', java.version: '1.8.0_31'
Driver info: org.openqa.selenium.chrome.ChromeDriver
Capabilities [{applicationCacheEnabled=false, rotatable=false, mobileEmulationEnabled=false, chrome={userDataDir=C:\Users\Kris\AppData\Local\Temp\scoped_dir3572_21786}, takesHeapSnapshot=true, databaseEnabled=false, handlesAlerts=true, version=42.0.2311.90, platform=XP, browserConnectionEnabled=false, nativeEvents=true, acceptSslCerts=true, locationContextEnabled=true, webStorageEnabled=true, browserName=chrome, takesScreenshot=true, javascriptEnabled=true, cssSelectorsEnabled=true}]
Session ID: cf4497c68f35365fdadcd5fcb52a7d8f
	at org.openqa.selenium.remote.ErrorHandler.createThrowable(ErrorHandler.java:204)
	at org.openqa.selenium.remote.ErrorHandler.throwIfResponseFailed(ErrorHandler.java:156)
	at org.openqa.selenium.remote.RemoteWebDriver.execute(RemoteWebDriver.java:599)
	at org.openqa.selenium.remote.RemoteExecuteMethod.execute(RemoteExecuteMethod.java:34)
	at org.openqa.selenium.remote.RemoteMouse.mouseMove(RemoteMouse.java:88)
	at org.openqa.selenium.interactions.MoveMouseAction.perform(MoveMouseAction.java:35)
	at org.openqa.selenium.interactions.CompositeAction.perform(CompositeAction.java:31)
	at PageObjects.HomePage$Header.dresses(HomePage.java:236)
	at Tests.ValidateMainPageLinks.test17M(ValidateMainPageLinks.java:207)
... Removed 28 stack frames]]>
    </failure>
  </testcase> <!-- test17M -->
  <testcase name="test18M" time="0.024" classname="Tests.ValidateMainPageLinks">
    <failure type="org.openqa.selenium.StaleElementReferenceException" message="stale element reference: element is not attached to the page document
  (Session info: chrome=42.0.2311.90)
  (Driver info: chromedriver=2.14.313457 (3d645c400edf2e2c500566c9aa096063e707c9cf),platform=Windows NT 6.1 SP1 x86_64) (WARNING: The server did not provide any stacktrace information)
Command duration or timeout: 4 milliseconds
For documentation on this error, please visit: http://seleniumhq.org/exceptions/stale_element_reference.html
Build info: version: &amp;apos;2.45.0&amp;apos;, revision: &amp;apos;5017cb8&amp;apos;, time: &amp;apos;2015-02-27 00:00:10&amp;apos;
System info: host: &amp;apos;Kris-PC&amp;apos;, ip: &amp;apos;192.168.56.1&amp;apos;, os.name: &amp;apos;Windows 7&amp;apos;, os.arch: &amp;apos;amd64&amp;apos;, os.version: &amp;apos;6.1&amp;apos;, java.version: &amp;apos;1.8.0_31&amp;apos;
Driver info: org.openqa.selenium.chrome.ChromeDriver
Capabilities [{applicationCacheEnabled=false, rotatable=false, mobileEmulationEnabled=false, chrome={userDataDir=C:\Users\Kris\AppData\Local\Temp\scoped_dir3572_21786}, takesHeapSnapshot=true, databaseEnabled=false, handlesAlerts=true, version=42.0.2311.90, platform=XP, browserConnectionEnabled=false, nativeEvents=true, acceptSslCerts=true, locationContextEnabled=true, webStorageEnabled=true, browserName=chrome, takesScreenshot=true, javascriptEnabled=true, cssSelectorsEnabled=true}]
Session ID: cf4497c68f35365fdadcd5fcb52a7d8f">
      <![CDATA[org.openqa.selenium.StaleElementReferenceException: stale element reference: element is not attached to the page document
  (Session info: chrome=42.0.2311.90)
  (Driver info: chromedriver=2.14.313457 (3d645c400edf2e2c500566c9aa096063e707c9cf),platform=Windows NT 6.1 SP1 x86_64) (WARNING: The server did not provide any stacktrace information)
Command duration or timeout: 4 milliseconds
For documentation on this error, please visit: http://seleniumhq.org/exceptions/stale_element_reference.html
Build info: version: '2.45.0', revision: '5017cb8', time: '2015-02-27 00:00:10'
System info: host: 'Kris-PC', ip: '192.168.56.1', os.name: 'Windows 7', os.arch: 'amd64', os.version: '6.1', java.version: '1.8.0_31'
Driver info: org.openqa.selenium.chrome.ChromeDriver
Capabilities [{applicationCacheEnabled=false, rotatable=false, mobileEmulationEnabled=false, chrome={userDataDir=C:\Users\Kris\AppData\Local\Temp\scoped_dir3572_21786}, takesHeapSnapshot=true, databaseEnabled=false, handlesAlerts=true, version=42.0.2311.90, platform=XP, browserConnectionEnabled=false, nativeEvents=true, acceptSslCerts=true, locationContextEnabled=true, webStorageEnabled=true, browserName=chrome, takesScreenshot=true, javascriptEnabled=true, cssSelectorsEnabled=true}]
Session ID: cf4497c68f35365fdadcd5fcb52a7d8f
	at org.openqa.selenium.remote.ErrorHandler.createThrowable(ErrorHandler.java:204)
	at org.openqa.selenium.remote.ErrorHandler.throwIfResponseFailed(ErrorHandler.java:156)
	at org.openqa.selenium.remote.RemoteWebDriver.execute(RemoteWebDriver.java:599)
	at org.openqa.selenium.remote.RemoteExecuteMethod.execute(RemoteExecuteMethod.java:34)
	at org.openqa.selenium.remote.RemoteMouse.mouseMove(RemoteMouse.java:88)
	at org.openqa.selenium.interactions.MoveMouseAction.perform(MoveMouseAction.java:35)
	at org.openqa.selenium.interactions.CompositeAction.perform(CompositeAction.java:31)
	at PageObjects.HomePage$Header.dresses(HomePage.java:236)
	at Tests.ValidateMainPageLinks.test18M(ValidateMainPageLinks.java:217)
... Removed 28 stack frames]]>
    </failure>
  </testcase> <!-- test18M -->
  <testcase name="test19M" time="0.036" classname="Tests.ValidateMainPageLinks">
    <failure type="org.openqa.selenium.NoSuchElementException" message="no such element
  (Session info: chrome=42.0.2311.90)
  (Driver info: chromedriver=2.14.313457 (3d645c400edf2e2c500566c9aa096063e707c9cf),platform=Windows NT 6.1 SP1 x86_64) (WARNING: The server did not provide any stacktrace information)
Command duration or timeout: 36 milliseconds
For documentation on this error, please visit: http://seleniumhq.org/exceptions/no_such_element.html
Build info: version: &amp;apos;2.45.0&amp;apos;, revision: &amp;apos;5017cb8&amp;apos;, time: &amp;apos;2015-02-27 00:00:10&amp;apos;
System info: host: &amp;apos;Kris-PC&amp;apos;, ip: &amp;apos;192.168.56.1&amp;apos;, os.name: &amp;apos;Windows 7&amp;apos;, os.arch: &amp;apos;amd64&amp;apos;, os.version: &amp;apos;6.1&amp;apos;, java.version: &amp;apos;1.8.0_31&amp;apos;
Driver info: org.openqa.selenium.chrome.ChromeDriver
Capabilities [{applicationCacheEnabled=false, rotatable=false, mobileEmulationEnabled=false, chrome={userDataDir=C:\Users\Kris\AppData\Local\Temp\scoped_dir3572_21786}, takesHeapSnapshot=true, databaseEnabled=false, handlesAlerts=true, version=42.0.2311.90, platform=XP, browserConnectionEnabled=false, nativeEvents=true, acceptSslCerts=true, locationContextEnabled=true, webStorageEnabled=true, browserName=chrome, takesScreenshot=true, javascriptEnabled=true, cssSelectorsEnabled=true}]
Session ID: cf4497c68f35365fdadcd5fcb52a7d8f
*** Element info: {Using=xpath, value=//*[@id=&amp;apos;block_top_menu&amp;apos;]/ul/li[3]/a}">
      <![CDATA[org.openqa.selenium.NoSuchElementException: no such element
  (Session info: chrome=42.0.2311.90)
  (Driver info: chromedriver=2.14.313457 (3d645c400edf2e2c500566c9aa096063e707c9cf),platform=Windows NT 6.1 SP1 x86_64) (WARNING: The server did not provide any stacktrace information)
Command duration or timeout: 36 milliseconds
For documentation on this error, please visit: http://seleniumhq.org/exceptions/no_such_element.html
Build info: version: '2.45.0', revision: '5017cb8', time: '2015-02-27 00:00:10'
System info: host: 'Kris-PC', ip: '192.168.56.1', os.name: 'Windows 7', os.arch: 'amd64', os.version: '6.1', java.version: '1.8.0_31'
Driver info: org.openqa.selenium.chrome.ChromeDriver
Capabilities [{applicationCacheEnabled=false, rotatable=false, mobileEmulationEnabled=false, chrome={userDataDir=C:\Users\Kris\AppData\Local\Temp\scoped_dir3572_21786}, takesHeapSnapshot=true, databaseEnabled=false, handlesAlerts=true, version=42.0.2311.90, platform=XP, browserConnectionEnabled=false, nativeEvents=true, acceptSslCerts=true, locationContextEnabled=true, webStorageEnabled=true, browserName=chrome, takesScreenshot=true, javascriptEnabled=true, cssSelectorsEnabled=true}]
Session ID: cf4497c68f35365fdadcd5fcb52a7d8f
*** Element info: {Using=xpath, value=//*[@id='block_top_menu']/ul/li[3]/a}
	at org.openqa.selenium.remote.ErrorHandler.createThrowable(ErrorHandler.java:204)
	at org.openqa.selenium.remote.ErrorHandler.throwIfResponseFailed(ErrorHandler.java:156)
	at org.openqa.selenium.remote.RemoteWebDriver.execute(RemoteWebDriver.java:599)
	at org.openqa.selenium.remote.RemoteWebDriver.findElement(RemoteWebDriver.java:352)
	at org.openqa.selenium.remote.RemoteWebDriver.findElementByXPath(RemoteWebDriver.java:449)
	at org.openqa.selenium.By$ByXPath.findElement(By.java:357)
	at org.openqa.selenium.remote.RemoteWebDriver.findElement(RemoteWebDriver.java:344)
	at PageObjects.HomePage$Header.tShirts(HomePage.java:284)
	at Tests.ValidateMainPageLinks.test19M(ValidateMainPageLinks.java:227)
... Removed 28 stack frames]]>
    </failure>
  </testcase> <!-- test19M -->
  <testcase name="test1M" time="0.01" classname="Tests.ValidateMainPageLinks">
    <failure type="java.lang.AssertionError" message="expected [My Store] but found [data:,]">
      <![CDATA[java.lang.AssertionError: expected [My Store] but found [data:,]
	at Tests.ValidateMainPageLinks.test1M(ValidateMainPageLinks.java:49)
... Removed 29 stack frames]]>
    </failure>
  </testcase> <!-- test1M -->
  <testcase name="test1S" time="10.639" classname="Tests.ValidateMainPageLinks">
    <failure type="org.openqa.selenium.TimeoutException" message="Timed out after 10 seconds waiting for Tests.ValidateMainPageLinks$1@231f98ef
Build info: version: &amp;apos;2.45.0&amp;apos;, revision: &amp;apos;5017cb8&amp;apos;, time: &amp;apos;2015-02-27 00:00:10&amp;apos;
System info: host: &amp;apos;Kris-PC&amp;apos;, ip: &amp;apos;192.168.56.1&amp;apos;, os.name: &amp;apos;Windows 7&amp;apos;, os.arch: &amp;apos;amd64&amp;apos;, os.version: &amp;apos;6.1&amp;apos;, java.version: &amp;apos;1.8.0_31&amp;apos;
Driver info: driver.version: unknown">
      <![CDATA[org.openqa.selenium.TimeoutException: Timed out after 10 seconds waiting for Tests.ValidateMainPageLinks$1@231f98ef
Build info: version: '2.45.0', revision: '5017cb8', time: '2015-02-27 00:00:10'
System info: host: 'Kris-PC', ip: '192.168.56.1', os.name: 'Windows 7', os.arch: 'amd64', os.version: '6.1', java.version: '1.8.0_31'
Driver info: driver.version: unknown
	at org.openqa.selenium.support.ui.FluentWait.timeoutException(FluentWait.java:259)
	at org.openqa.selenium.support.ui.FluentWait.until(FluentWait.java:228)
	at org.openqa.selenium.support.ui.FluentWait.until(FluentWait.java:175)
	at Tests.ValidateMainPageLinks.test1S(ValidateMainPageLinks.java:563)
Caused by: org.openqa.selenium.NoSuchElementException: no such element
  (Session info: chrome=42.0.2311.90)
  (Driver info: chromedriver=2.14.313457 (3d645c400edf2e2c500566c9aa096063e707c9cf),platform=Windows NT 6.1 SP1 x86_64) (WARNING: The server did not provide any stacktrace information)
Command duration or timeout: 10 milliseconds
For documentation on this error, please visit: http://seleniumhq.org/exceptions/no_such_element.html
Build info: version: '2.45.0', revision: '5017cb8', time: '2015-02-27 00:00:10'
System info: host: 'Kris-PC', ip: '192.168.56.1', os.name: 'Windows 7', os.arch: 'amd64', os.version: '6.1', java.version: '1.8.0_31'
Driver info: org.openqa.selenium.chrome.ChromeDriver
Capabilities [{applicationCacheEnabled=false, rotatable=false, mobileEmulationEnabled=false, chrome={userDataDir=C:\Users\Kris\AppData\Local\Temp\scoped_dir3572_21786}, takesHeapSnapshot=true, databaseEnabled=false, handlesAlerts=true, version=42.0.2311.90, platform=XP, browserConnectionEnabled=false, nativeEvents=true, acceptSslCerts=true, locationContextEnabled=true, webStorageEnabled=true, browserName=chrome, takesScreenshot=true, javascriptEnabled=true, cssSelectorsEnabled=true}]
Session ID: cf4497c68f35365fdadcd5fcb52a7d8f
*** Element info: {Using=xpath, value=//*[@id='homeslider']/li[2]/a/img}
	at org.openqa.selenium.remote.ErrorHandler.createThrowable(ErrorHandler.java:204)
	at org.openqa.selenium.remote.ErrorHandler.throwIfResponseFailed(ErrorHandler.java:156)
	at org.openqa.selenium.remote.RemoteWebDriver.execute(RemoteWebDriver.java:599)
	at org.openqa.selenium.remote.RemoteWebDriver.findElement(RemoteWebDriver.java:352)
	at org.openqa.selenium.remote.RemoteWebDriver.findElementByXPath(RemoteWebDriver.java:449)
	at org.openqa.selenium.By$ByXPath.findElement(By.java:357)
	at org.openqa.selenium.remote.RemoteWebDriver.findElement(RemoteWebDriver.java:344)
	at Tests.ValidateMainPageLinks$1.apply(ValidateMainPageLinks.java:539)
	at Tests.ValidateMainPageLinks$1.apply(ValidateMainPageLinks.java:1)
	at org.openqa.selenium.support.ui.FluentWait$1.apply(FluentWait.java:177)
	at org.openqa.selenium.support.ui.FluentWait$1.apply(FluentWait.java:1)
	at org.openqa.selenium.support.ui.FluentWait.until(FluentWait.java:208)
	... 26 more
... Removed 27 stack frames]]>
    </failure>
  </testcase> <!-- test1S -->
  <testcase name="test20M" time="0.05" classname="Tests.ValidateMainPageLinks">
    <failure type="org.openqa.selenium.NoSuchElementException" message="no such element
  (Session info: chrome=42.0.2311.90)
  (Driver info: chromedriver=2.14.313457 (3d645c400edf2e2c500566c9aa096063e707c9cf),platform=Windows NT 6.1 SP1 x86_64) (WARNING: The server did not provide any stacktrace information)
Command duration or timeout: 20 milliseconds
For documentation on this error, please visit: http://seleniumhq.org/exceptions/no_such_element.html
Build info: version: &amp;apos;2.45.0&amp;apos;, revision: &amp;apos;5017cb8&amp;apos;, time: &amp;apos;2015-02-27 00:00:10&amp;apos;
System info: host: &amp;apos;Kris-PC&amp;apos;, ip: &amp;apos;192.168.56.1&amp;apos;, os.name: &amp;apos;Windows 7&amp;apos;, os.arch: &amp;apos;amd64&amp;apos;, os.version: &amp;apos;6.1&amp;apos;, java.version: &amp;apos;1.8.0_31&amp;apos;
Driver info: org.openqa.selenium.chrome.ChromeDriver
Capabilities [{applicationCacheEnabled=false, rotatable=false, mobileEmulationEnabled=false, chrome={userDataDir=C:\Users\Kris\AppData\Local\Temp\scoped_dir3572_21786}, takesHeapSnapshot=true, databaseEnabled=false, handlesAlerts=true, version=42.0.2311.90, platform=XP, browserConnectionEnabled=false, nativeEvents=true, acceptSslCerts=true, locationContextEnabled=true, webStorageEnabled=true, browserName=chrome, takesScreenshot=true, javascriptEnabled=true, cssSelectorsEnabled=true}]
Session ID: cf4497c68f35365fdadcd5fcb52a7d8f
*** Element info: {Using=xpath, value=//*[@id=&amp;apos;homeslider&amp;apos;]/li[2]/a | //*[@id=&amp;apos;homeslider&amp;apos;]/li[3]/a | //*[@id=&amp;apos;homeslider&amp;apos;]/li[4]/a}">
      <![CDATA[org.openqa.selenium.NoSuchElementException: no such element
  (Session info: chrome=42.0.2311.90)
  (Driver info: chromedriver=2.14.313457 (3d645c400edf2e2c500566c9aa096063e707c9cf),platform=Windows NT 6.1 SP1 x86_64) (WARNING: The server did not provide any stacktrace information)
Command duration or timeout: 20 milliseconds
For documentation on this error, please visit: http://seleniumhq.org/exceptions/no_such_element.html
Build info: version: '2.45.0', revision: '5017cb8', time: '2015-02-27 00:00:10'
System info: host: 'Kris-PC', ip: '192.168.56.1', os.name: 'Windows 7', os.arch: 'amd64', os.version: '6.1', java.version: '1.8.0_31'
Driver info: org.openqa.selenium.chrome.ChromeDriver
Capabilities [{applicationCacheEnabled=false, rotatable=false, mobileEmulationEnabled=false, chrome={userDataDir=C:\Users\Kris\AppData\Local\Temp\scoped_dir3572_21786}, takesHeapSnapshot=true, databaseEnabled=false, handlesAlerts=true, version=42.0.2311.90, platform=XP, browserConnectionEnabled=false, nativeEvents=true, acceptSslCerts=true, locationContextEnabled=true, webStorageEnabled=true, browserName=chrome, takesScreenshot=true, javascriptEnabled=true, cssSelectorsEnabled=true}]
Session ID: cf4497c68f35365fdadcd5fcb52a7d8f
*** Element info: {Using=xpath, value=//*[@id='homeslider']/li[2]/a | //*[@id='homeslider']/li[3]/a | //*[@id='homeslider']/li[4]/a}
	at org.openqa.selenium.remote.ErrorHandler.createThrowable(ErrorHandler.java:204)
	at org.openqa.selenium.remote.ErrorHandler.throwIfResponseFailed(ErrorHandler.java:156)
	at org.openqa.selenium.remote.RemoteWebDriver.execute(RemoteWebDriver.java:599)
	at org.openqa.selenium.remote.RemoteWebDriver.findElement(RemoteWebDriver.java:352)
	at org.openqa.selenium.remote.RemoteWebDriver.findElementByXPath(RemoteWebDriver.java:449)
	at org.openqa.selenium.By$ByXPath.findElement(By.java:357)
	at org.openqa.selenium.remote.RemoteWebDriver.findElement(RemoteWebDriver.java:344)
	at PageObjects.HomePage$ContainerTop.slider(HomePage.java:326)
	at Tests.ValidateMainPageLinks.test20M(ValidateMainPageLinks.java:236)
... Removed 27 stack frames]]>
    </failure>
  </testcase> <!-- test20M -->
  <testcase name="test21M" time="0.03" classname="Tests.ValidateMainPageLinks">
    <failure type="org.openqa.selenium.NoSuchElementException" message="no such element
  (Session info: chrome=42.0.2311.90)
  (Driver info: chromedriver=2.14.313457 (3d645c400edf2e2c500566c9aa096063e707c9cf),platform=Windows NT 6.1 SP1 x86_64) (WARNING: The server did not provide any stacktrace information)
Command duration or timeout: 30 milliseconds
For documentation on this error, please visit: http://seleniumhq.org/exceptions/no_such_element.html
Build info: version: &amp;apos;2.45.0&amp;apos;, revision: &amp;apos;5017cb8&amp;apos;, time: &amp;apos;2015-02-27 00:00:10&amp;apos;
System info: host: &amp;apos;Kris-PC&amp;apos;, ip: &amp;apos;192.168.56.1&amp;apos;, os.name: &amp;apos;Windows 7&amp;apos;, os.arch: &amp;apos;amd64&amp;apos;, os.version: &amp;apos;6.1&amp;apos;, java.version: &amp;apos;1.8.0_31&amp;apos;
Driver info: org.openqa.selenium.chrome.ChromeDriver
Capabilities [{applicationCacheEnabled=false, rotatable=false, mobileEmulationEnabled=false, chrome={userDataDir=C:\Users\Kris\AppData\Local\Temp\scoped_dir3572_21786}, takesHeapSnapshot=true, databaseEnabled=false, handlesAlerts=true, version=42.0.2311.90, platform=XP, browserConnectionEnabled=false, nativeEvents=true, acceptSslCerts=true, locationContextEnabled=true, webStorageEnabled=true, browserName=chrome, takesScreenshot=true, javascriptEnabled=true, cssSelectorsEnabled=true}]
Session ID: cf4497c68f35365fdadcd5fcb52a7d8f
*** Element info: {Using=xpath, value=//*[@id=&amp;apos;htmlcontent_top&amp;apos;]/ul/li[1]/a}">
      <![CDATA[org.openqa.selenium.NoSuchElementException: no such element
  (Session info: chrome=42.0.2311.90)
  (Driver info: chromedriver=2.14.313457 (3d645c400edf2e2c500566c9aa096063e707c9cf),platform=Windows NT 6.1 SP1 x86_64) (WARNING: The server did not provide any stacktrace information)
Command duration or timeout: 30 milliseconds
For documentation on this error, please visit: http://seleniumhq.org/exceptions/no_such_element.html
Build info: version: '2.45.0', revision: '5017cb8', time: '2015-02-27 00:00:10'
System info: host: 'Kris-PC', ip: '192.168.56.1', os.name: 'Windows 7', os.arch: 'amd64', os.version: '6.1', java.version: '1.8.0_31'
Driver info: org.openqa.selenium.chrome.ChromeDriver
Capabilities [{applicationCacheEnabled=false, rotatable=false, mobileEmulationEnabled=false, chrome={userDataDir=C:\Users\Kris\AppData\Local\Temp\scoped_dir3572_21786}, takesHeapSnapshot=true, databaseEnabled=false, handlesAlerts=true, version=42.0.2311.90, platform=XP, browserConnectionEnabled=false, nativeEvents=true, acceptSslCerts=true, locationContextEnabled=true, webStorageEnabled=true, browserName=chrome, takesScreenshot=true, javascriptEnabled=true, cssSelectorsEnabled=true}]
Session ID: cf4497c68f35365fdadcd5fcb52a7d8f
*** Element info: {Using=xpath, value=//*[@id='htmlcontent_top']/ul/li[1]/a}
	at org.openqa.selenium.remote.ErrorHandler.createThrowable(ErrorHandler.java:204)
	at org.openqa.selenium.remote.ErrorHandler.throwIfResponseFailed(ErrorHandler.java:156)
	at org.openqa.selenium.remote.RemoteWebDriver.execute(RemoteWebDriver.java:599)
	at org.openqa.selenium.remote.RemoteWebDriver.findElement(RemoteWebDriver.java:352)
	at org.openqa.selenium.remote.RemoteWebDriver.findElementByXPath(RemoteWebDriver.java:449)
	at org.openqa.selenium.By$ByXPath.findElement(By.java:357)
	at org.openqa.selenium.remote.RemoteWebDriver.findElement(RemoteWebDriver.java:344)
	at PageObjects.HomePage$ContainerTop.contentTop(HomePage.java:373)
	at Tests.ValidateMainPageLinks.test21M(ValidateMainPageLinks.java:245)
... Removed 27 stack frames]]>
    </failure>
  </testcase> <!-- test21M -->
  <testcase name="test22M" time="0.032" classname="Tests.ValidateMainPageLinks">
    <failure type="org.openqa.selenium.NoSuchElementException" message="no such element
  (Session info: chrome=42.0.2311.90)
  (Driver info: chromedriver=2.14.313457 (3d645c400edf2e2c500566c9aa096063e707c9cf),platform=Windows NT 6.1 SP1 x86_64) (WARNING: The server did not provide any stacktrace information)
Command duration or timeout: 21 milliseconds
For documentation on this error, please visit: http://seleniumhq.org/exceptions/no_such_element.html
Build info: version: &amp;apos;2.45.0&amp;apos;, revision: &amp;apos;5017cb8&amp;apos;, time: &amp;apos;2015-02-27 00:00:10&amp;apos;
System info: host: &amp;apos;Kris-PC&amp;apos;, ip: &amp;apos;192.168.56.1&amp;apos;, os.name: &amp;apos;Windows 7&amp;apos;, os.arch: &amp;apos;amd64&amp;apos;, os.version: &amp;apos;6.1&amp;apos;, java.version: &amp;apos;1.8.0_31&amp;apos;
Driver info: org.openqa.selenium.chrome.ChromeDriver
Capabilities [{applicationCacheEnabled=false, rotatable=false, mobileEmulationEnabled=false, chrome={userDataDir=C:\Users\Kris\AppData\Local\Temp\scoped_dir3572_21786}, takesHeapSnapshot=true, databaseEnabled=false, handlesAlerts=true, version=42.0.2311.90, platform=XP, browserConnectionEnabled=false, nativeEvents=true, acceptSslCerts=true, locationContextEnabled=true, webStorageEnabled=true, browserName=chrome, takesScreenshot=true, javascriptEnabled=true, cssSelectorsEnabled=true}]
Session ID: cf4497c68f35365fdadcd5fcb52a7d8f
*** Element info: {Using=xpath, value=//*[@id=&amp;apos;htmlcontent_top&amp;apos;]/ul/li[2]/a}">
      <![CDATA[org.openqa.selenium.NoSuchElementException: no such element
  (Session info: chrome=42.0.2311.90)
  (Driver info: chromedriver=2.14.313457 (3d645c400edf2e2c500566c9aa096063e707c9cf),platform=Windows NT 6.1 SP1 x86_64) (WARNING: The server did not provide any stacktrace information)
Command duration or timeout: 21 milliseconds
For documentation on this error, please visit: http://seleniumhq.org/exceptions/no_such_element.html
Build info: version: '2.45.0', revision: '5017cb8', time: '2015-02-27 00:00:10'
System info: host: 'Kris-PC', ip: '192.168.56.1', os.name: 'Windows 7', os.arch: 'amd64', os.version: '6.1', java.version: '1.8.0_31'
Driver info: org.openqa.selenium.chrome.ChromeDriver
Capabilities [{applicationCacheEnabled=false, rotatable=false, mobileEmulationEnabled=false, chrome={userDataDir=C:\Users\Kris\AppData\Local\Temp\scoped_dir3572_21786}, takesHeapSnapshot=true, databaseEnabled=false, handlesAlerts=true, version=42.0.2311.90, platform=XP, browserConnectionEnabled=false, nativeEvents=true, acceptSslCerts=true, locationContextEnabled=true, webStorageEnabled=true, browserName=chrome, takesScreenshot=true, javascriptEnabled=true, cssSelectorsEnabled=true}]
Session ID: cf4497c68f35365fdadcd5fcb52a7d8f
*** Element info: {Using=xpath, value=//*[@id='htmlcontent_top']/ul/li[2]/a}
	at org.openqa.selenium.remote.ErrorHandler.createThrowable(ErrorHandler.java:204)
	at org.openqa.selenium.remote.ErrorHandler.throwIfResponseFailed(ErrorHandler.java:156)
	at org.openqa.selenium.remote.RemoteWebDriver.execute(RemoteWebDriver.java:599)
	at org.openqa.selenium.remote.RemoteWebDriver.findElement(RemoteWebDriver.java:352)
	at org.openqa.selenium.remote.RemoteWebDriver.findElementByXPath(RemoteWebDriver.java:449)
	at org.openqa.selenium.By$ByXPath.findElement(By.java:357)
	at org.openqa.selenium.remote.RemoteWebDriver.findElement(RemoteWebDriver.java:344)
	at PageObjects.HomePage$ContainerTop.contentButton(HomePage.java:385)
	at Tests.ValidateMainPageLinks.test22M(ValidateMainPageLinks.java:255)
... Removed 27 stack frames]]>
    </failure>
  </testcase> <!-- test22M -->
  <testcase name="test23M" time="0.03" classname="Tests.ValidateMainPageLinks"/>
  <testcase name="test24M" time="0.027" classname="Tests.ValidateMainPageLinks">
    <failure type="org.openqa.selenium.NoSuchElementException" message="no such element
  (Session info: chrome=42.0.2311.90)
  (Driver info: chromedriver=2.14.313457 (3d645c400edf2e2c500566c9aa096063e707c9cf),platform=Windows NT 6.1 SP1 x86_64) (WARNING: The server did not provide any stacktrace information)
Command duration or timeout: 26 milliseconds
For documentation on this error, please visit: http://seleniumhq.org/exceptions/no_such_element.html
Build info: version: &amp;apos;2.45.0&amp;apos;, revision: &amp;apos;5017cb8&amp;apos;, time: &amp;apos;2015-02-27 00:00:10&amp;apos;
System info: host: &amp;apos;Kris-PC&amp;apos;, ip: &amp;apos;192.168.56.1&amp;apos;, os.name: &amp;apos;Windows 7&amp;apos;, os.arch: &amp;apos;amd64&amp;apos;, os.version: &amp;apos;6.1&amp;apos;, java.version: &amp;apos;1.8.0_31&amp;apos;
Driver info: org.openqa.selenium.chrome.ChromeDriver
Capabilities [{applicationCacheEnabled=false, rotatable=false, mobileEmulationEnabled=false, chrome={userDataDir=C:\Users\Kris\AppData\Local\Temp\scoped_dir3572_21786}, takesHeapSnapshot=true, databaseEnabled=false, handlesAlerts=true, version=42.0.2311.90, platform=XP, browserConnectionEnabled=false, nativeEvents=true, acceptSslCerts=true, locationContextEnabled=true, webStorageEnabled=true, browserName=chrome, takesScreenshot=true, javascriptEnabled=true, cssSelectorsEnabled=true}]
Session ID: cf4497c68f35365fdadcd5fcb52a7d8f
*** Element info: {Using=xpath, value=//*[@id=&amp;apos;home-page-tabs&amp;apos;]/li[2]/a}">
      <![CDATA[org.openqa.selenium.NoSuchElementException: no such element
  (Session info: chrome=42.0.2311.90)
  (Driver info: chromedriver=2.14.313457 (3d645c400edf2e2c500566c9aa096063e707c9cf),platform=Windows NT 6.1 SP1 x86_64) (WARNING: The server did not provide any stacktrace information)
Command duration or timeout: 26 milliseconds
For documentation on this error, please visit: http://seleniumhq.org/exceptions/no_such_element.html
Build info: version: '2.45.0', revision: '5017cb8', time: '2015-02-27 00:00:10'
System info: host: 'Kris-PC', ip: '192.168.56.1', os.name: 'Windows 7', os.arch: 'amd64', os.version: '6.1', java.version: '1.8.0_31'
Driver info: org.openqa.selenium.chrome.ChromeDriver
Capabilities [{applicationCacheEnabled=false, rotatable=false, mobileEmulationEnabled=false, chrome={userDataDir=C:\Users\Kris\AppData\Local\Temp\scoped_dir3572_21786}, takesHeapSnapshot=true, databaseEnabled=false, handlesAlerts=true, version=42.0.2311.90, platform=XP, browserConnectionEnabled=false, nativeEvents=true, acceptSslCerts=true, locationContextEnabled=true, webStorageEnabled=true, browserName=chrome, takesScreenshot=true, javascriptEnabled=true, cssSelectorsEnabled=true}]
Session ID: cf4497c68f35365fdadcd5fcb52a7d8f
*** Element info: {Using=xpath, value=//*[@id='home-page-tabs']/li[2]/a}
	at org.openqa.selenium.remote.ErrorHandler.createThrowable(ErrorHandler.java:204)
	at org.openqa.selenium.remote.ErrorHandler.throwIfResponseFailed(ErrorHandler.java:156)
	at org.openqa.selenium.remote.RemoteWebDriver.execute(RemoteWebDriver.java:599)
	at org.openqa.selenium.remote.RemoteWebDriver.findElement(RemoteWebDriver.java:352)
	at org.openqa.selenium.remote.RemoteWebDriver.findElementByXPath(RemoteWebDriver.java:449)
	at org.openqa.selenium.By$ByXPath.findElement(By.java:357)
	at org.openqa.selenium.remote.RemoteWebDriver.findElement(RemoteWebDriver.java:344)
	at PageObjects.HomePage$ContainerTop.tabBestSellers(HomePage.java:409)
	at Tests.ValidateMainPageLinks.test24M(ValidateMainPageLinks.java:274)
... Removed 27 stack frames]]>
    </failure>
  </testcase> <!-- test24M -->
  <testcase name="test25M" time="0.04" classname="Tests.ValidateMainPageLinks">
    <failure type="org.openqa.selenium.NoSuchElementException" message="no such element
  (Session info: chrome=42.0.2311.90)
  (Driver info: chromedriver=2.14.313457 (3d645c400edf2e2c500566c9aa096063e707c9cf),platform=Windows NT 6.1 SP1 x86_64) (WARNING: The server did not provide any stacktrace information)
Command duration or timeout: 20 milliseconds
For documentation on this error, please visit: http://seleniumhq.org/exceptions/no_such_element.html
Build info: version: &amp;apos;2.45.0&amp;apos;, revision: &amp;apos;5017cb8&amp;apos;, time: &amp;apos;2015-02-27 00:00:10&amp;apos;
System info: host: &amp;apos;Kris-PC&amp;apos;, ip: &amp;apos;192.168.56.1&amp;apos;, os.name: &amp;apos;Windows 7&amp;apos;, os.arch: &amp;apos;amd64&amp;apos;, os.version: &amp;apos;6.1&amp;apos;, java.version: &amp;apos;1.8.0_31&amp;apos;
Driver info: org.openqa.selenium.chrome.ChromeDriver
Capabilities [{applicationCacheEnabled=false, rotatable=false, mobileEmulationEnabled=false, chrome={userDataDir=C:\Users\Kris\AppData\Local\Temp\scoped_dir3572_21786}, takesHeapSnapshot=true, databaseEnabled=false, handlesAlerts=true, version=42.0.2311.90, platform=XP, browserConnectionEnabled=false, nativeEvents=true, acceptSslCerts=true, locationContextEnabled=true, webStorageEnabled=true, browserName=chrome, takesScreenshot=true, javascriptEnabled=true, cssSelectorsEnabled=true}]
Session ID: cf4497c68f35365fdadcd5fcb52a7d8f
*** Element info: {Using=xpath, value=//*[@id=&amp;apos;htmlcontent_home&amp;apos;]/ul/li[1]/a/img}">
      <![CDATA[org.openqa.selenium.NoSuchElementException: no such element
  (Session info: chrome=42.0.2311.90)
  (Driver info: chromedriver=2.14.313457 (3d645c400edf2e2c500566c9aa096063e707c9cf),platform=Windows NT 6.1 SP1 x86_64) (WARNING: The server did not provide any stacktrace information)
Command duration or timeout: 20 milliseconds
For documentation on this error, please visit: http://seleniumhq.org/exceptions/no_such_element.html
Build info: version: '2.45.0', revision: '5017cb8', time: '2015-02-27 00:00:10'
System info: host: 'Kris-PC', ip: '192.168.56.1', os.name: 'Windows 7', os.arch: 'amd64', os.version: '6.1', java.version: '1.8.0_31'
Driver info: org.openqa.selenium.chrome.ChromeDriver
Capabilities [{applicationCacheEnabled=false, rotatable=false, mobileEmulationEnabled=false, chrome={userDataDir=C:\Users\Kris\AppData\Local\Temp\scoped_dir3572_21786}, takesHeapSnapshot=true, databaseEnabled=false, handlesAlerts=true, version=42.0.2311.90, platform=XP, browserConnectionEnabled=false, nativeEvents=true, acceptSslCerts=true, locationContextEnabled=true, webStorageEnabled=true, browserName=chrome, takesScreenshot=true, javascriptEnabled=true, cssSelectorsEnabled=true}]
Session ID: cf4497c68f35365fdadcd5fcb52a7d8f
*** Element info: {Using=xpath, value=//*[@id='htmlcontent_home']/ul/li[1]/a/img}
	at org.openqa.selenium.remote.ErrorHandler.createThrowable(ErrorHandler.java:204)
	at org.openqa.selenium.remote.ErrorHandler.throwIfResponseFailed(ErrorHandler.java:156)
	at org.openqa.selenium.remote.RemoteWebDriver.execute(RemoteWebDriver.java:599)
	at org.openqa.selenium.remote.RemoteWebDriver.findElement(RemoteWebDriver.java:352)
	at org.openqa.selenium.remote.RemoteWebDriver.findElementByXPath(RemoteWebDriver.java:449)
	at org.openqa.selenium.By$ByXPath.findElement(By.java:357)
	at org.openqa.selenium.remote.RemoteWebDriver.findElement(RemoteWebDriver.java:344)
	at PageObjects.HomePage$ContainerButton.Cont1(HomePage.java:890)
	at Tests.ValidateMainPageLinks.test25M(ValidateMainPageLinks.java:282)
... Removed 27 stack frames]]>
    </failure>
  </testcase> <!-- test25M -->
  <testcase name="test26M" time="0.04" classname="Tests.ValidateMainPageLinks">
    <failure type="org.openqa.selenium.NoSuchElementException" message="no such element
  (Session info: chrome=42.0.2311.90)
  (Driver info: chromedriver=2.14.313457 (3d645c400edf2e2c500566c9aa096063e707c9cf),platform=Windows NT 6.1 SP1 x86_64) (WARNING: The server did not provide any stacktrace information)
Command duration or timeout: 40 milliseconds
For documentation on this error, please visit: http://seleniumhq.org/exceptions/no_such_element.html
Build info: version: &amp;apos;2.45.0&amp;apos;, revision: &amp;apos;5017cb8&amp;apos;, time: &amp;apos;2015-02-27 00:00:10&amp;apos;
System info: host: &amp;apos;Kris-PC&amp;apos;, ip: &amp;apos;192.168.56.1&amp;apos;, os.name: &amp;apos;Windows 7&amp;apos;, os.arch: &amp;apos;amd64&amp;apos;, os.version: &amp;apos;6.1&amp;apos;, java.version: &amp;apos;1.8.0_31&amp;apos;
Driver info: org.openqa.selenium.chrome.ChromeDriver
Capabilities [{applicationCacheEnabled=false, rotatable=false, mobileEmulationEnabled=false, chrome={userDataDir=C:\Users\Kris\AppData\Local\Temp\scoped_dir3572_21786}, takesHeapSnapshot=true, databaseEnabled=false, handlesAlerts=true, version=42.0.2311.90, platform=XP, browserConnectionEnabled=false, nativeEvents=true, acceptSslCerts=true, locationContextEnabled=true, webStorageEnabled=true, browserName=chrome, takesScreenshot=true, javascriptEnabled=true, cssSelectorsEnabled=true}]
Session ID: cf4497c68f35365fdadcd5fcb52a7d8f
*** Element info: {Using=xpath, value=//*[@id=&amp;apos;htmlcontent_home&amp;apos;]/ul/li[2]/a/img}">
      <![CDATA[org.openqa.selenium.NoSuchElementException: no such element
  (Session info: chrome=42.0.2311.90)
  (Driver info: chromedriver=2.14.313457 (3d645c400edf2e2c500566c9aa096063e707c9cf),platform=Windows NT 6.1 SP1 x86_64) (WARNING: The server did not provide any stacktrace information)
Command duration or timeout: 40 milliseconds
For documentation on this error, please visit: http://seleniumhq.org/exceptions/no_such_element.html
Build info: version: '2.45.0', revision: '5017cb8', time: '2015-02-27 00:00:10'
System info: host: 'Kris-PC', ip: '192.168.56.1', os.name: 'Windows 7', os.arch: 'amd64', os.version: '6.1', java.version: '1.8.0_31'
Driver info: org.openqa.selenium.chrome.ChromeDriver
Capabilities [{applicationCacheEnabled=false, rotatable=false, mobileEmulationEnabled=false, chrome={userDataDir=C:\Users\Kris\AppData\Local\Temp\scoped_dir3572_21786}, takesHeapSnapshot=true, databaseEnabled=false, handlesAlerts=true, version=42.0.2311.90, platform=XP, browserConnectionEnabled=false, nativeEvents=true, acceptSslCerts=true, locationContextEnabled=true, webStorageEnabled=true, browserName=chrome, takesScreenshot=true, javascriptEnabled=true, cssSelectorsEnabled=true}]
Session ID: cf4497c68f35365fdadcd5fcb52a7d8f
*** Element info: {Using=xpath, value=//*[@id='htmlcontent_home']/ul/li[2]/a/img}
	at org.openqa.selenium.remote.ErrorHandler.createThrowable(ErrorHandler.java:204)
	at org.openqa.selenium.remote.ErrorHandler.throwIfResponseFailed(ErrorHandler.java:156)
	at org.openqa.selenium.remote.RemoteWebDriver.execute(RemoteWebDriver.java:599)
	at org.openqa.selenium.remote.RemoteWebDriver.findElement(RemoteWebDriver.java:352)
	at org.openqa.selenium.remote.RemoteWebDriver.findElementByXPath(RemoteWebDriver.java:449)
	at org.openqa.selenium.By$ByXPath.findElement(By.java:357)
	at org.openqa.selenium.remote.RemoteWebDriver.findElement(RemoteWebDriver.java:344)
	at PageObjects.HomePage$ContainerButton.Cont2(HomePage.java:903)
	at Tests.ValidateMainPageLinks.test26M(ValidateMainPageLinks.java:291)
... Removed 27 stack frames]]>
    </failure>
  </testcase> <!-- test26M -->
  <testcase name="test27M" time="0.029" classname="Tests.ValidateMainPageLinks">
    <failure type="org.openqa.selenium.NoSuchElementException" message="no such element
  (Session info: chrome=42.0.2311.90)
  (Driver info: chromedriver=2.14.313457 (3d645c400edf2e2c500566c9aa096063e707c9cf),platform=Windows NT 6.1 SP1 x86_64) (WARNING: The server did not provide any stacktrace information)
Command duration or timeout: 29 milliseconds
For documentation on this error, please visit: http://seleniumhq.org/exceptions/no_such_element.html
Build info: version: &amp;apos;2.45.0&amp;apos;, revision: &amp;apos;5017cb8&amp;apos;, time: &amp;apos;2015-02-27 00:00:10&amp;apos;
System info: host: &amp;apos;Kris-PC&amp;apos;, ip: &amp;apos;192.168.56.1&amp;apos;, os.name: &amp;apos;Windows 7&amp;apos;, os.arch: &amp;apos;amd64&amp;apos;, os.version: &amp;apos;6.1&amp;apos;, java.version: &amp;apos;1.8.0_31&amp;apos;
Driver info: org.openqa.selenium.chrome.ChromeDriver
Capabilities [{applicationCacheEnabled=false, rotatable=false, mobileEmulationEnabled=false, chrome={userDataDir=C:\Users\Kris\AppData\Local\Temp\scoped_dir3572_21786}, takesHeapSnapshot=true, databaseEnabled=false, handlesAlerts=true, version=42.0.2311.90, platform=XP, browserConnectionEnabled=false, nativeEvents=true, acceptSslCerts=true, locationContextEnabled=true, webStorageEnabled=true, browserName=chrome, takesScreenshot=true, javascriptEnabled=true, cssSelectorsEnabled=true}]
Session ID: cf4497c68f35365fdadcd5fcb52a7d8f
*** Element info: {Using=xpath, value=//*[@id=&amp;apos;htmlcontent_home&amp;apos;]/ul/li[3]/a/img}">
      <![CDATA[org.openqa.selenium.NoSuchElementException: no such element
  (Session info: chrome=42.0.2311.90)
  (Driver info: chromedriver=2.14.313457 (3d645c400edf2e2c500566c9aa096063e707c9cf),platform=Windows NT 6.1 SP1 x86_64) (WARNING: The server did not provide any stacktrace information)
Command duration or timeout: 29 milliseconds
For documentation on this error, please visit: http://seleniumhq.org/exceptions/no_such_element.html
Build info: version: '2.45.0', revision: '5017cb8', time: '2015-02-27 00:00:10'
System info: host: 'Kris-PC', ip: '192.168.56.1', os.name: 'Windows 7', os.arch: 'amd64', os.version: '6.1', java.version: '1.8.0_31'
Driver info: org.openqa.selenium.chrome.ChromeDriver
Capabilities [{applicationCacheEnabled=false, rotatable=false, mobileEmulationEnabled=false, chrome={userDataDir=C:\Users\Kris\AppData\Local\Temp\scoped_dir3572_21786}, takesHeapSnapshot=true, databaseEnabled=false, handlesAlerts=true, version=42.0.2311.90, platform=XP, browserConnectionEnabled=false, nativeEvents=true, acceptSslCerts=true, locationContextEnabled=true, webStorageEnabled=true, browserName=chrome, takesScreenshot=true, javascriptEnabled=true, cssSelectorsEnabled=true}]
Session ID: cf4497c68f35365fdadcd5fcb52a7d8f
*** Element info: {Using=xpath, value=//*[@id='htmlcontent_home']/ul/li[3]/a/img}
	at org.openqa.selenium.remote.ErrorHandler.createThrowable(ErrorHandler.java:204)
	at org.openqa.selenium.remote.ErrorHandler.throwIfResponseFailed(ErrorHandler.java:156)
	at org.openqa.selenium.remote.RemoteWebDriver.execute(RemoteWebDriver.java:599)
	at org.openqa.selenium.remote.RemoteWebDriver.findElement(RemoteWebDriver.java:352)
	at org.openqa.selenium.remote.RemoteWebDriver.findElementByXPath(RemoteWebDriver.java:449)
	at org.openqa.selenium.By$ByXPath.findElement(By.java:357)
	at org.openqa.selenium.remote.RemoteWebDriver.findElement(RemoteWebDriver.java:344)
	at PageObjects.HomePage$ContainerButton.Cont3(HomePage.java:915)
	at Tests.ValidateMainPageLinks.test27M(ValidateMainPageLinks.java:300)
... Removed 27 stack frames]]>
    </failure>
  </testcase> <!-- test27M -->
  <testcase name="test28M" time="0.03" classname="Tests.ValidateMainPageLinks">
    <failure type="org.openqa.selenium.NoSuchElementException" message="no such element
  (Session info: chrome=42.0.2311.90)
  (Driver info: chromedriver=2.14.313457 (3d645c400edf2e2c500566c9aa096063e707c9cf),platform=Windows NT 6.1 SP1 x86_64) (WARNING: The server did not provide any stacktrace information)
Command duration or timeout: 30 milliseconds
For documentation on this error, please visit: http://seleniumhq.org/exceptions/no_such_element.html
Build info: version: &amp;apos;2.45.0&amp;apos;, revision: &amp;apos;5017cb8&amp;apos;, time: &amp;apos;2015-02-27 00:00:10&amp;apos;
System info: host: &amp;apos;Kris-PC&amp;apos;, ip: &amp;apos;192.168.56.1&amp;apos;, os.name: &amp;apos;Windows 7&amp;apos;, os.arch: &amp;apos;amd64&amp;apos;, os.version: &amp;apos;6.1&amp;apos;, java.version: &amp;apos;1.8.0_31&amp;apos;
Driver info: org.openqa.selenium.chrome.ChromeDriver
Capabilities [{applicationCacheEnabled=false, rotatable=false, mobileEmulationEnabled=false, chrome={userDataDir=C:\Users\Kris\AppData\Local\Temp\scoped_dir3572_21786}, takesHeapSnapshot=true, databaseEnabled=false, handlesAlerts=true, version=42.0.2311.90, platform=XP, browserConnectionEnabled=false, nativeEvents=true, acceptSslCerts=true, locationContextEnabled=true, webStorageEnabled=true, browserName=chrome, takesScreenshot=true, javascriptEnabled=true, cssSelectorsEnabled=true}]
Session ID: cf4497c68f35365fdadcd5fcb52a7d8f
*** Element info: {Using=xpath, value=//*[@id=&amp;apos;htmlcontent_home&amp;apos;]/ul/li[5]/a/img}">
      <![CDATA[org.openqa.selenium.NoSuchElementException: no such element
  (Session info: chrome=42.0.2311.90)
  (Driver info: chromedriver=2.14.313457 (3d645c400edf2e2c500566c9aa096063e707c9cf),platform=Windows NT 6.1 SP1 x86_64) (WARNING: The server did not provide any stacktrace information)
Command duration or timeout: 30 milliseconds
For documentation on this error, please visit: http://seleniumhq.org/exceptions/no_such_element.html
Build info: version: '2.45.0', revision: '5017cb8', time: '2015-02-27 00:00:10'
System info: host: 'Kris-PC', ip: '192.168.56.1', os.name: 'Windows 7', os.arch: 'amd64', os.version: '6.1', java.version: '1.8.0_31'
Driver info: org.openqa.selenium.chrome.ChromeDriver
Capabilities [{applicationCacheEnabled=false, rotatable=false, mobileEmulationEnabled=false, chrome={userDataDir=C:\Users\Kris\AppData\Local\Temp\scoped_dir3572_21786}, takesHeapSnapshot=true, databaseEnabled=false, handlesAlerts=true, version=42.0.2311.90, platform=XP, browserConnectionEnabled=false, nativeEvents=true, acceptSslCerts=true, locationContextEnabled=true, webStorageEnabled=true, browserName=chrome, takesScreenshot=true, javascriptEnabled=true, cssSelectorsEnabled=true}]
Session ID: cf4497c68f35365fdadcd5fcb52a7d8f
*** Element info: {Using=xpath, value=//*[@id='htmlcontent_home']/ul/li[5]/a/img}
	at org.openqa.selenium.remote.ErrorHandler.createThrowable(ErrorHandler.java:204)
	at org.openqa.selenium.remote.ErrorHandler.throwIfResponseFailed(ErrorHandler.java:156)
	at org.openqa.selenium.remote.RemoteWebDriver.execute(RemoteWebDriver.java:599)
	at org.openqa.selenium.remote.RemoteWebDriver.findElement(RemoteWebDriver.java:352)
	at org.openqa.selenium.remote.RemoteWebDriver.findElementByXPath(RemoteWebDriver.java:449)
	at org.openqa.selenium.By$ByXPath.findElement(By.java:357)
	at org.openqa.selenium.remote.RemoteWebDriver.findElement(RemoteWebDriver.java:344)
	at PageObjects.HomePage$ContainerButton.Cont4(HomePage.java:927)
	at Tests.ValidateMainPageLinks.test28M(ValidateMainPageLinks.java:309)
... Removed 27 stack frames]]>
    </failure>
  </testcase> <!-- test28M -->
  <testcase name="test29M" time="0.01" classname="Tests.ValidateMainPageLinks">
    <failure type="org.openqa.selenium.NoSuchElementException" message="no such element
  (Session info: chrome=42.0.2311.90)
  (Driver info: chromedriver=2.14.313457 (3d645c400edf2e2c500566c9aa096063e707c9cf),platform=Windows NT 6.1 SP1 x86_64) (WARNING: The server did not provide any stacktrace information)
Command duration or timeout: 10 milliseconds
For documentation on this error, please visit: http://seleniumhq.org/exceptions/no_such_element.html
Build info: version: &amp;apos;2.45.0&amp;apos;, revision: &amp;apos;5017cb8&amp;apos;, time: &amp;apos;2015-02-27 00:00:10&amp;apos;
System info: host: &amp;apos;Kris-PC&amp;apos;, ip: &amp;apos;192.168.56.1&amp;apos;, os.name: &amp;apos;Windows 7&amp;apos;, os.arch: &amp;apos;amd64&amp;apos;, os.version: &amp;apos;6.1&amp;apos;, java.version: &amp;apos;1.8.0_31&amp;apos;
Driver info: org.openqa.selenium.chrome.ChromeDriver
Capabilities [{applicationCacheEnabled=false, rotatable=false, mobileEmulationEnabled=false, chrome={userDataDir=C:\Users\Kris\AppData\Local\Temp\scoped_dir3572_21786}, takesHeapSnapshot=true, databaseEnabled=false, handlesAlerts=true, version=42.0.2311.90, platform=XP, browserConnectionEnabled=false, nativeEvents=true, acceptSslCerts=true, locationContextEnabled=true, webStorageEnabled=true, browserName=chrome, takesScreenshot=true, javascriptEnabled=true, cssSelectorsEnabled=true}]
Session ID: cf4497c68f35365fdadcd5fcb52a7d8f
*** Element info: {Using=xpath, value=//*[@id=&amp;apos;htmlcontent_home&amp;apos;]/ul/li[5]/a/img}">
      <![CDATA[org.openqa.selenium.NoSuchElementException: no such element
  (Session info: chrome=42.0.2311.90)
  (Driver info: chromedriver=2.14.313457 (3d645c400edf2e2c500566c9aa096063e707c9cf),platform=Windows NT 6.1 SP1 x86_64) (WARNING: The server did not provide any stacktrace information)
Command duration or timeout: 10 milliseconds
For documentation on this error, please visit: http://seleniumhq.org/exceptions/no_such_element.html
Build info: version: '2.45.0', revision: '5017cb8', time: '2015-02-27 00:00:10'
System info: host: 'Kris-PC', ip: '192.168.56.1', os.name: 'Windows 7', os.arch: 'amd64', os.version: '6.1', java.version: '1.8.0_31'
Driver info: org.openqa.selenium.chrome.ChromeDriver
Capabilities [{applicationCacheEnabled=false, rotatable=false, mobileEmulationEnabled=false, chrome={userDataDir=C:\Users\Kris\AppData\Local\Temp\scoped_dir3572_21786}, takesHeapSnapshot=true, databaseEnabled=false, handlesAlerts=true, version=42.0.2311.90, platform=XP, browserConnectionEnabled=false, nativeEvents=true, acceptSslCerts=true, locationContextEnabled=true, webStorageEnabled=true, browserName=chrome, takesScreenshot=true, javascriptEnabled=true, cssSelectorsEnabled=true}]
Session ID: cf4497c68f35365fdadcd5fcb52a7d8f
*** Element info: {Using=xpath, value=//*[@id='htmlcontent_home']/ul/li[5]/a/img}
	at org.openqa.selenium.remote.ErrorHandler.createThrowable(ErrorHandler.java:204)
	at org.openqa.selenium.remote.ErrorHandler.throwIfResponseFailed(ErrorHandler.java:156)
	at org.openqa.selenium.remote.RemoteWebDriver.execute(RemoteWebDriver.java:599)
	at org.openqa.selenium.remote.RemoteWebDriver.findElement(RemoteWebDriver.java:352)
	at org.openqa.selenium.remote.RemoteWebDriver.findElementByXPath(RemoteWebDriver.java:449)
	at org.openqa.selenium.By$ByXPath.findElement(By.java:357)
	at org.openqa.selenium.remote.RemoteWebDriver.findElement(RemoteWebDriver.java:344)
	at PageObjects.HomePage$ContainerButton.Cont5(HomePage.java:939)
	at Tests.ValidateMainPageLinks.test29M(ValidateMainPageLinks.java:318)
... Removed 27 stack frames]]>
    </failure>
  </testcase> <!-- test29M -->
  <testcase name="test2M" time="0.02" classname="Tests.ValidateMainPageLinks">
    <failure type="org.openqa.selenium.NoSuchElementException" message="no such element
  (Session info: chrome=42.0.2311.90)
  (Driver info: chromedriver=2.14.313457 (3d645c400edf2e2c500566c9aa096063e707c9cf),platform=Windows NT 6.1 SP1 x86_64) (WARNING: The server did not provide any stacktrace information)
Command duration or timeout: 20 milliseconds
For documentation on this error, please visit: http://seleniumhq.org/exceptions/no_such_element.html
Build info: version: &amp;apos;2.45.0&amp;apos;, revision: &amp;apos;5017cb8&amp;apos;, time: &amp;apos;2015-02-27 00:00:10&amp;apos;
System info: host: &amp;apos;Kris-PC&amp;apos;, ip: &amp;apos;192.168.56.1&amp;apos;, os.name: &amp;apos;Windows 7&amp;apos;, os.arch: &amp;apos;amd64&amp;apos;, os.version: &amp;apos;6.1&amp;apos;, java.version: &amp;apos;1.8.0_31&amp;apos;
Driver info: org.openqa.selenium.chrome.ChromeDriver
Capabilities [{applicationCacheEnabled=false, rotatable=false, mobileEmulationEnabled=false, chrome={userDataDir=C:\Users\Kris\AppData\Local\Temp\scoped_dir3572_21786}, takesHeapSnapshot=true, databaseEnabled=false, handlesAlerts=true, version=42.0.2311.90, platform=XP, browserConnectionEnabled=false, nativeEvents=true, acceptSslCerts=true, locationContextEnabled=true, webStorageEnabled=true, browserName=chrome, takesScreenshot=true, javascriptEnabled=true, cssSelectorsEnabled=true}]
Session ID: cf4497c68f35365fdadcd5fcb52a7d8f
*** Element info: {Using=link text, value=Contact us}">
      <![CDATA[org.openqa.selenium.NoSuchElementException: no such element
  (Session info: chrome=42.0.2311.90)
  (Driver info: chromedriver=2.14.313457 (3d645c400edf2e2c500566c9aa096063e707c9cf),platform=Windows NT 6.1 SP1 x86_64) (WARNING: The server did not provide any stacktrace information)
Command duration or timeout: 20 milliseconds
For documentation on this error, please visit: http://seleniumhq.org/exceptions/no_such_element.html
Build info: version: '2.45.0', revision: '5017cb8', time: '2015-02-27 00:00:10'
System info: host: 'Kris-PC', ip: '192.168.56.1', os.name: 'Windows 7', os.arch: 'amd64', os.version: '6.1', java.version: '1.8.0_31'
Driver info: org.openqa.selenium.chrome.ChromeDriver
Capabilities [{applicationCacheEnabled=false, rotatable=false, mobileEmulationEnabled=false, chrome={userDataDir=C:\Users\Kris\AppData\Local\Temp\scoped_dir3572_21786}, takesHeapSnapshot=true, databaseEnabled=false, handlesAlerts=true, version=42.0.2311.90, platform=XP, browserConnectionEnabled=false, nativeEvents=true, acceptSslCerts=true, locationContextEnabled=true, webStorageEnabled=true, browserName=chrome, takesScreenshot=true, javascriptEnabled=true, cssSelectorsEnabled=true}]
Session ID: cf4497c68f35365fdadcd5fcb52a7d8f
*** Element info: {Using=link text, value=Contact us}
	at org.openqa.selenium.remote.ErrorHandler.createThrowable(ErrorHandler.java:204)
	at org.openqa.selenium.remote.ErrorHandler.throwIfResponseFailed(ErrorHandler.java:156)
	at org.openqa.selenium.remote.RemoteWebDriver.execute(RemoteWebDriver.java:599)
	at org.openqa.selenium.remote.RemoteWebDriver.findElement(RemoteWebDriver.java:352)
	at org.openqa.selenium.remote.RemoteWebDriver.findElementByLinkText(RemoteWebDriver.java:401)
	at org.openqa.selenium.By$ByLinkText.findElement(By.java:242)
	at org.openqa.selenium.remote.RemoteWebDriver.findElement(RemoteWebDriver.java:344)
	at PageObjects.HomePage$Header.contactUs(HomePage.java:43)
	at Tests.ValidateMainPageLinks.test2M(ValidateMainPageLinks.java:56)
... Removed 27 stack frames]]>
    </failure>
  </testcase> <!-- test2M -->
  <testcase name="test2S" time="5.115" classname="Tests.ValidateMainPageLinks">
    <failure type="org.openqa.selenium.TimeoutException" message="Timed out after 5 seconds waiting for visibility of element located by By.xpath: //*[@id=&amp;apos;homeslider&amp;apos;]/li[2]/a
Build info: version: &amp;apos;2.45.0&amp;apos;, revision: &amp;apos;5017cb8&amp;apos;, time: &amp;apos;2015-02-27 00:00:10&amp;apos;
System info: host: &amp;apos;Kris-PC&amp;apos;, ip: &amp;apos;192.168.56.1&amp;apos;, os.name: &amp;apos;Windows 7&amp;apos;, os.arch: &amp;apos;amd64&amp;apos;, os.version: &amp;apos;6.1&amp;apos;, java.version: &amp;apos;1.8.0_31&amp;apos;
Driver info: org.openqa.selenium.chrome.ChromeDriver
Capabilities [{applicationCacheEnabled=false, rotatable=false, mobileEmulationEnabled=false, chrome={userDataDir=C:\Users\Kris\AppData\Local\Temp\scoped_dir3572_21786}, takesHeapSnapshot=true, databaseEnabled=false, handlesAlerts=true, version=42.0.2311.90, platform=XP, browserConnectionEnabled=false, nativeEvents=true, acceptSslCerts=true, locationContextEnabled=true, webStorageEnabled=true, browserName=chrome, takesScreenshot=true, javascriptEnabled=true, cssSelectorsEnabled=true}]
Session ID: cf4497c68f35365fdadcd5fcb52a7d8f">
      <![CDATA[org.openqa.selenium.TimeoutException: Timed out after 5 seconds waiting for visibility of element located by By.xpath: //*[@id='homeslider']/li[2]/a
Build info: version: '2.45.0', revision: '5017cb8', time: '2015-02-27 00:00:10'
System info: host: 'Kris-PC', ip: '192.168.56.1', os.name: 'Windows 7', os.arch: 'amd64', os.version: '6.1', java.version: '1.8.0_31'
Driver info: org.openqa.selenium.chrome.ChromeDriver
Capabilities [{applicationCacheEnabled=false, rotatable=false, mobileEmulationEnabled=false, chrome={userDataDir=C:\Users\Kris\AppData\Local\Temp\scoped_dir3572_21786}, takesHeapSnapshot=true, databaseEnabled=false, handlesAlerts=true, version=42.0.2311.90, platform=XP, browserConnectionEnabled=false, nativeEvents=true, acceptSslCerts=true, locationContextEnabled=true, webStorageEnabled=true, browserName=chrome, takesScreenshot=true, javascriptEnabled=true, cssSelectorsEnabled=true}]
Session ID: cf4497c68f35365fdadcd5fcb52a7d8f
	at org.openqa.selenium.support.ui.WebDriverWait.timeoutException(WebDriverWait.java:79)
	at org.openqa.selenium.support.ui.FluentWait.until(FluentWait.java:228)
	at Tests.ValidateMainPageLinks.test2S(ValidateMainPageLinks.java:595)
Caused by: org.openqa.selenium.NoSuchElementException: no such element
  (Session info: chrome=42.0.2311.90)
[...]
System info: host: 'Kris-PC', ip: '192.168.56.1', os.name: 'Windows 7', os.arch: 'amd64', os.version: '6.1', java.version: '1.8.0_31'
Driver info: org.openqa.selenium.chrome.ChromeDriver
Capabilities [{applicationCacheEnabled=false, rotatable=false, mobileEmulationEnabled=false, chrome={userDataDir=C:\Users\Kris\AppData\Local\Temp\scoped_dir3572_21786}, takesHeapSnapshot=true, databaseEnabled=false, handlesAlerts=true, version=42.0.2311.90, platform=XP, browserConnectionEnabled=false, nativeEvents=true, acceptSslCerts=true, locationContextEnabled=true, webStorageEnabled=true, browserName=chrome, takesScreenshot=true, javascriptEnabled=true, cssSelectorsEnabled=true}]
Session ID: cf4497c68f35365fdadcd5fcb52a7d8f
*** Element info: {Using=id, value=header_logo}
	at org.openqa.selenium.remote.ErrorHandler.createThrowable(ErrorHandler.java:204)
	at org.openqa.selenium.remote.ErrorHandler.throwIfResponseFailed(ErrorHandler.java:156)
	at org.openqa.selenium.remote.RemoteWebDriver.execute(RemoteWebDriver.java:599)
	at org.openqa.selenium.remote.RemoteWebDriver.findElement(RemoteWebDriver.java:352)
	at org.openqa.selenium.remote.RemoteWebDriver.findElementById(RemoteWebDriver.java:393)
	at org.openqa.selenium.By$ById.findElement(By.java:214)
	at org.openqa.selenium.remote.RemoteWebDriver.findElement(RemoteWebDriver.java:344)
	at Tests.ValidateMainPageLinks.test4M(ValidateMainPageLinks.java:74)
... Removed 27 stack frames]]>
    </failure>
  </testcase> <!-- test4M -->
  <testcase name="test5M" time="0.02" classname="Tests.ValidateMainPageLinks">
    <failure type="org.openqa.selenium.NoSuchElementException" message="no such element
  (Session info: chrome=42.0.2311.90)
  (Driver info: chromedriver=2.14.313457 (3d645c400edf2e2c500566c9aa096063e707c9cf),platform=Windows NT 6.1 SP1 x86_64) (WARNING: The server did not provide any stacktrace information)
Command duration or timeout: 20 milliseconds
For documentation on this error, please visit: http://seleniumhq.org/exceptions/no_such_element.html
Build info: version: &amp;apos;2.45.0&amp;apos;, revision: &amp;apos;5017cb8&amp;apos;, time: &amp;apos;2015-02-27 00:00:10&amp;apos;
System info: host: &amp;apos;Kris-PC&amp;apos;, ip: &amp;apos;192.168.56.1&amp;apos;, os.name: &amp;apos;Windows 7&amp;apos;, os.arch: &amp;apos;amd64&amp;apos;, os.version: &amp;apos;6.1&amp;apos;, java.version: &amp;apos;1.8.0_31&amp;apos;
Driver info: org.openqa.selenium.chrome.ChromeDriver
Capabilities [{applicationCacheEnabled=false, rotatable=false, mobileEmulationEnabled=false, chrome={userDataDir=C:\Users\Kris\AppData\Local\Temp\scoped_dir3572_21786}, takesHeapSnapshot=true, databaseEnabled=false, handlesAlerts=true, version=42.0.2311.90, platform=XP, browserConnectionEnabled=false, nativeEvents=true, acceptSslCerts=true, locationContextEnabled=true, webStorageEnabled=true, browserName=chrome, takesScreenshot=true, javascriptEnabled=true, cssSelectorsEnabled=true}]
Session ID: cf4497c68f35365fdadcd5fcb52a7d8f
*** Element info: {Using=xpath, value=//*[@id=&amp;apos;header&amp;apos;]/div[3]/div/div/div[3]/div/a}">
      <![CDATA[org.openqa.selenium.NoSuchElementException: no such element
  (Session info: chrome=42.0.2311.90)
  (Driver info: chromedriver=2.14.313457 (3d645c400edf2e2c500566c9aa096063e707c9cf),platform=Windows NT 6.1 SP1 x86_64) (WARNING: The server did not provide any stacktrace information)
Command duration or timeout: 20 milliseconds
For documentation on this error, please visit: http://seleniumhq.org/exceptions/no_such_element.html
Build info: version: '2.45.0', revision: '5017cb8', time: '2015-02-27 00:00:10'
System info: host: 'Kris-PC', ip: '192.168.56.1', os.name: 'Windows 7', os.arch: 'amd64', os.version: '6.1', java.version: '1.8.0_31'
Driver info: org.openqa.selenium.chrome.ChromeDriver
Capabilities [{applicationCacheEnabled=false, rotatable=false, mobileEmulationEnabled=false, chrome={userDataDir=C:\Users\Kris\AppData\Local\Temp\scoped_dir3572_21786}, takesHeapSnapshot=true, databaseEnabled=false, handlesAlerts=true, version=42.0.2311.90, platform=XP, browserConnectionEnabled=false, nativeEvents=true, acceptSslCerts=true, locationContextEnabled=true, webStorageEnabled=true, browserName=chrome, takesScreenshot=true, javascriptEnabled=true, cssSelectorsEnabled=true}]
Session ID: cf4497c68f35365fdadcd5fcb52a7d8f
*** Element info: {Using=xpath, value=//*[@id='header']/div[3]/div/div/div[3]/div/a}
	at org.openqa.selenium.remote.ErrorHandler.createThrowable(ErrorHandler.java:204)
	at org.openqa.selenium.remote.ErrorHandler.throwIfResponseFailed(ErrorHandler.java:156)
	at org.openqa.selenium.remote.RemoteWebDriver.execute(RemoteWebDriver.java:599)
	at org.openqa.selenium.remote.RemoteWebDriver.findElement(RemoteWebDriver.java:352)
	at org.openqa.selenium.remote.RemoteWebDriver.findElementByXPath(RemoteWebDriver.java:449)
	at org.openqa.selenium.By$ByXPath.findElement(By.java:357)
	at org.openqa.selenium.remote.RemoteWebDriver.findElement(RemoteWebDriver.java:344)
	at PageObjects.HomePage$Header.cart(HomePage.java:96)
	at Tests.ValidateMainPageLinks.test5M(ValidateMainPageLinks.java:83)
... Removed 27 stack frames]]>
    </failure>
  </testcase> <!-- test5M -->
  <testcase name="test6M" time="0.02" classname="Tests.ValidateMainPageLinks">
    <failure type="org.openqa.selenium.NoSuchElementException" message="no such element
  (Session info: chrome=42.0.2311.90)
  (Driver info: chromedriver=2.14.313457 (3d645c400edf2e2c500566c9aa096063e707c9cf),platform=Windows NT 6.1 SP1 x86_64) (WARNING: The server did not provide any stacktrace information)
Command duration or timeout: 20 milliseconds
For documentation on this error, please visit: http://seleniumhq.org/exceptions/no_such_element.html
Build info: version: &amp;apos;2.45.0&amp;apos;, revision: &amp;apos;5017cb8&amp;apos;, time: &amp;apos;2015-02-27 00:00:10&amp;apos;
System info: host: &amp;apos;Kris-PC&amp;apos;, ip: &amp;apos;192.168.56.1&amp;apos;, os.name: &amp;apos;Windows 7&amp;apos;, os.arch: &amp;apos;amd64&amp;apos;, os.version: &amp;apos;6.1&amp;apos;, java.version: &amp;apos;1.8.0_31&amp;apos;
Driver info: org.openqa.selenium.chrome.ChromeDriver
Capabilities [{applicationCacheEnabled=false, rotatable=false, mobileEmulationEnabled=false, chrome={userDataDir=C:\Users\Kris\AppData\Local\Temp\scoped_dir3572_21786}, takesHeapSnapshot=true, databaseEnabled=false, handlesAlerts=true, version=42.0.2311.90, platform=XP, browserConnectionEnabled=false, nativeEvents=true, acceptSslCerts=true, locationContextEnabled=true, webStorageEnabled=true, browserName=chrome, takesScreenshot=true, javascriptEnabled=true, cssSelectorsEnabled=true}]
Session ID: cf4497c68f35365fdadcd5fcb52a7d8f
*** Element info: {Using=name, value=submit_search}">
      <![CDATA[org.openqa.selenium.NoSuchElementException: no such element
  (Session info: chrome=42.0.2311.90)
  (Driver info: chromedriver=2.14.313457 (3d645c400edf2e2c500566c9aa096063e707c9cf),platform=Windows NT 6.1 SP1 x86_64) (WARNING: The server did not provide any stacktrace information)
Command duration or timeout: 20 milliseconds
For documentation on this error, please visit: http://seleniumhq.org/exceptions/no_such_element.html
Build info: version: '2.45.0', revision: '5017cb8', time: '2015-02-27 00:00:10'
System info: host: 'Kris-PC', ip: '192.168.56.1', os.name: 'Windows 7', os.arch: 'amd64', os.version: '6.1', java.version: '1.8.0_31'
Driver info: org.openqa.selenium.chrome.ChromeDriver
Capabilities [{applicationCacheEnabled=false, rotatable=false, mobileEmulationEnabled=false, chrome={userDataDir=C:\Users\Kris\AppData\Local\Temp\scoped_dir3572_21786}, takesHeapSnapshot=true, databaseEnabled=false, handlesAlerts=true, version=42.0.2311.90, platform=XP, browserConnectionEnabled=false, nativeEvents=true, acceptSslCerts=true, locationContextEnabled=true, webStorageEnabled=true, browserName=chrome, takesScreenshot=true, javascriptEnabled=true, cssSelectorsEnabled=true}]
Session ID: cf4497c68f35365fdadcd5fcb52a7d8f
*** Element info: {Using=name, value=submit_search}
	at org.openqa.selenium.remote.ErrorHandler.createThrowable(ErrorHandler.java:204)
	at org.openqa.selenium.remote.ErrorHandler.throwIfResponseFailed(ErrorHandler.java:156)
	at org.openqa.selenium.remote.RemoteWebDriver.execute(RemoteWebDriver.java:599)
	at org.openqa.selenium.remote.RemoteWebDriver.findElement(RemoteWebDriver.java:352)
	at org.openqa.selenium.remote.RemoteWebDriver.findElementByName(RemoteWebDriver.java:425)
	at org.openqa.selenium.By$ByName.findElement(By.java:299)
	at org.openqa.selenium.remote.RemoteWebDriver.findElement(RemoteWebDriver.java:344)
	at PageObjects.HomePage$Header.search(HomePage.java:84)
	at Tests.ValidateMainPageLinks.test6M(ValidateMainPageLinks.java:92)
... Removed 27 stack frames]]>
    </failure>
  </testcase> <!-- test6M -->
  <testcase name="test7M" time="0.01" classname="Tests.ValidateMainPageLinks">
    <failure type="org.openqa.selenium.NoSuchElementException" message="no such element
  (Session info: chrome=42.0.2311.90)
  (Driver info: chromedriver=2.14.313457 (3d645c400edf2e2c500566c9aa096063e707c9cf),platform=Windows NT 6.1 SP1 x86_64) (WARNING: The server did not provide any stacktrace information)
Command duration or timeout: 10 milliseconds
For documentation on this error, please visit: http://seleniumhq.org/exceptions/no_such_element.html
Build info: version: &amp;apos;2.45.0&amp;apos;, revision: &amp;apos;5017cb8&amp;apos;, time: &amp;apos;2015-02-27 00:00:10&amp;apos;
System info: host: &amp;apos;Kris-PC&amp;apos;, ip: &amp;apos;192.168.56.1&amp;apos;, os.name: &amp;apos;Windows 7&amp;apos;, os.arch: &amp;apos;amd64&amp;apos;, os.version: &amp;apos;6.1&amp;apos;, java.version: &amp;apos;1.8.0_31&amp;apos;
Driver info: org.openqa.selenium.chrome.ChromeDriver
Capabilities [{applicationCacheEnabled=false, rotatable=false, mobileEmulationEnabled=false, chrome={userDataDir=C:\Users\Kris\AppData\Local\Temp\scoped_dir3572_21786}, takesHeapSnapshot=true, databaseEnabled=false, handlesAlerts=true, version=42.0.2311.90, platform=XP, browserConnectionEnabled=false, nativeEvents=true, acceptSslCerts=true, locationContextEnabled=true, webStorageEnabled=true, browserName=chrome, takesScreenshot=true, javascriptEnabled=true, cssSelectorsEnabled=true}]
Session ID: cf4497c68f35365fdadcd5fcb52a7d8f
*** Element info: {Using=xpath, value=//a[@title=&amp;apos;Women&amp;apos;]}">
      <![CDATA[org.openqa.selenium.NoSuchElementException: no such element
  (Session info: chrome=42.0.2311.90)
  (Driver info: chromedriver=2.14.313457 (3d645c400edf2e2c500566c9aa096063e707c9cf),platform=Windows NT 6.1 SP1 x86_64) (WARNING: The server did not provide any stacktrace information)
Command duration or timeout: 10 milliseconds
For documentation on this error, please visit: http://seleniumhq.org/exceptions/no_such_element.html
Build info: version: '2.45.0', revision: '5017cb8', time: '2015-02-27 00:00:10'
System info: host: 'Kris-PC', ip: '192.168.56.1', os.name: 'Windows 7', os.arch: 'amd64', os.version: '6.1', java.version: '1.8.0_31'
Driver info: org.openqa.selenium.chrome.ChromeDriver
Capabilities [{applicationCacheEnabled=false, rotatable=false, mobileEmulationEnabled=false, chrome={userDataDir=C:\Users\Kris\AppData\Local\Temp\scoped_dir3572_21786}, takesHeapSnapshot=true, databaseEnabled=false, handlesAlerts=true, version=42.0.2311.90, platform=XP, browserConnectionEnabled=false, nativeEvents=true, acceptSslCerts=true, locationContextEnabled=true, webStorageEnabled=true, browserName=chrome, takesScreenshot=true, javascriptEnabled=true, cssSelectorsEnabled=true}]
Session ID: cf4497c68f35365fdadcd5fcb52a7d8f
*** Element info: {Using=xpath, value=//a[@title='Women']}
	at org.openqa.selenium.remote.ErrorHandler.createThrowable(ErrorHandler.java:204)
	at org.openqa.selenium.remote.ErrorHandler.throwIfResponseFailed(ErrorHandler.java:156)
	at org.openqa.selenium.remote.RemoteWebDriver.execute(RemoteWebDriver.java:599)
	at org.openqa.selenium.remote.RemoteWebDriver.findElement(RemoteWebDriver.java:352)
	at org.openqa.selenium.remote.RemoteWebDriver.findElementByXPath(RemoteWebDriver.java:449)
	at org.openqa.selenium.By$ByXPath.findElement(By.java:357)
	at org.openqa.selenium.remote.RemoteWebDriver.findElement(RemoteWebDriver.java:344)
	at PageObjects.HomePage$Header.women(HomePage.java:110)
	at Tests.ValidateMainPageLinks.test7M(ValidateMainPageLinks.java:101)
... Removed 27 stack frames]]>
    </failure>
  </testcase> <!-- test7M -->
  <testcase name="test8M" time="0.01" classname="Tests.ValidateMainPageLinks">
    <failure type="org.openqa.selenium.NoSuchElementException" message="no such element
  (Session info: chrome=42.0.2311.90)
  (Driver info: chromedriver=2.14.313457 (3d645c400edf2e2c500566c9aa096063e707c9cf),platform=Windows NT 6.1 SP1 x86_64) (WARNING: The server did not provide any stacktrace information)
Command duration or timeout: 10 milliseconds
For documentation on this error, please visit: http://seleniumhq.org/exceptions/no_such_element.html
Build info: version: &amp;apos;2.45.0&amp;apos;, revision: &amp;apos;5017cb8&amp;apos;, time: &amp;apos;2015-02-27 00:00:10&amp;apos;
System info: host: &amp;apos;Kris-PC&amp;apos;, ip: &amp;apos;192.168.56.1&amp;apos;, os.name: &amp;apos;Windows 7&amp;apos;, os.arch: &amp;apos;amd64&amp;apos;, os.version: &amp;apos;6.1&amp;apos;, java.version: &amp;apos;1.8.0_31&amp;apos;
Driver info: org.openqa.selenium.chrome.ChromeDriver
Capabilities [{applicationCacheEnabled=false, rotatable=false, mobileEmulationEnabled=false, chrome={userDataDir=C:\Users\Kris\AppData\Local\Temp\scoped_dir3572_21786}, takesHeapSnapshot=true, databaseEnabled=false, handlesAlerts=true, version=42.0.2311.90, platform=XP, browserConnectionEnabled=false, nativeEvents=true, acceptSslCerts=true, locationContextEnabled=true, webStorageEnabled=true, browserName=chrome, takesScreenshot=true, javascriptEnabled=true, cssSelectorsEnabled=true}]
Session ID: cf4497c68f35365fdadcd5fcb52a7d8f
*** Element info: {Using=xpath, value=//a[@title=&amp;apos;Women&amp;apos;]}">
      <![CDATA[org.openqa.selenium.NoSuchElementException: no such element
  (Session info: chrome=42.0.2311.90)
  (Driver info: chromedriver=2.14.313457 (3d645c400edf2e2c500566c9aa096063e707c9cf),platform=Windows NT 6.1 SP1 x86_64) (WARNING: The server did not provide any stacktrace information)
Command duration or timeout: 10 milliseconds
For documentation on this error, please visit: http://seleniumhq.org/exceptions/no_such_element.html
Build info: version: '2.45.0', revision: '5017cb8', time: '2015-02-27 00:00:10'
System info: host: 'Kris-PC', ip: '192.168.56.1', os.name: 'Windows 7', os.arch: 'amd64', os.version: '6.1', java.version: '1.8.0_31'
Driver info: org.openqa.selenium.chrome.ChromeDriver
Capabilities [{applicationCacheEnabled=false, rotatable=false, mobileEmulationEnabled=false, chrome={userDataDir=C:\Users\Kris\AppData\Local\Temp\scoped_dir3572_21786}, takesHeapSnapshot=true, databaseEnabled=false, handlesAlerts=true, version=42.0.2311.90, platform=XP, browserConnectionEnabled=false, nativeEvents=true, acceptSslCerts=true, locationContextEnabled=true, webStorageEnabled=true, browserName=chrome, takesScreenshot=true, javascriptEnabled=true, cssSelectorsEnabled=true}]
Session ID: cf4497c68f35365fdadcd5fcb52a7d8f
*** Element info: {Using=xpath, value=//a[@title='Women']}
	at org.openqa.selenium.remote.ErrorHandler.createThrowable(ErrorHandler.java:204)
	at org.openqa.selenium.remote.ErrorHandler.throwIfResponseFailed(ErrorHandler.java:156)
	at org.openqa.selenium.remote.RemoteWebDriver.execute(RemoteWebDriver.java:599)
	at org.openqa.selenium.remote.RemoteWebDriver.findElement(RemoteWebDriver.java:352)
	at org.openqa.selenium.remote.RemoteWebDriver.findElementByXPath(RemoteWebDriver.java:449)
	at org.openqa.selenium.By$ByXPath.findElement(By.java:357)
	at org.openqa.selenium.remote.RemoteWebDriver.findElement(RemoteWebDriver.java:344)
	at PageObjects.HomePage$Header.women(HomePage.java:110)
	at PageObjects.HomePage$Header.women(HomePage.java:125)
	at Tests.ValidateMainPageLinks.test8M(ValidateMainPageLinks.java:110)
... Removed 27 stack frames]]>
    </failure>
  </testcase> <!-- test8M -->
  <testcase name="test9M" time="0.01" classname="Tests.ValidateMainPageLinks">
    <failure type="org.openqa.selenium.NoSuchElementException" message="no such element
  (Session info: chrome=42.0.2311.90)
  (Driver info: chromedriver=2.14.313457 (3d645c400edf2e2c500566c9aa096063e707c9cf),platform=Windows NT 6.1 SP1 x86_64) (WARNING: The server did not provide any stacktrace information)
Command duration or timeout: 10 milliseconds
For documentation on this error, please visit: http://seleniumhq.org/exceptions/no_such_element.html
Build info: version: &amp;apos;2.45.0&amp;apos;, revision: &amp;apos;5017cb8&amp;apos;, time: &amp;apos;2015-02-27 00:00:10&amp;apos;
System info: host: &amp;apos;Kris-PC&amp;apos;, ip: &amp;apos;192.168.56.1&amp;apos;, os.name: &amp;apos;Windows 7&amp;apos;, os.arch: &amp;apos;amd64&amp;apos;, os.version: &amp;apos;6.1&amp;apos;, java.version: &amp;apos;1.8.0_31&amp;apos;
Driver info: org.openqa.selenium.chrome.ChromeDriver
Capabilities [{applicationCacheEnabled=false, rotatable=false, mobileEmulationEnabled=false, chrome={userDataDir=C:\Users\Kris\AppData\Local\Temp\scoped_dir3572_21786}, takesHeapSnapshot=true, databaseEnabled=false, handlesAlerts=true, version=42.0.2311.90, platform=XP, browserConnectionEnabled=false, nativeEvents=true, acceptSslCerts=true, locationContextEnabled=true, webStorageEnabled=true, browserName=chrome, takesScreenshot=true, javascriptEnabled=true, cssSelectorsEnabled=true}]
Session ID: cf4497c68f35365fdadcd5fcb52a7d8f
*** Element info: {Using=xpath, value=//a[@title=&amp;apos;Women&amp;apos;]}">
      <![CDATA[org.openqa.selenium.NoSuchElementException: no such element
  (Session info: chrome=42.0.2311.90)
  (Driver info: chromedriver=2.14.313457 (3d645c400edf2e2c500566c9aa096063e707c9cf),platform=Windows NT 6.1 SP1 x86_64) (WARNING: The server did not provide any stacktrace information)
Command duration or timeout: 10 milliseconds
For documentation on this error, please visit: http://seleniumhq.org/exceptions/no_such_element.html
Build info: version: '2.45.0', revision: '5017cb8', time: '2015-02-27 00:00:10'
System info: host: 'Kris-PC', ip: '192.168.56.1', os.name: 'Windows 7', os.arch: 'amd64', os.version: '6.1', java.version: '1.8.0_31'
Driver info: org.openqa.selenium.chrome.ChromeDriver
Capabilities [{applicationCacheEnabled=false, rotatable=false, mobileEmulationEnabled=false, chrome={userDataDir=C:\Users\Kris\AppData\Local\Temp\scoped_dir3572_21786}, takesHeapSnapshot=true, databaseEnabled=false, handlesAlerts=true, version=42.0.2311.90, platform=XP, browserConnectionEnabled=false, nativeEvents=true, acceptSslCerts=true, locationContextEnabled=true, webStorageEnabled=true, browserName=chrome, takesScreenshot=true, javascriptEnabled=true, cssSelectorsEnabled=true}]
Session ID: cf4497c68f35365fdadcd5fcb52a7d8f
*** Element info: {Using=xpath, value=//a[@title='Women']}
	at org.openqa.selenium.remote.ErrorHandler.createThrowable(ErrorHandler.java:204)
	at org.openqa.selenium.remote.ErrorHandler.throwIfResponseFailed(ErrorHandler.java:156)
	at org.openqa.selenium.remote.RemoteWebDriver.execute(RemoteWebDriver.java:599)
	at org.openqa.selenium.remote.RemoteWebDriver.findElement(RemoteWebDriver.java:352)
	at org.openqa.selenium.remote.RemoteWebDriver.findElementByXPath(RemoteWebDriver.java:449)
	at org.openqa.selenium.By$ByXPath.findElement(By.java:357)
	at org.openqa.selenium.remote.RemoteWebDriver.findElement(RemoteWebDriver.java:344)
	at PageObjects.HomePage$Header.women(HomePage.java:110)
	at PageObjects.HomePage$Header.women(HomePage.java:125)
	at Tests.ValidateMainPageLinks.test9M(ValidateMainPageLinks.java:120)
... Removed 27 stack frames]]>
    </failure>
  </testcase> <!-- test9M -->
</testsuite> <!-- ValidateLinksCH -->
