<?xml version="1.0" encoding="UTF-8"?>
<!-- Generated by org.testng.reporters.JUnitXMLReporter -->
<testsuite hostname="Kris-PC" name="ValidateLinksIE" tests="48" failures="32" timestamp="29 Apr 2015 16:25:04 GMT" time="57.438" errors="0">
  <testcase name="@AfterMethod afterMethod" time="0.0" classname="Tests.ValidateMainPageLinks">
    <failure type="org.openqa.selenium.NoSuchWindowException" message="Unable to get browser (WARNING: The server did not provide any stacktrace information)
Command duration or timeout: 16 milliseconds
Build info: version: &amp;apos;2.45.0&amp;apos;, revision: &amp;apos;5017cb8&amp;apos;, time: &amp;apos;2015-02-27 00:00:10&amp;apos;
System info: host: &amp;apos;Kris-PC&amp;apos;, ip: &amp;apos;192.168.56.1&amp;apos;, os.name: &amp;apos;Windows 7&amp;apos;, os.arch: &amp;apos;amd64&amp;apos;, os.version: &amp;apos;6.1&amp;apos;, java.version: &amp;apos;1.8.0_31&amp;apos;
Driver info: org.openqa.selenium.ie.InternetExplorerDriver
Capabilities [{browserAttachTimeout=0, enablePersistentHover=true, ie.forceCreateProcessApi=false, ie.usePerProcessProxy=false, ignoreZoomSetting=false, handlesAlerts=true, version=11, platform=WINDOWS, nativeEvents=true, ie.ensureCleanSession=false, elementScrollBehavior=0, ie.browserCommandLineSwitches=, requireWindowFocus=false, browserName=internet explorer, initialBrowserUrl=http://localhost:48693/, takesScreenshot=true, javascriptEnabled=true, ignoreProtectedModeSettings=false, enableElementCacheCleanup=true, cssSelectorsEnabled=true, unexpectedAlertBehaviour=dismiss}]
Session ID: e99463ff-1c61-4913-a156-6733143ce9be">
      <![CDATA[org.openqa.selenium.NoSuchWindowException: Unable to get browser (WARNING: The server did not provide any stacktrace information)
Command duration or timeout: 16 milliseconds
Build info: version: '2.45.0', revision: '5017cb8', time: '2015-02-27 00:00:10'
System info: host: 'Kris-PC', ip: '192.168.56.1', os.name: 'Windows 7', os.arch: 'amd64', os.version: '6.1', java.version: '1.8.0_31'
Driver info: org.openqa.selenium.ie.InternetExplorerDriver
Capabilities [{browserAttachTimeout=0, enablePersistentHover=true, ie.forceCreateProcessApi=false, ie.usePerProcessProxy=false, ignoreZoomSetting=false, handlesAlerts=true, version=11, platform=WINDOWS, nativeEvents=true, ie.ensureCleanSession=false, elementScrollBehavior=0, ie.browserCommandLineSwitches=, requireWindowFocus=false, browserName=internet explorer, initialBrowserUrl=http://localhost:48693/, takesScreenshot=true, javascriptEnabled=true, ignoreProtectedModeSettings=false, enableElementCacheCleanup=true, cssSelectorsEnabled=true, unexpectedAlertBehaviour=dismiss}]
Session ID: e99463ff-1c61-4913-a156-6733143ce9be
	at org.openqa.selenium.remote.ErrorHandler.createThrowable(ErrorHandler.java:204)
	at org.openqa.selenium.remote.ErrorHandler.throwIfResponseFailed(ErrorHandler.java:156)
	at org.openqa.selenium.remote.RemoteWebDriver.execute(RemoteWebDriver.java:599)
	at org.openqa.selenium.remote.RemoteWebDriver.execute(RemoteWebDriver.java:622)
	at org.openqa.selenium.remote.RemoteWebDriver.getTitle(RemoteWebDriver.java:313)
	at Tests.ValidateMainPageLinks.afterMethod(ValidateMainPageLinks.java:630)
... Removed 29 stack frames]]>
    </failure>
  </testcase> <!-- @AfterMethod afterMethod -->
  <testcase name="@BeforeMethod beforeMethod" time="0.0" classname="Tests.ValidateMainPageLinks">
    <skipped/>
  </testcase> <!-- @BeforeMethod beforeMethod -->
  <testcase name="@AfterMethod afterMethod" time="0.0" classname="Tests.ValidateMainPageLinks">
    <skipped/>
  </testcase> <!-- @AfterMethod afterMethod -->
  <testcase name="@BeforeMethod beforeMethod" time="0.0" classname="Tests.ValidateMainPageLinks">
    <skipped/>
  </testcase> <!-- @BeforeMethod beforeMethod -->
  <testcase name="@AfterMethod afterMethod" time="0.0" classname="Tests.ValidateMainPageLinks">
    <skipped/>
  </testcase> <!-- @AfterMethod afterMethod -->
  <testcase name="@BeforeMethod beforeMethod" time="0.0" classname="Tests.ValidateMainPageLinks">
    <skipped/>
  </testcase> <!-- @BeforeMethod beforeMethod -->
  <testcase name="@AfterMethod afterMethod" time="0.0" classname="Tests.ValidateMainPageLinks">
    <skipped/>
  </testcase> <!-- @AfterMethod afterMethod -->
  <testcase name="@BeforeMethod beforeMethod" time="0.0" classname="Tests.ValidateMainPageLinks">
    <skipped/>
  </testcase> <!-- @BeforeMethod beforeMethod -->
  <testcase name="@AfterMethod afterMethod" time="0.0" classname="Tests.ValidateMainPageLinks">
    <skipped/>
  </testcase> <!-- @AfterMethod afterMethod -->
  <testcase name="@BeforeMethod beforeMethod" time="0.0" classname="Tests.ValidateMainPageLinks">
    <skipped/>
  </testcase> <!-- @BeforeMethod beforeMethod -->
  <testcase name="@AfterMethod afterMethod" time="0.0" classname="Tests.ValidateMainPageLinks">
    <skipped/>
  </testcase> <!-- @AfterMethod afterMethod -->
  <testcase name="@BeforeMethod beforeMethod" time="0.0" classname="Tests.ValidateMainPageLinks">
    <skipped/>
  </testcase> <!-- @BeforeMethod beforeMethod -->
  <testcase name="@AfterMethod afterMethod" time="0.0" classname="Tests.ValidateMainPageLinks">
    <skipped/>
  </testcase> <!-- @AfterMethod afterMethod -->
  <testcase name="@BeforeMethod beforeMethod" time="0.0" classname="Tests.ValidateMainPageLinks">
    <skipped/>
  </testcase> <!-- @BeforeMethod beforeMethod -->
  <testcase name="@AfterMethod afterMethod" time="0.0" classname="Tests.ValidateMainPageLinks">
    <skipped/>
  </testcase> <!-- @AfterMethod afterMethod -->
  <testcase name="@BeforeMethod beforeMethod" time="0.0" classname="Tests.ValidateMainPageLinks">
    <skipped/>
  </testcase> <!-- @BeforeMethod beforeMethod -->
  <testcase name="@AfterMethod afterMethod" time="0.0" classname="Tests.ValidateMainPageLinks">
    <skipped/>
  </testcase> <!-- @AfterMethod afterMethod -->
  <testcase name="@BeforeMethod beforeMethod" time="0.0" classname="Tests.ValidateMainPageLinks">
    <skipped/>
  </testcase> <!-- @BeforeMethod beforeMethod -->
  <testcase name="@AfterMethod afterMethod" time="0.0" classname="Tests.ValidateMainPageLinks">
    <skipped/>
  </testcase> <!-- @AfterMethod afterMethod -->
  <testcase name="@BeforeMethod beforeMethod" time="0.0" classname="Tests.ValidateMainPageLinks">
    <skipped/>
  </testcase> <!-- @BeforeMethod beforeMethod -->
  <testcase name="@AfterMethod afterMethod" time="0.0" classname="Tests.ValidateMainPageLinks">
    <skipped/>
  </testcase> <!-- @AfterMethod afterMethod -->
  <testcase name="@BeforeMethod beforeMethod" time="0.0" classname="Tests.ValidateMainPageLinks">
    <skipped/>
  </testcase> <!-- @BeforeMethod beforeMethod -->
  <testcase name="@AfterMethod afterMethod" time="0.0" classname="Tests.ValidateMainPageLinks">
    <skipped/>
  </testcase> <!-- @AfterMethod afterMethod -->
  <testcase name="@BeforeMethod beforeMethod" time="0.0" classname="Tests.ValidateMainPageLinks">
    <skipped/>
  </testcase> <!-- @BeforeMethod beforeMethod -->
  <testcase name="@AfterMethod afterMethod" time="0.0" classname="Tests.ValidateMainPageLinks">
    <skipped/>
  </testcase> <!-- @AfterMethod afterMethod -->
  <testcase name="@BeforeMethod beforeMethod" time="0.0" classname="Tests.ValidateMainPageLinks">
    <skipped/>
  </testcase> <!-- @BeforeMethod beforeMethod -->
  <testcase name="@AfterMethod afterMethod" time="0.0" classname="Tests.ValidateMainPageLinks">
    <skipped/>
  </testcase> <!-- @AfterMethod afterMethod -->
  <testcase name="@BeforeMethod beforeMethod" time="0.0" classname="Tests.ValidateMainPageLinks">
    <skipped/>
  </testcase> <!-- @BeforeMethod beforeMethod -->
  <testcase name="@AfterMethod afterMethod" time="0.0" classname="Tests.ValidateMainPageLinks">
    <skipped/>
  </testcase> <!-- @AfterMethod afterMethod -->
  <testcase name="@BeforeMethod beforeMethod" time="0.0" classname="Tests.ValidateMainPageLinks">
    <skipped/>
  </testcase> <!-- @BeforeMethod beforeMethod -->
  <testcase name="@AfterMethod afterMethod" time="0.0" classname="Tests.ValidateMainPageLinks">
    <skipped/>
  </testcase> <!-- @AfterMethod afterMethod -->
  <testcase name="@AfterTest afterTest" time="0.0" classname="Tests.ValidateMainPageLinks">
    <skipped/>
  </testcase> <!-- @AfterTest afterTest -->
  <testcase name="test10M" time="5.617" classname="Tests.ValidateMainPageLinks">
    <failure type="org.openqa.selenium.TimeoutException" message="Timed out after 3 seconds waiting for element to be clickable: [[InternetExplorerDriver: internet explorer on WINDOWS (e99463ff-1c61-4913-a156-6733143ce9be)] -&amp;gt; xpath: //*[@id=&amp;apos;block_top_menu&amp;apos;]/ul/li[1]/ul/li[1]/ul/li[2]/a]
Build info: version: &amp;apos;2.45.0&amp;apos;, revision: &amp;apos;5017cb8&amp;apos;, time: &amp;apos;2015-02-27 00:00:10&amp;apos;
System info: host: &amp;apos;Kris-PC&amp;apos;, ip: &amp;apos;192.168.56.1&amp;apos;, os.name: &amp;apos;Windows 7&amp;apos;, os.arch: &amp;apos;amd64&amp;apos;, os.version: &amp;apos;6.1&amp;apos;, java.version: &amp;apos;1.8.0_31&amp;apos;
Driver info: org.openqa.selenium.ie.InternetExplorerDriver
Capabilities [{browserAttachTimeout=0, enablePersistentHover=true, ie.forceCreateProcessApi=false, ie.usePerProcessProxy=false, ignoreZoomSetting=false, handlesAlerts=true, version=11, platform=WINDOWS, nativeEvents=true, ie.ensureCleanSession=false, elementScrollBehavior=0, ie.browserCommandLineSwitches=, requireWindowFocus=false, browserName=internet explorer, initialBrowserUrl=http://localhost:48693/, takesScreenshot=true, javascriptEnabled=true, ignoreProtectedModeSettings=false, enableElementCacheCleanup=true, cssSelectorsEnabled=true, unexpectedAlertBehaviour=dismiss}]
Session ID: e99463ff-1c61-4913-a156-6733143ce9be">
      <![CDATA[org.openqa.selenium.TimeoutException: Timed out after 3 seconds waiting for element to be clickable: [[InternetExplorerDriver: internet explorer on WINDOWS (e99463ff-1c61-4913-a156-6733143ce9be)] -> xpath: //*[@id='block_top_menu']/ul/li[1]/ul/li[1]/ul/li[2]/a]
Build info: version: '2.45.0', revision: '5017cb8', time: '2015-02-27 00:00:10'
System info: host: 'Kris-PC', ip: '192.168.56.1', os.name: 'Windows 7', os.arch: 'amd64', os.version: '6.1', java.version: '1.8.0_31'
Driver info: org.openqa.selenium.ie.InternetExplorerDriver
Capabilities [{browserAttachTimeout=0, enablePersistentHover=true, ie.forceCreateProcessApi=false, ie.usePerProcessProxy=false, ignoreZoomSetting=false, handlesAlerts=true, version=11, platform=WINDOWS, nativeEvents=true, ie.ensureCleanSession=false, elementScrollBehavior=0, ie.browserCommandLineSwitches=, requireWindowFocus=false, browserName=internet explorer, initialBrowserUrl=http://localhost:48693/, takesScreenshot=true, javascriptEnabled=true, ignoreProtectedModeSettings=false, enableElementCacheCleanup=true, cssSelectorsEnabled=true, unexpectedAlertBehaviour=dismiss}]
Session ID: e99463ff-1c61-4913-a156-6733143ce9be
	at org.openqa.selenium.support.ui.WebDriverWait.timeoutException(WebDriverWait.java:79)
	at org.openqa.selenium.support.ui.FluentWait.until(FluentWait.java:228)
	at PageObjects.HomePage$Header.women(HomePage.java:214)
	at Tests.ValidateMainPageLinks.test10M(ValidateMainPageLinks.java:130)
... Removed 24 stack frames]]>
    </failure>
  </testcase> <!-- test10M -->
  <testcase name="test11M" time="0.359" classname="Tests.ValidateMainPageLinks">
    <failure type="org.openqa.selenium.NoSuchElementException" message="Unable to find element with xpath == //a[@title=&amp;apos;Women&amp;apos;] (WARNING: The server did not provide any stacktrace information)
Command duration or timeout: 343 milliseconds
For documentation on this error, please visit: http://seleniumhq.org/exceptions/no_such_element.html
Build info: version: &amp;apos;2.45.0&amp;apos;, revision: &amp;apos;5017cb8&amp;apos;, time: &amp;apos;2015-02-27 00:00:10&amp;apos;
System info: host: &amp;apos;Kris-PC&amp;apos;, ip: &amp;apos;192.168.56.1&amp;apos;, os.name: &amp;apos;Windows 7&amp;apos;, os.arch: &amp;apos;amd64&amp;apos;, os.version: &amp;apos;6.1&amp;apos;, java.version: &amp;apos;1.8.0_31&amp;apos;
Driver info: org.openqa.selenium.ie.InternetExplorerDriver
Capabilities [{browserAttachTimeout=0, enablePersistentHover=true, ie.forceCreateProcessApi=false, ie.usePerProcessProxy=false, ignoreZoomSetting=false, handlesAlerts=true, version=11, platform=WINDOWS, nativeEvents=true, ie.ensureCleanSession=false, elementScrollBehavior=0, ie.browserCommandLineSwitches=, requireWindowFocus=false, browserName=internet explorer, initialBrowserUrl=http://localhost:48693/, takesScreenshot=true, javascriptEnabled=true, ignoreProtectedModeSettings=false, enableElementCacheCleanup=true, cssSelectorsEnabled=true, unexpectedAlertBehaviour=dismiss}]
Session ID: e99463ff-1c61-4913-a156-6733143ce9be
*** Element info: {Using=xpath, value=//a[@title=&amp;apos;Women&amp;apos;]}">
      <![CDATA[org.openqa.selenium.NoSuchElementException: Unable to find element with xpath == //a[@title='Women'] (WARNING: The server did not provide any stacktrace information)
Command duration or timeout: 343 milliseconds
For documentation on this error, please visit: http://seleniumhq.org/exceptions/no_such_element.html
Build info: version: '2.45.0', revision: '5017cb8', time: '2015-02-27 00:00:10'
System info: host: 'Kris-PC', ip: '192.168.56.1', os.name: 'Windows 7', os.arch: 'amd64', os.version: '6.1', java.version: '1.8.0_31'
Driver info: org.openqa.selenium.ie.InternetExplorerDriver
Capabilities [{browserAttachTimeout=0, enablePersistentHover=true, ie.forceCreateProcessApi=false, ie.usePerProcessProxy=false, ignoreZoomSetting=false, handlesAlerts=true, version=11, platform=WINDOWS, nativeEvents=true, ie.ensureCleanSession=false, elementScrollBehavior=0, ie.browserCommandLineSwitches=, requireWindowFocus=false, browserName=internet explorer, initialBrowserUrl=http://localhost:48693/, takesScreenshot=true, javascriptEnabled=true, ignoreProtectedModeSettings=false, enableElementCacheCleanup=true, cssSelectorsEnabled=true, unexpectedAlertBehaviour=dismiss}]
Session ID: e99463ff-1c61-4913-a156-6733143ce9be
*** Element info: {Using=xpath, value=//a[@title='Women']}
	at org.openqa.selenium.remote.ErrorHandler.createThrowable(ErrorHandler.java:204)
	at org.openqa.selenium.remote.ErrorHandler.throwIfResponseFailed(ErrorHandler.java:156)
	at org.openqa.selenium.remote.RemoteWebDriver.execute(RemoteWebDriver.java:599)
	at org.openqa.selenium.remote.RemoteWebDriver.findElement(RemoteWebDriver.java:352)
	at org.openqa.selenium.remote.RemoteWebDriver.findElementByXPath(RemoteWebDriver.java:449)
	at org.openqa.selenium.By$ByXPath.findElement(By.java:357)
	at org.openqa.selenium.remote.RemoteWebDriver.findElement(RemoteWebDriver.java:344)
	at PageObjects.HomePage$Header.women(HomePage.java:110)
	at PageObjects.HomePage$Header.women(HomePage.java:125)
	at Tests.ValidateMainPageLinks.test11M(ValidateMainPageLinks.java:143)
... Removed 28 stack frames]]>
    </failure>
  </testcase> <!-- test11M -->
  <testcase name="test12M" time="0.327" classname="Tests.ValidateMainPageLinks">
    <failure type="org.openqa.selenium.NoSuchElementException" message="Unable to find element with xpath == //a[@title=&amp;apos;Women&amp;apos;] (WARNING: The server did not provide any stacktrace information)
Command duration or timeout: 327 milliseconds
For documentation on this error, please visit: http://seleniumhq.org/exceptions/no_such_element.html
Build info: version: &amp;apos;2.45.0&amp;apos;, revision: &amp;apos;5017cb8&amp;apos;, time: &amp;apos;2015-02-27 00:00:10&amp;apos;
System info: host: &amp;apos;Kris-PC&amp;apos;, ip: &amp;apos;192.168.56.1&amp;apos;, os.name: &amp;apos;Windows 7&amp;apos;, os.arch: &amp;apos;amd64&amp;apos;, os.version: &amp;apos;6.1&amp;apos;, java.version: &amp;apos;1.8.0_31&amp;apos;
Driver info: org.openqa.selenium.ie.InternetExplorerDriver
Capabilities [{browserAttachTimeout=0, enablePersistentHover=true, ie.forceCreateProcessApi=false, ie.usePerProcessProxy=false, ignoreZoomSetting=false, handlesAlerts=true, version=11, platform=WINDOWS, nativeEvents=true, ie.ensureCleanSession=false, elementScrollBehavior=0, ie.browserCommandLineSwitches=, requireWindowFocus=false, browserName=internet explorer, initialBrowserUrl=http://localhost:48693/, takesScreenshot=true, javascriptEnabled=true, ignoreProtectedModeSettings=false, enableElementCacheCleanup=true, cssSelectorsEnabled=true, unexpectedAlertBehaviour=dismiss}]
Session ID: e99463ff-1c61-4913-a156-6733143ce9be
*** Element info: {Using=xpath, value=//a[@title=&amp;apos;Women&amp;apos;]}">
      <![CDATA[org.openqa.selenium.NoSuchElementException: Unable to find element with xpath == //a[@title='Women'] (WARNING: The server did not provide any stacktrace information)
Command duration or timeout: 327 milliseconds
For documentation on this error, please visit: http://seleniumhq.org/exceptions/no_such_element.html
Build info: version: '2.45.0', revision: '5017cb8', time: '2015-02-27 00:00:10'
System info: host: 'Kris-PC', ip: '192.168.56.1', os.name: 'Windows 7', os.arch: 'amd64', os.version: '6.1', java.version: '1.8.0_31'
Driver info: org.openqa.selenium.ie.InternetExplorerDriver
Capabilities [{browserAttachTimeout=0, enablePersistentHover=true, ie.forceCreateProcessApi=false, ie.usePerProcessProxy=false, ignoreZoomSetting=false, handlesAlerts=true, version=11, platform=WINDOWS, nativeEvents=true, ie.ensureCleanSession=false, elementScrollBehavior=0, ie.browserCommandLineSwitches=, requireWindowFocus=false, browserName=internet explorer, initialBrowserUrl=http://localhost:48693/, takesScreenshot=true, javascriptEnabled=true, ignoreProtectedModeSettings=false, enableElementCacheCleanup=true, cssSelectorsEnabled=true, unexpectedAlertBehaviour=dismiss}]
Session ID: e99463ff-1c61-4913-a156-6733143ce9be
*** Element info: {Using=xpath, value=//a[@title='Women']}
	at org.openqa.selenium.remote.ErrorHandler.createThrowable(ErrorHandler.java:204)
	at org.openqa.selenium.remote.ErrorHandler.throwIfResponseFailed(ErrorHandler.java:156)
	at org.openqa.selenium.remote.RemoteWebDriver.execute(RemoteWebDriver.java:599)
	at org.openqa.selenium.remote.RemoteWebDriver.findElement(RemoteWebDriver.java:352)
	at org.openqa.selenium.remote.RemoteWebDriver.findElementByXPath(RemoteWebDriver.java:449)
	at org.openqa.selenium.By$ByXPath.findElement(By.java:357)
	at org.openqa.selenium.remote.RemoteWebDriver.findElement(RemoteWebDriver.java:344)
	at PageObjects.HomePage$Header.women(HomePage.java:110)
	at PageObjects.HomePage$Header.women(HomePage.java:125)
	at Tests.ValidateMainPageLinks.test12M(ValidateMainPageLinks.java:155)
... Removed 28 stack frames]]>
    </failure>
  </testcase> <!-- test12M -->
  <testcase name="test13M" time="0.343" classname="Tests.ValidateMainPageLinks">
    <failure type="org.openqa.selenium.NoSuchElementException" message="Unable to find element with xpath == //a[@title=&amp;apos;Women&amp;apos;] (WARNING: The server did not provide any stacktrace information)
Command duration or timeout: 343 milliseconds
For documentation on this error, please visit: http://seleniumhq.org/exceptions/no_such_element.html
Build info: version: &amp;apos;2.45.0&amp;apos;, revision: &amp;apos;5017cb8&amp;apos;, time: &amp;apos;2015-02-27 00:00:10&amp;apos;
System info: host: &amp;apos;Kris-PC&amp;apos;, ip: &amp;apos;192.168.56.1&amp;apos;, os.name: &amp;apos;Windows 7&amp;apos;, os.arch: &amp;apos;amd64&amp;apos;, os.version: &amp;apos;6.1&amp;apos;, java.version: &amp;apos;1.8.0_31&amp;apos;
Driver info: org.openqa.selenium.ie.InternetExplorerDriver
Capabilities [{browserAttachTimeout=0, enablePersistentHover=true, ie.forceCreateProcessApi=false, ie.usePerProcessProxy=false, ignoreZoomSetting=false, handlesAlerts=true, version=11, platform=WINDOWS, nativeEvents=true, ie.ensureCleanSession=false, elementScrollBehavior=0, ie.browserCommandLineSwitches=, requireWindowFocus=false, browserName=internet explorer, initialBrowserUrl=http://localhost:48693/, takesScreenshot=true, javascriptEnabled=true, ignoreProtectedModeSettings=false, enableElementCacheCleanup=true, cssSelectorsEnabled=true, unexpectedAlertBehaviour=dismiss}]
Session ID: e99463ff-1c61-4913-a156-6733143ce9be
*** Element info: {Using=xpath, value=//a[@title=&amp;apos;Women&amp;apos;]}">
      <![CDATA[org.openqa.selenium.NoSuchElementException: Unable to find element with xpath == //a[@title='Women'] (WARNING: The server did not provide any stacktrace information)
Command duration or timeout: 343 milliseconds
For documentation on this error, please visit: http://seleniumhq.org/exceptions/no_such_element.html
Build info: version: '2.45.0', revision: '5017cb8', time: '2015-02-27 00:00:10'
System info: host: 'Kris-PC', ip: '192.168.56.1', os.name: 'Windows 7', os.arch: 'amd64', os.version: '6.1', java.version: '1.8.0_31'
Driver info: org.openqa.selenium.ie.InternetExplorerDriver
Capabilities [{browserAttachTimeout=0, enablePersistentHover=true, ie.forceCreateProcessApi=false, ie.usePerProcessProxy=false, ignoreZoomSetting=false, handlesAlerts=true, version=11, platform=WINDOWS, nativeEvents=true, ie.ensureCleanSession=false, elementScrollBehavior=0, ie.browserCommandLineSwitches=, requireWindowFocus=false, browserName=internet explorer, initialBrowserUrl=http://localhost:48693/, takesScreenshot=true, javascriptEnabled=true, ignoreProtectedModeSettings=false, enableElementCacheCleanup=true, cssSelectorsEnabled=true, unexpectedAlertBehaviour=dismiss}]
Session ID: e99463ff-1c61-4913-a156-6733143ce9be
*** Element info: {Using=xpath, value=//a[@title='Women']}
	at org.openqa.selenium.remote.ErrorHandler.createThrowable(ErrorHandler.java:204)
	at org.openqa.selenium.remote.ErrorHandler.throwIfResponseFailed(ErrorHandler.java:156)
	at org.openqa.selenium.remote.RemoteWebDriver.execute(RemoteWebDriver.java:599)
	at org.openqa.selenium.remote.RemoteWebDriver.findElement(RemoteWebDriver.java:352)
	at org.openqa.selenium.remote.RemoteWebDriver.findElementByXPath(RemoteWebDriver.java:449)
	at org.openqa.selenium.By$ByXPath.findElement(By.java:357)
	at org.openqa.selenium.remote.RemoteWebDriver.findElement(RemoteWebDriver.java:344)
	at PageObjects.HomePage$Header.women(HomePage.java:110)
	at PageObjects.HomePage$Header.women(HomePage.java:125)
	at Tests.ValidateMainPageLinks.test13M(ValidateMainPageLinks.java:165)
... Removed 28 stack frames]]>
    </failure>
  </testcase> <!-- test13M -->
  <testcase name="test14M" time="0.344" classname="Tests.ValidateMainPageLinks">
    <failure type="org.openqa.selenium.NoSuchElementException" message="Unable to find element with xpath == //a[@title=&amp;apos;Women&amp;apos;] (WARNING: The server did not provide any stacktrace information)
Command duration or timeout: 344 milliseconds
For documentation on this error, please visit: http://seleniumhq.org/exceptions/no_such_element.html
Build info: version: &amp;apos;2.45.0&amp;apos;, revision: &amp;apos;5017cb8&amp;apos;, time: &amp;apos;2015-02-27 00:00:10&amp;apos;
System info: host: &amp;apos;Kris-PC&amp;apos;, ip: &amp;apos;192.168.56.1&amp;apos;, os.name: &amp;apos;Windows 7&amp;apos;, os.arch: &amp;apos;amd64&amp;apos;, os.version: &amp;apos;6.1&amp;apos;, java.version: &amp;apos;1.8.0_31&amp;apos;
Driver info: org.openqa.selenium.ie.InternetExplorerDriver
Capabilities [{browserAttachTimeout=0, enablePersistentHover=true, ie.forceCreateProcessApi=false, ie.usePerProcessProxy=false, ignoreZoomSetting=false, handlesAlerts=true, version=11, platform=WINDOWS, nativeEvents=true, ie.ensureCleanSession=false, elementScrollBehavior=0, ie.browserCommandLineSwitches=, requireWindowFocus=false, browserName=internet explorer, initialBrowserUrl=http://localhost:48693/, takesScreenshot=true, javascriptEnabled=true, ignoreProtectedModeSettings=false, enableElementCacheCleanup=true, cssSelectorsEnabled=true, unexpectedAlertBehaviour=dismiss}]
Session ID: e99463ff-1c61-4913-a156-6733143ce9be
*** Element info: {Using=xpath, value=//a[@title=&amp;apos;Women&amp;apos;]}">
      <![CDATA[org.openqa.selenium.NoSuchElementException: Unable to find element with xpath == //a[@title='Women'] (WARNING: The server did not provide any stacktrace information)
Command duration or timeout: 344 milliseconds
For documentation on this error, please visit: http://seleniumhq.org/exceptions/no_such_element.html
Build info: version: '2.45.0', revision: '5017cb8', time: '2015-02-27 00:00:10'
System info: host: 'Kris-PC', ip: '192.168.56.1', os.name: 'Windows 7', os.arch: 'amd64', os.version: '6.1', java.version: '1.8.0_31'
Driver info: org.openqa.selenium.ie.InternetExplorerDriver
Capabilities [{browserAttachTimeout=0, enablePersistentHover=true, ie.forceCreateProcessApi=false, ie.usePerProcessProxy=false, ignoreZoomSetting=false, handlesAlerts=true, version=11, platform=WINDOWS, nativeEvents=true, ie.ensureCleanSession=false, elementScrollBehavior=0, ie.browserCommandLineSwitches=, requireWindowFocus=false, browserName=internet explorer, initialBrowserUrl=http://localhost:48693/, takesScreenshot=true, javascriptEnabled=true, ignoreProtectedModeSettings=false, enableElementCacheCleanup=true, cssSelectorsEnabled=true, unexpectedAlertBehaviour=dismiss}]
Session ID: e99463ff-1c61-4913-a156-6733143ce9be
*** Element info: {Using=xpath, value=//a[@title='Women']}
	at org.openqa.selenium.remote.ErrorHandler.createThrowable(ErrorHandler.java:204)
	at org.openqa.selenium.remote.ErrorHandler.throwIfResponseFailed(ErrorHandler.java:156)
	at org.openqa.selenium.remote.RemoteWebDriver.execute(RemoteWebDriver.java:599)
	at org.openqa.selenium.remote.RemoteWebDriver.findElement(RemoteWebDriver.java:352)
	at org.openqa.selenium.remote.RemoteWebDriver.findElementByXPath(RemoteWebDriver.java:449)
	at org.openqa.selenium.By$ByXPath.findElement(By.java:357)
	at org.openqa.selenium.remote.RemoteWebDriver.findElement(RemoteWebDriver.java:344)
	at PageObjects.HomePage$Header.women(HomePage.java:110)
	at PageObjects.HomePage$Header.women(HomePage.java:125)
	at Tests.ValidateMainPageLinks.test14M(ValidateMainPageLinks.java:177)
... Removed 28 stack frames]]>
    </failure>
  </testcase> <!-- test14M -->
  <testcase name="test15M" time="0.328" classname="Tests.ValidateMainPageLinks">
    <failure type="org.openqa.selenium.StaleElementReferenceException" message="Element is no longer valid (WARNING: The server did not provide any stacktrace information)
Command duration or timeout: 0 milliseconds
For documentation on this error, please visit: http://seleniumhq.org/exceptions/stale_element_reference.html
Build info: version: &amp;apos;2.45.0&amp;apos;, revision: &amp;apos;5017cb8&amp;apos;, time: &amp;apos;2015-02-27 00:00:10&amp;apos;
System info: host: &amp;apos;Kris-PC&amp;apos;, ip: &amp;apos;192.168.56.1&amp;apos;, os.name: &amp;apos;Windows 7&amp;apos;, os.arch: &amp;apos;amd64&amp;apos;, os.version: &amp;apos;6.1&amp;apos;, java.version: &amp;apos;1.8.0_31&amp;apos;
Driver info: org.openqa.selenium.ie.InternetExplorerDriver
Capabilities [{browserAttachTimeout=0, enablePersistentHover=true, ie.forceCreateProcessApi=false, ie.usePerProcessProxy=false, ignoreZoomSetting=false, handlesAlerts=true, version=11, platform=WINDOWS, nativeEvents=true, ie.ensureCleanSession=false, elementScrollBehavior=0, ie.browserCommandLineSwitches=, requireWindowFocus=false, browserName=internet explorer, initialBrowserUrl=http://localhost:48693/, takesScreenshot=true, javascriptEnabled=true, ignoreProtectedModeSettings=false, enableElementCacheCleanup=true, cssSelectorsEnabled=true, unexpectedAlertBehaviour=dismiss}]
Session ID: e99463ff-1c61-4913-a156-6733143ce9be">
      <![CDATA[org.openqa.selenium.StaleElementReferenceException: Element is no longer valid (WARNING: The server did not provide any stacktrace information)
Command duration or timeout: 0 milliseconds
For documentation on this error, please visit: http://seleniumhq.org/exceptions/stale_element_reference.html
Build info: version: '2.45.0', revision: '5017cb8', time: '2015-02-27 00:00:10'
System info: host: 'Kris-PC', ip: '192.168.56.1', os.name: 'Windows 7', os.arch: 'amd64', os.version: '6.1', java.version: '1.8.0_31'
Driver info: org.openqa.selenium.ie.InternetExplorerDriver
Capabilities [{browserAttachTimeout=0, enablePersistentHover=true, ie.forceCreateProcessApi=false, ie.usePerProcessProxy=false, ignoreZoomSetting=false, handlesAlerts=true, version=11, platform=WINDOWS, nativeEvents=true, ie.ensureCleanSession=false, elementScrollBehavior=0, ie.browserCommandLineSwitches=, requireWindowFocus=false, browserName=internet explorer, initialBrowserUrl=http://localhost:48693/, takesScreenshot=true, javascriptEnabled=true, ignoreProtectedModeSettings=false, enableElementCacheCleanup=true, cssSelectorsEnabled=true, unexpectedAlertBehaviour=dismiss}]
Session ID: e99463ff-1c61-4913-a156-6733143ce9be
	at org.openqa.selenium.remote.ErrorHandler.createThrowable(ErrorHandler.java:204)
	at org.openqa.selenium.remote.ErrorHandler.throwIfResponseFailed(ErrorHandler.java:156)
	at org.openqa.selenium.remote.RemoteWebDriver.execute(RemoteWebDriver.java:599)
	at org.openqa.selenium.remote.RemoteWebElement.execute(RemoteWebElement.java:268)
	at org.openqa.selenium.remote.RemoteWebElement.click(RemoteWebElement.java:79)
	at Tests.ValidateMainPageLinks.test15M(ValidateMainPageLinks.java:187)
... Removed 28 stack frames]]>
    </failure>
  </testcase> <!-- test15M -->
  <testcase name="test16M" time="0.686" classname="Tests.ValidateMainPageLinks">
    <failure type="org.openqa.selenium.NoSuchElementException" message="Unable to find element with xpath == //*[@id=&amp;apos;block_top_menu&amp;apos;]/ul/li[2]/ul/li[1]/a (WARNING: The server did not provide any stacktrace information)
Command duration or timeout: 343 milliseconds
For documentation on this error, please visit: http://seleniumhq.org/exceptions/no_such_element.html
Build info: version: &amp;apos;2.45.0&amp;apos;, revision: &amp;apos;5017cb8&amp;apos;, time: &amp;apos;2015-02-27 00:00:10&amp;apos;
System info: host: &amp;apos;Kris-PC&amp;apos;, ip: &amp;apos;192.168.56.1&amp;apos;, os.name: &amp;apos;Windows 7&amp;apos;, os.arch: &amp;apos;amd64&amp;apos;, os.version: &amp;apos;6.1&amp;apos;, java.version: &amp;apos;1.8.0_31&amp;apos;
Driver info: org.openqa.selenium.ie.InternetExplorerDriver
Capabilities [{browserAttachTimeout=0, enablePersistentHover=true, ie.forceCreateProcessApi=false, ie.usePerProcessProxy=false, ignoreZoomSetting=false, handlesAlerts=true, version=11, platform=WINDOWS, nativeEvents=true, ie.ensureCleanSession=false, elementScrollBehavior=0, ie.browserCommandLineSwitches=, requireWindowFocus=false, browserName=internet explorer, initialBrowserUrl=http://localhost:48693/, takesScreenshot=true, javascriptEnabled=true, ignoreProtectedModeSettings=false, enableElementCacheCleanup=true, cssSelectorsEnabled=true, unexpectedAlertBehaviour=dismiss}]
Session ID: e99463ff-1c61-4913-a156-6733143ce9be
*** Element info: {Using=xpath, value=//*[@id=&amp;apos;block_top_menu&amp;apos;]/ul/li[2]/ul/li[1]/a}">
      <![CDATA[org.openqa.selenium.NoSuchElementException: Unable to find element with xpath == //*[@id='block_top_menu']/ul/li[2]/ul/li[1]/a (WARNING: The server did not provide any stacktrace information)
Command duration or timeout: 343 milliseconds
For documentation on this error, please visit: http://seleniumhq.org/exceptions/no_such_element.html
Build info: version: '2.45.0', revision: '5017cb8', time: '2015-02-27 00:00:10'
System info: host: 'Kris-PC', ip: '192.168.56.1', os.name: 'Windows 7', os.arch: 'amd64', os.version: '6.1', java.version: '1.8.0_31'
Driver info: org.openqa.selenium.ie.InternetExplorerDriver
Capabilities [{browserAttachTimeout=0, enablePersistentHover=true, ie.forceCreateProcessApi=false, ie.usePerProcessProxy=false, ignoreZoomSetting=false, handlesAlerts=true, version=11, platform=WINDOWS, nativeEvents=true, ie.ensureCleanSession=false, elementScrollBehavior=0, ie.browserCommandLineSwitches=, requireWindowFocus=false, browserName=internet explorer, initialBrowserUrl=http://localhost:48693/, takesScreenshot=true, javascriptEnabled=true, ignoreProtectedModeSettings=false, enableElementCacheCleanup=true, cssSelectorsEnabled=true, unexpectedAlertBehaviour=dismiss}]
Session ID: e99463ff-1c61-4913-a156-6733143ce9be
*** Element info: {Using=xpath, value=//*[@id='block_top_menu']/ul/li[2]/ul/li[1]/a}
	at org.openqa.selenium.remote.ErrorHandler.createThrowable(ErrorHandler.java:204)
	at org.openqa.selenium.remote.ErrorHandler.throwIfResponseFailed(ErrorHandler.java:156)
	at org.openqa.selenium.remote.RemoteWebDriver.execute(RemoteWebDriver.java:599)
	at org.openqa.selenium.remote.RemoteWebDriver.findElement(RemoteWebDriver.java:352)
	at org.openqa.selenium.remote.RemoteWebDriver.findElementByXPath(RemoteWebDriver.java:449)
	at org.openqa.selenium.By$ByXPath.findElement(By.java:357)
	at org.openqa.selenium.remote.RemoteWebDriver.findElement(RemoteWebDriver.java:344)
	at PageObjects.HomePage$Header.dresses(HomePage.java:245)
	at Tests.ValidateMainPageLinks.test16M(ValidateMainPageLinks.java:197)
... Removed 28 stack frames]]>
    </failure>
  </testcase> <!-- test16M -->
  <testcase name="test17M" time="0.686" classname="Tests.ValidateMainPageLinks">
    <failure type="org.openqa.selenium.NoSuchElementException" message="Unable to find element with xpath == //*[@id=&amp;apos;block_top_menu&amp;apos;]/ul/li[2]/ul/li[2]/a (WARNING: The server did not provide any stacktrace information)
Command duration or timeout: 343 milliseconds
For documentation on this error, please visit: http://seleniumhq.org/exceptions/no_such_element.html
Build info: version: &amp;apos;2.45.0&amp;apos;, revision: &amp;apos;5017cb8&amp;apos;, time: &amp;apos;2015-02-27 00:00:10&amp;apos;
System info: host: &amp;apos;Kris-PC&amp;apos;, ip: &amp;apos;192.168.56.1&amp;apos;, os.name: &amp;apos;Windows 7&amp;apos;, os.arch: &amp;apos;amd64&amp;apos;, os.version: &amp;apos;6.1&amp;apos;, java.version: &amp;apos;1.8.0_31&amp;apos;
Driver info: org.openqa.selenium.ie.InternetExplorerDriver
Capabilities [{browserAttachTimeout=0, enablePersistentHover=true, ie.forceCreateProcessApi=false, ie.usePerProcessProxy=false, ignoreZoomSetting=false, handlesAlerts=true, version=11, platform=WINDOWS, nativeEvents=true, ie.ensureCleanSession=false, elementScrollBehavior=0, ie.browserCommandLineSwitches=, requireWindowFocus=false, browserName=internet explorer, initialBrowserUrl=http://localhost:48693/, takesScreenshot=true, javascriptEnabled=true, ignoreProtectedModeSettings=false, enableElementCacheCleanup=true, cssSelectorsEnabled=true, unexpectedAlertBehaviour=dismiss}]
Session ID: e99463ff-1c61-4913-a156-6733143ce9be
*** Element info: {Using=xpath, value=//*[@id=&amp;apos;block_top_menu&amp;apos;]/ul/li[2]/ul/li[2]/a}">
      <![CDATA[org.openqa.selenium.NoSuchElementException: Unable to find element with xpath == //*[@id='block_top_menu']/ul/li[2]/ul/li[2]/a (WARNING: The server did not provide any stacktrace information)
Command duration or timeout: 343 milliseconds
For documentation on this error, please visit: http://seleniumhq.org/exceptions/no_such_element.html
Build info: version: '2.45.0', revision: '5017cb8', time: '2015-02-27 00:00:10'
System info: host: 'Kris-PC', ip: '192.168.56.1', os.name: 'Windows 7', os.arch: 'amd64', os.version: '6.1', java.version: '1.8.0_31'
Driver info: org.openqa.selenium.ie.InternetExplorerDriver
Capabilities [{browserAttachTimeout=0, enablePersistentHover=true, ie.forceCreateProcessApi=false, ie.usePerProcessProxy=false, ignoreZoomSetting=false, handlesAlerts=true, version=11, platform=WINDOWS, nativeEvents=true, ie.ensureCleanSession=false, elementScrollBehavior=0, ie.browserCommandLineSwitches=, requireWindowFocus=false, browserName=internet explorer, initialBrowserUrl=http://localhost:48693/, takesScreenshot=true, javascriptEnabled=true, ignoreProtectedModeSettings=false, enableElementCacheCleanup=true, cssSelectorsEnabled=true, unexpectedAlertBehaviour=dismiss}]
Session ID: e99463ff-1c61-4913-a156-6733143ce9be
*** Element info: {Using=xpath, value=//*[@id='block_top_menu']/ul/li[2]/ul/li[2]/a}
	at org.openqa.selenium.remote.ErrorHandler.createThrowable(ErrorHandler.java:204)
	at org.openqa.selenium.remote.ErrorHandler.throwIfResponseFailed(ErrorHandler.java:156)
	at org.openqa.selenium.remote.RemoteWebDriver.execute(RemoteWebDriver.java:599)
	at org.openqa.selenium.remote.RemoteWebDriver.findElement(RemoteWebDriver.java:352)
	at org.openqa.selenium.remote.RemoteWebDriver.findElementByXPath(RemoteWebDriver.java:449)
	at org.openqa.selenium.By$ByXPath.findElement(By.java:357)
	at org.openqa.selenium.remote.RemoteWebDriver.findElement(RemoteWebDriver.java:344)
	at PageObjects.HomePage$Header.dresses(HomePage.java:256)
	at Tests.ValidateMainPageLinks.test17M(ValidateMainPageLinks.java:207)
... Removed 28 stack frames]]>
    </failure>
  </testcase> <!-- test17M -->
  <testcase name="test18M" time="0.687" classname="Tests.ValidateMainPageLinks">
    <failure type="org.openqa.selenium.NoSuchElementException" message="Unable to find element with xpath == //*[@id=&amp;apos;block_top_menu&amp;apos;]/ul/li[2]/ul/li[3]/a (WARNING: The server did not provide any stacktrace information)
Command duration or timeout: 329 milliseconds
For documentation on this error, please visit: http://seleniumhq.org/exceptions/no_such_element.html
Build info: version: &amp;apos;2.45.0&amp;apos;, revision: &amp;apos;5017cb8&amp;apos;, time: &amp;apos;2015-02-27 00:00:10&amp;apos;
System info: host: &amp;apos;Kris-PC&amp;apos;, ip: &amp;apos;192.168.56.1&amp;apos;, os.name: &amp;apos;Windows 7&amp;apos;, os.arch: &amp;apos;amd64&amp;apos;, os.version: &amp;apos;6.1&amp;apos;, java.version: &amp;apos;1.8.0_31&amp;apos;
Driver info: org.openqa.selenium.ie.InternetExplorerDriver
Capabilities [{browserAttachTimeout=0, enablePersistentHover=true, ie.forceCreateProcessApi=false, ie.usePerProcessProxy=false, ignoreZoomSetting=false, handlesAlerts=true, version=11, platform=WINDOWS, nativeEvents=true, ie.ensureCleanSession=false, elementScrollBehavior=0, ie.browserCommandLineSwitches=, requireWindowFocus=false, browserName=internet explorer, initialBrowserUrl=http://localhost:48693/, takesScreenshot=true, javascriptEnabled=true, ignoreProtectedModeSettings=false, enableElementCacheCleanup=true, cssSelectorsEnabled=true, unexpectedAlertBehaviour=dismiss}]
Session ID: e99463ff-1c61-4913-a156-6733143ce9be
*** Element info: {Using=xpath, value=//*[@id=&amp;apos;block_top_menu&amp;apos;]/ul/li[2]/ul/li[3]/a}">
      <![CDATA[org.openqa.selenium.NoSuchElementException: Unable to find element with xpath == //*[@id='block_top_menu']/ul/li[2]/ul/li[3]/a (WARNING: The server did not provide any stacktrace information)
Command duration or timeout: 329 milliseconds
For documentation on this error, please visit: http://seleniumhq.org/exceptions/no_such_element.html
Build info: version: '2.45.0', revision: '5017cb8', time: '2015-02-27 00:00:10'
System info: host: 'Kris-PC', ip: '192.168.56.1', os.name: 'Windows 7', os.arch: 'amd64', os.version: '6.1', java.version: '1.8.0_31'
Driver info: org.openqa.selenium.ie.InternetExplorerDriver
Capabilities [{browserAttachTimeout=0, enablePersistentHover=true, ie.forceCreateProcessApi=false, ie.usePerProcessProxy=false, ignoreZoomSetting=false, handlesAlerts=true, version=11, platform=WINDOWS, nativeEvents=true, ie.ensureCleanSession=false, elementScrollBehavior=0, ie.browserCommandLineSwitches=, requireWindowFocus=false, browserName=internet explorer, initialBrowserUrl=http://localhost:48693/, takesScreenshot=true, javascriptEnabled=true, ignoreProtectedModeSettings=false, enableElementCacheCleanup=true, cssSelectorsEnabled=true, unexpectedAlertBehaviour=dismiss}]
Session ID: e99463ff-1c61-4913-a156-6733143ce9be
*** Element info: {Using=xpath, value=//*[@id='block_top_menu']/ul/li[2]/ul/li[3]/a}
	at org.openqa.selenium.remote.ErrorHandler.createThrowable(ErrorHandler.java:204)
	at org.openqa.selenium.remote.ErrorHandler.throwIfResponseFailed(ErrorHandler.java:156)
	at org.openqa.selenium.remote.RemoteWebDriver.execute(RemoteWebDriver.java:599)
	at org.openqa.selenium.remote.RemoteWebDriver.findElement(RemoteWebDriver.java:352)
	at org.openqa.selenium.remote.RemoteWebDriver.findElementByXPath(RemoteWebDriver.java:449)
	at org.openqa.selenium.By$ByXPath.findElement(By.java:357)
	at org.openqa.selenium.remote.RemoteWebDriver.findElement(RemoteWebDriver.java:344)
	at PageObjects.HomePage$Header.dresses(HomePage.java:267)
	at Tests.ValidateMainPageLinks.test18M(ValidateMainPageLinks.java:217)
... Removed 28 stack frames]]>
    </failure>
  </testcase> <!-- test18M -->
  <testcase name="test19M" time="0.328" classname="Tests.ValidateMainPageLinks">
    <failure type="org.openqa.selenium.NoSuchElementException" message="Unable to find element with xpath == //*[@id=&amp;apos;block_top_menu&amp;apos;]/ul/li[3]/a (WARNING: The server did not provide any stacktrace information)
Command duration or timeout: 328 milliseconds
For documentation on this error, please visit: http://seleniumhq.org/exceptions/no_such_element.html
Build info: version: &amp;apos;2.45.0&amp;apos;, revision: &amp;apos;5017cb8&amp;apos;, time: &amp;apos;2015-02-27 00:00:10&amp;apos;
System info: host: &amp;apos;Kris-PC&amp;apos;, ip: &amp;apos;192.168.56.1&amp;apos;, os.name: &amp;apos;Windows 7&amp;apos;, os.arch: &amp;apos;amd64&amp;apos;, os.version: &amp;apos;6.1&amp;apos;, java.version: &amp;apos;1.8.0_31&amp;apos;
Driver info: org.openqa.selenium.ie.InternetExplorerDriver
Capabilities [{browserAttachTimeout=0, enablePersistentHover=true, ie.forceCreateProcessApi=false, ie.usePerProcessProxy=false, ignoreZoomSetting=false, handlesAlerts=true, version=11, platform=WINDOWS, nativeEvents=true, ie.ensureCleanSession=false, elementScrollBehavior=0, ie.browserCommandLineSwitches=, requireWindowFocus=false, browserName=internet explorer, initialBrowserUrl=http://localhost:48693/, takesScreenshot=true, javascriptEnabled=true, ignoreProtectedModeSettings=false, enableElementCacheCleanup=true, cssSelectorsEnabled=true, unexpectedAlertBehaviour=dismiss}]
Session ID: e99463ff-1c61-4913-a156-6733143ce9be
*** Element info: {Using=xpath, value=//*[@id=&amp;apos;block_top_menu&amp;apos;]/ul/li[3]/a}">
      <![CDATA[org.openqa.selenium.NoSuchElementException: Unable to find element with xpath == //*[@id='block_top_menu']/ul/li[3]/a (WARNING: The server did not provide any stacktrace information)
Command duration or timeout: 328 milliseconds
For documentation on this error, please visit: http://seleniumhq.org/exceptions/no_such_element.html
Build info: version: '2.45.0', revision: '5017cb8', time: '2015-02-27 00:00:10'
System info: host: 'Kris-PC', ip: '192.168.56.1', os.name: 'Windows 7', os.arch: 'amd64', os.version: '6.1', java.version: '1.8.0_31'
Driver info: org.openqa.selenium.ie.InternetExplorerDriver
Capabilities [{browserAttachTimeout=0, enablePersistentHover=true, ie.forceCreateProcessApi=false, ie.usePerProcessProxy=false, ignoreZoomSetting=false, handlesAlerts=true, version=11, platform=WINDOWS, nativeEvents=true, ie.ensureCleanSession=false, elementScrollBehavior=0, ie.browserCommandLineSwitches=, requireWindowFocus=false, browserName=internet explorer, initialBrowserUrl=http://localhost:48693/, takesScreenshot=true, javascriptEnabled=true, ignoreProtectedModeSettings=false, enableElementCacheCleanup=true, cssSelectorsEnabled=true, unexpectedAlertBehaviour=dismiss}]
Session ID: e99463ff-1c61-4913-a156-6733143ce9be
*** Element info: {Using=xpath, value=//*[@id='block_top_menu']/ul/li[3]/a}
	at org.openqa.selenium.remote.ErrorHandler.createThrowable(ErrorHandler.java:204)
	at org.openqa.selenium.remote.ErrorHandler.throwIfResponseFailed(ErrorHandler.java:156)
	at org.openqa.selenium.remote.RemoteWebDriver.execute(RemoteWebDriver.java:599)
	at org.openqa.selenium.remote.RemoteWebDriver.findElement(RemoteWebDriver.java:352)
	at org.openqa.selenium.remote.RemoteWebDriver.findElementByXPath(RemoteWebDriver.java:449)
	at org.openqa.selenium.By$ByXPath.findElement(By.java:357)
	at org.openqa.selenium.remote.RemoteWebDriver.findElement(RemoteWebDriver.java:344)
	at PageObjects.HomePage$Header.tShirts(HomePage.java:284)
	at Tests.ValidateMainPageLinks.test19M(ValidateMainPageLinks.java:227)
... Removed 28 stack frames]]>
    </failure>
  </testcase> <!-- test19M -->
  <testcase name="test1M" time="0.031" classname="Tests.ValidateMainPageLinks">
    <failure type="java.lang.AssertionError" message="expected [My Store] but found [WebDriver]">
      <![CDATA[java.lang.AssertionError: expected [My Store] but found [WebDriver]
	at Tests.ValidateMainPageLinks.test1M(ValidateMainPageLinks.java:49)
... Removed 29 stack frames]]>
    </failure>
  </testcase> <!-- test1M -->
  <testcase name="test1S" time="11.435" classname="Tests.ValidateMainPageLinks">
    <failure type="org.openqa.selenium.TimeoutException" message="Timed out after 10 seconds waiting for Tests.ValidateMainPageLinks$1@35dab4eb
Build info: version: &amp;apos;2.45.0&amp;apos;, revision: &amp;apos;5017cb8&amp;apos;, time: &amp;apos;2015-02-27 00:00:10&amp;apos;
System info: host: &amp;apos;Kris-PC&amp;apos;, ip: &amp;apos;192.168.56.1&amp;apos;, os.name: &amp;apos;Windows 7&amp;apos;, os.arch: &amp;apos;amd64&amp;apos;, os.version: &amp;apos;6.1&amp;apos;, java.version: &amp;apos;1.8.0_31&amp;apos;
Driver info: driver.version: unknown">
      <![CDATA[org.openqa.selenium.TimeoutException: Timed out after 10 seconds waiting for Tests.ValidateMainPageLinks$1@35dab4eb
Build info: version: '2.45.0', revision: '5017cb8', time: '2015-02-27 00:00:10'
System info: host: 'Kris-PC', ip: '192.168.56.1', os.name: 'Windows 7', os.arch: 'amd64', os.version: '6.1', java.version: '1.8.0_31'
Driver info: driver.version: unknown
	at org.openqa.selenium.support.ui.FluentWait.timeoutException(FluentWait.java:259)
	at org.openqa.selenium.support.ui.FluentWait.until(FluentWait.java:228)
	at org.openqa.selenium.support.ui.FluentWait.until(FluentWait.java:175)
	at Tests.ValidateMainPageLinks.test1S(ValidateMainPageLinks.java:563)
Caused by: org.openqa.selenium.NoSuchElementException: Unable to find element with xpath == //*[@id='homeslider']/li[2]/a/img (WARNING: The server did not provide any stacktrace information)
Command duration or timeout: 329 milliseconds
For documentation on this error, please visit: http://seleniumhq.org/exceptions/no_such_element.html
Build info: version: '2.45.0', revision: '5017cb8', time: '2015-02-27 00:00:10'
System info: host: 'Kris-PC', ip: '192.168.56.1', os.name: 'Windows 7', os.arch: 'amd64', os.version: '6.1', java.version: '1.8.0_31'
Driver info: org.openqa.selenium.ie.InternetExplorerDriver
Capabilities [{browserAttachTimeout=0, enablePersistentHover=true, ie.forceCreateProcessApi=false, ie.usePerProcessProxy=false, ignoreZoomSetting=false, handlesAlerts=true, version=11, platform=WINDOWS, nativeEvents=true, ie.ensureCleanSession=false, elementScrollBehavior=0, ie.browserCommandLineSwitches=, requireWindowFocus=false, browserName=internet explorer, initialBrowserUrl=http://localhost:48693/, takesScreenshot=true, javascriptEnabled=true, ignoreProtectedModeSettings=false, enableElementCacheCleanup=true, cssSelectorsEnabled=true, unexpectedAlertBehaviour=dismiss}]
Session ID: e99463ff-1c61-4913-a156-6733143ce9be
*** Element info: {Using=xpath, value=//*[@id='homeslider']/li[2]/a/img}
	at org.openqa.selenium.remote.ErrorHandler.createThrowable(ErrorHandler.java:204)
	at org.openqa.selenium.remote.ErrorHandler.throwIfResponseFailed(ErrorHandler.java:156)
	at org.openqa.selenium.remote.RemoteWebDriver.execute(RemoteWebDriver.java:599)
	at org.openqa.selenium.remote.RemoteWebDriver.findElement(RemoteWebDriver.java:352)
	at org.openqa.selenium.remote.RemoteWebDriver.findElementByXPath(RemoteWebDriver.java:449)
	at org.openqa.selenium.By$ByXPath.findElement(By.java:357)
	at org.openqa.selenium.remote.RemoteWebDriver.findElement(RemoteWebDriver.java:344)
	at Tests.ValidateMainPageLinks$1.apply(ValidateMainPageLinks.java:539)
	at Tests.ValidateMainPageLinks$1.apply(ValidateMainPageLinks.java:1)
	at org.openqa.selenium.support.ui.FluentWait$1.apply(FluentWait.java:177)
	at org.openqa.selenium.support.ui.FluentWait$1.apply(FluentWait.java:1)
	at org.openqa.selenium.support.ui.FluentWait.until(FluentWait.java:208)
	... 26 more
... Removed 27 stack frames]]>
    </failure>
  </testcase> <!-- test1S -->
  <testcase name="test20M" time="0.328" classname="Tests.ValidateMainPageLinks">
    <failure type="org.openqa.selenium.NoSuchElementException" message="Unable to find element with xpath == //*[@id=&amp;apos;homeslider&amp;apos;]/li[2]/a | //*[@id=&amp;apos;homeslider&amp;apos;]/li[3]/a | //*[@id=&amp;apos;homeslider&amp;apos;]/li[4]/a (WARNING: The server did not provide any stacktrace information)
Command duration or timeout: 328 milliseconds
For documentation on this error, please visit: http://seleniumhq.org/exceptions/no_such_element.html
Build info: version: &amp;apos;2.45.0&amp;apos;, revision: &amp;apos;5017cb8&amp;apos;, time: &amp;apos;2015-02-27 00:00:10&amp;apos;
System info: host: &amp;apos;Kris-PC&amp;apos;, ip: &amp;apos;192.168.56.1&amp;apos;, os.name: &amp;apos;Windows 7&amp;apos;, os.arch: &amp;apos;amd64&amp;apos;, os.version: &amp;apos;6.1&amp;apos;, java.version: &amp;apos;1.8.0_31&amp;apos;
Driver info: org.openqa.selenium.ie.InternetExplorerDriver
Capabilities [{browserAttachTimeout=0, enablePersistentHover=true, ie.forceCreateProcessApi=false, ie.usePerProcessProxy=false, ignoreZoomSetting=false, handlesAlerts=true, version=11, platform=WINDOWS, nativeEvents=true, ie.ensureCleanSession=false, elementScrollBehavior=0, ie.browserCommandLineSwitches=, requireWindowFocus=false, browserName=internet explorer, initialBrowserUrl=http://localhost:48693/, takesScreenshot=true, javascriptEnabled=true, ignoreProtectedModeSettings=false, enableElementCacheCleanup=true, cssSelectorsEnabled=true, unexpectedAlertBehaviour=dismiss}]
Session ID: e99463ff-1c61-4913-a156-6733143ce9be
*** Element info: {Using=xpath, value=//*[@id=&amp;apos;homeslider&amp;apos;]/li[2]/a | //*[@id=&amp;apos;homeslider&amp;apos;]/li[3]/a | //*[@id=&amp;apos;homeslider&amp;apos;]/li[4]/a}">
      <![CDATA[org.openqa.selenium.NoSuchElementException: Unable to find element with xpath == //*[@id='homeslider']/li[2]/a | //*[@id='homeslider']/li[3]/a | //*[@id='homeslider']/li[4]/a (WARNING: The server did not provide any stacktrace information)
Command duration or timeout: 328 milliseconds
For documentation on this error, please visit: http://seleniumhq.org/exceptions/no_such_element.html
Build info: version: '2.45.0', revision: '5017cb8', time: '2015-02-27 00:00:10'
System info: host: 'Kris-PC', ip: '192.168.56.1', os.name: 'Windows 7', os.arch: 'amd64', os.version: '6.1', java.version: '1.8.0_31'
Driver info: org.openqa.selenium.ie.InternetExplorerDriver
Capabilities [{browserAttachTimeout=0, enablePersistentHover=true, ie.forceCreateProcessApi=false, ie.usePerProcessProxy=false, ignoreZoomSetting=false, handlesAlerts=true, version=11, platform=WINDOWS, nativeEvents=true, ie.ensureCleanSession=false, elementScrollBehavior=0, ie.browserCommandLineSwitches=, requireWindowFocus=false, browserName=internet explorer, initialBrowserUrl=http://localhost:48693/, takesScreenshot=true, javascriptEnabled=true, ignoreProtectedModeSettings=false, enableElementCacheCleanup=true, cssSelectorsEnabled=true, unexpectedAlertBehaviour=dismiss}]
Session ID: e99463ff-1c61-4913-a156-6733143ce9be
*** Element info: {Using=xpath, value=//*[@id='homeslider']/li[2]/a | //*[@id='homeslider']/li[3]/a | //*[@id='homeslider']/li[4]/a}
	at org.openqa.selenium.remote.ErrorHandler.createThrowable(ErrorHandler.java:204)
	at org.openqa.selenium.remote.ErrorHandler.throwIfResponseFailed(ErrorHandler.java:156)
	at org.openqa.selenium.remote.RemoteWebDriver.execute(RemoteWebDriver.java:599)
	at org.openqa.selenium.remote.RemoteWebDriver.findElement(RemoteWebDriver.java:352)
	at org.openqa.selenium.remote.RemoteWebDriver.findElementByXPath(RemoteWebDriver.java:449)
	at org.openqa.selenium.By$ByXPath.findElement(By.java:357)
	at org.openqa.selenium.remote.RemoteWebDriver.findElement(RemoteWebDriver.java:344)
	at PageObjects.HomePage$ContainerTop.slider(HomePage.java:326)
	at Tests.ValidateMainPageLinks.test20M(ValidateMainPageLinks.java:236)
... Removed 27 stack frames]]>
    </failure>
  </testcase> <!-- test20M -->
  <testcase name="test21M" time="0.328" classname="Tests.ValidateMainPageLinks">
    <failure type="org.openqa.selenium.NoSuchElementException" message="Unable to find element with xpath == //*[@id=&amp;apos;htmlcontent_top&amp;apos;]/ul/li[1]/a (WARNING: The server did not provide any stacktrace information)
Command duration or timeout: 328 milliseconds
For documentation on this error, please visit: http://seleniumhq.org/exceptions/no_such_element.html
Build info: version: &amp;apos;2.45.0&amp;apos;, revision: &amp;apos;5017cb8&amp;apos;, time: &amp;apos;2015-02-27 00:00:10&amp;apos;
System info: host: &amp;apos;Kris-PC&amp;apos;, ip: &amp;apos;192.168.56.1&amp;apos;, os.name: &amp;apos;Windows 7&amp;apos;, os.arch: &amp;apos;amd64&amp;apos;, os.version: &amp;apos;6.1&amp;apos;, java.version: &amp;apos;1.8.0_31&amp;apos;
Driver info: org.openqa.selenium.ie.InternetExplorerDriver
Capabilities [{browserAttachTimeout=0, enablePersistentHover=true, ie.forceCreateProcessApi=false, ie.usePerProcessProxy=false, ignoreZoomSetting=false, handlesAlerts=true, version=11, platform=WINDOWS, nativeEvents=true, ie.ensureCleanSession=false, elementScrollBehavior=0, ie.browserCommandLineSwitches=, requireWindowFocus=false, browserName=internet explorer, initialBrowserUrl=http://localhost:48693/, takesScreenshot=true, javascriptEnabled=true, ignoreProtectedModeSettings=false, enableElementCacheCleanup=true, cssSelectorsEnabled=true, unexpectedAlertBehaviour=dismiss}]
Session ID: e99463ff-1c61-4913-a156-6733143ce9be
*** Element info: {Using=xpath, value=//*[@id=&amp;apos;htmlcontent_top&amp;apos;]/ul/li[1]/a}">
      <![CDATA[org.openqa.selenium.NoSuchElementException: Unable to find element with xpath == //*[@id='htmlcontent_top']/ul/li[1]/a (WARNING: The server did not provide any stacktrace information)
Command duration or timeout: 328 milliseconds
For documentation on this error, please visit: http://seleniumhq.org/exceptions/no_such_element.html
Build info: version: '2.45.0', revision: '5017cb8', time: '2015-02-27 00:00:10'
System info: host: 'Kris-PC', ip: '192.168.56.1', os.name: 'Windows 7', os.arch: 'amd64', os.version: '6.1', java.version: '1.8.0_31'
Driver info: org.openqa.selenium.ie.InternetExplorerDriver
Capabilities [{browserAttachTimeout=0, enablePersistentHover=true, ie.forceCreateProcessApi=false, ie.usePerProcessProxy=false, ignoreZoomSetting=false, handlesAlerts=true, version=11, platform=WINDOWS, nativeEvents=true, ie.ensureCleanSession=false, elementScrollBehavior=0, ie.browserCommandLineSwitches=, requireWindowFocus=false, browserName=internet explorer, initialBrowserUrl=http://localhost:48693/, takesScreenshot=true, javascriptEnabled=true, ignoreProtectedModeSettings=false, enableElementCacheCleanup=true, cssSelectorsEnabled=true, unexpectedAlertBehaviour=dismiss}]
Session ID: e99463ff-1c61-4913-a156-6733143ce9be
*** Element info: {Using=xpath, value=//*[@id='htmlcontent_top']/ul/li[1]/a}
	at org.openqa.selenium.remote.ErrorHandler.createThrowable(ErrorHandler.java:204)
	at org.openqa.selenium.remote.ErrorHandler.throwIfResponseFailed(ErrorHandler.java:156)
	at org.openqa.selenium.remote.RemoteWebDriver.execute(RemoteWebDriver.java:599)
	at org.openqa.selenium.remote.RemoteWebDriver.findElement(RemoteWebDriver.java:352)
	at org.openqa.selenium.remote.RemoteWebDriver.findElementByXPath(RemoteWebDriver.java:449)
	at org.openqa.selenium.By$ByXPath.findElement(By.java:357)
	at org.openqa.selenium.remote.RemoteWebDriver.findElement(RemoteWebDriver.java:344)
	at PageObjects.HomePage$ContainerTop.contentTop(HomePage.java:373)
	at Tests.ValidateMainPageLinks.test21M(ValidateMainPageLinks.java:245)
... Removed 27 stack frames]]>
    </failure>
  </testcase> <!-- test21M -->
  <testcase name="test22M" time="0.343" classname="Tests.ValidateMainPageLinks">
    <failure type="org.openqa.selenium.NoSuchElementException" message="Unable to find element with xpath == //*[@id=&amp;apos;htmlcontent_top&amp;apos;]/ul/li[2]/a (WARNING: The server did not provide any stacktrace information)
Command duration or timeout: 343 milliseconds
For documentation on this error, please visit: http://seleniumhq.org/exceptions/no_such_element.html
Build info: version: &amp;apos;2.45.0&amp;apos;, revision: &amp;apos;5017cb8&amp;apos;, time: &amp;apos;2015-02-27 00:00:10&amp;apos;
System info: host: &amp;apos;Kris-PC&amp;apos;, ip: &amp;apos;192.168.56.1&amp;apos;, os.name: &amp;apos;Windows 7&amp;apos;, os.arch: &amp;apos;amd64&amp;apos;, os.version: &amp;apos;6.1&amp;apos;, java.version: &amp;apos;1.8.0_31&amp;apos;
Driver info: org.openqa.selenium.ie.InternetExplorerDriver
Capabilities [{browserAttachTimeout=0, enablePersistentHover=true, ie.forceCreateProcessApi=false, ie.usePerProcessProxy=false, ignoreZoomSetting=false, handlesAlerts=true, version=11, platform=WINDOWS, nativeEvents=true, ie.ensureCleanSession=false, elementScrollBehavior=0, ie.browserCommandLineSwitches=, requireWindowFocus=false, browserName=internet explorer, initialBrowserUrl=http://localhost:48693/, takesScreenshot=true, javascriptEnabled=true, ignoreProtectedModeSettings=false, enableElementCacheCleanup=true, cssSelectorsEnabled=true, unexpectedAlertBehaviour=dismiss}]
Session ID: e99463ff-1c61-4913-a156-6733143ce9be
*** Element info: {Using=xpath, value=//*[@id=&amp;apos;htmlcontent_top&amp;apos;]/ul/li[2]/a}">
      <![CDATA[org.openqa.selenium.NoSuchElementException: Unable to find element with xpath == //*[@id='htmlcontent_top']/ul/li[2]/a (WARNING: The server did not provide any stacktrace information)
Command duration or timeout: 343 milliseconds
For documentation on this error, please visit: http://seleniumhq.org/exceptions/no_such_element.html
Build info: version: '2.45.0', revision: '5017cb8', time: '2015-02-27 00:00:10'
System info: host: 'Kris-PC', ip: '192.168.56.1', os.name: 'Windows 7', os.arch: 'amd64', os.version: '6.1', java.version: '1.8.0_31'
Driver info: org.openqa.selenium.ie.InternetExplorerDriver
Capabilities [{browserAttachTimeout=0, enablePersistentHover=true, ie.forceCreateProcessApi=false, ie.usePerProcessProxy=false, ignoreZoomSetting=false, handlesAlerts=true, version=11, platform=WINDOWS, nativeEvents=true, ie.ensureCleanSession=false, elementScrollBehavior=0, ie.browserCommandLineSwitches=, requireWindowFocus=false, browserName=internet explorer, initialBrowserUrl=http://localhost:48693/, takesScreenshot=true, javascriptEnabled=true, ignoreProtectedModeSettings=false, enableElementCacheCleanup=true, cssSelectorsEnabled=true, unexpectedAlertBehaviour=dismiss}]
Session ID: e99463ff-1c61-4913-a156-6733143ce9be
*** Element info: {Using=xpath, value=//*[@id='htmlcontent_top']/ul/li[2]/a}
	at org.openqa.selenium.remote.ErrorHandler.createThrowable(ErrorHandler.java:204)
	at org.openqa.selenium.remote.ErrorHandler.throwIfResponseFailed(ErrorHandler.java:156)
	at org.openqa.selenium.remote.RemoteWebDriver.execute(RemoteWebDriver.java:599)
	at org.openqa.selenium.remote.RemoteWebDriver.findElement(RemoteWebDriver.java:352)
	at org.openqa.selenium.remote.RemoteWebDriver.findElementByXPath(RemoteWebDriver.java:449)
	at org.openqa.selenium.By$ByXPath.findElement(By.java:357)
	at org.openqa.selenium.remote.RemoteWebDriver.findElement(RemoteWebDriver.java:344)
	at PageObjects.HomePage$ContainerTop.contentButton(HomePage.java:385)
	at Tests.ValidateMainPageLinks.test22M(ValidateMainPageLinks.java:255)
... Removed 27 stack frames]]>
    </failure>
  </testcase> <!-- test22M -->
  <testcase name="test23M" time="0.344" classname="Tests.ValidateMainPageLinks"/>
  <testcase name="test24M" time="0.327" classname="Tests.ValidateMainPageLinks">
    <failure type="org.openqa.selenium.NoSuchElementException" message="Unable to find element with xpath == //*[@id=&amp;apos;home-page-tabs&amp;apos;]/li[2]/a (WARNING: The server did not provide any stacktrace information)
Command duration or timeout: 327 milliseconds
For documentation on this error, please visit: http://seleniumhq.org/exceptions/no_such_element.html
Build info: version: &amp;apos;2.45.0&amp;apos;, revision: &amp;apos;5017cb8&amp;apos;, time: &amp;apos;2015-02-27 00:00:10&amp;apos;
System info: host: &amp;apos;Kris-PC&amp;apos;, ip: &amp;apos;192.168.56.1&amp;apos;, os.name: &amp;apos;Windows 7&amp;apos;, os.arch: &amp;apos;amd64&amp;apos;, os.version: &amp;apos;6.1&amp;apos;, java.version: &amp;apos;1.8.0_31&amp;apos;
Driver info: org.openqa.selenium.ie.InternetExplorerDriver
Capabilities [{browserAttachTimeout=0, enablePersistentHover=true, ie.forceCreateProcessApi=false, ie.usePerProcessProxy=false, ignoreZoomSetting=false, handlesAlerts=true, version=11, platform=WINDOWS, nativeEvents=true, ie.ensureCleanSession=false, elementScrollBehavior=0, ie.browserCommandLineSwitches=, requireWindowFocus=false, browserName=internet explorer, initialBrowserUrl=http://localhost:48693/, takesScreenshot=true, javascriptEnabled=true, ignoreProtectedModeSettings=false, enableElementCacheCleanup=true, cssSelectorsEnabled=true, unexpectedAlertBehaviour=dismiss}]
Session ID: e99463ff-1c61-4913-a156-6733143ce9be
*** Element info: {Using=xpath, value=//*[@id=&amp;apos;home-page-tabs&amp;apos;]/li[2]/a}">
      <![CDATA[org.openqa.selenium.NoSuchElementException: Unable to find element with xpath == //*[@id='home-page-tabs']/li[2]/a (WARNING: The server did not provide any stacktrace information)
Command duration or timeout: 327 milliseconds
For documentation on this error, please visit: http://seleniumhq.org/exceptions/no_such_element.html
Build info: version: '2.45.0', revision: '5017cb8', time: '2015-02-27 00:00:10'
System info: host: 'Kris-PC', ip: '192.168.56.1', os.name: 'Windows 7', os.arch: 'amd64', os.version: '6.1', java.version: '1.8.0_31'
Driver info: org.openqa.selenium.ie.InternetExplorerDriver
Capabilities [{browserAttachTimeout=0, enablePersistentHover=true, ie.forceCreateProcessApi=false, ie.usePerProcessProxy=false, ignoreZoomSetting=false, handlesAlerts=true, version=11, platform=WINDOWS, nativeEvents=true, ie.ensureCleanSession=false, elementScrollBehavior=0, ie.browserCommandLineSwitches=, requireWindowFocus=false, browserName=internet explorer, initialBrowserUrl=http://localhost:48693/, takesScreenshot=true, javascriptEnabled=true, ignoreProtectedModeSettings=false, enableElementCacheCleanup=true, cssSelectorsEnabled=true, unexpectedAlertBehaviour=dismiss}]
Session ID: e99463ff-1c61-4913-a156-6733143ce9be
*** Element info: {Using=xpath, value=//*[@id='home-page-tabs']/li[2]/a}
	at org.openqa.selenium.remote.ErrorHandler.createThrowable(ErrorHandler.java:204)
	at org.openqa.selenium.remote.ErrorHandler.throwIfResponseFailed(ErrorHandler.java:156)
	at org.openqa.selenium.remote.RemoteWebDriver.execute(RemoteWebDriver.java:599)
	at org.openqa.selenium.remote.RemoteWebDriver.findElement(RemoteWebDriver.java:352)
	at org.openqa.selenium.remote.RemoteWebDriver.findElementByXPath(RemoteWebDriver.java:449)
	at org.openqa.selenium.By$ByXPath.findElement(By.java:357)
	at org.openqa.selenium.remote.RemoteWebDriver.findElement(RemoteWebDriver.java:344)
	at PageObjects.HomePage$ContainerTop.tabBestSellers(HomePage.java:409)
	at Tests.ValidateMainPageLinks.test24M(ValidateMainPageLinks.java:274)
... Removed 27 stack frames]]>
    </failure>
  </testcase> <!-- test24M -->
  <testcase name="test25M" time="0.343" classname="Tests.ValidateMainPageLinks">
    <failure type="org.openqa.selenium.NoSuchElementException" message="Unable to find element with xpath == //*[@id=&amp;apos;htmlcontent_home&amp;apos;]/ul/li[1]/a/img (WARNING: The server did not provide any stacktrace information)
Command duration or timeout: 343 milliseconds
For documentation on this error, please visit: http://seleniumhq.org/exceptions/no_such_element.html
Build info: version: &amp;apos;2.45.0&amp;apos;, revision: &amp;apos;5017cb8&amp;apos;, time: &amp;apos;2015-02-27 00:00:10&amp;apos;
System info: host: &amp;apos;Kris-PC&amp;apos;, ip: &amp;apos;192.168.56.1&amp;apos;, os.name: &amp;apos;Windows 7&amp;apos;, os.arch: &amp;apos;amd64&amp;apos;, os.version: &amp;apos;6.1&amp;apos;, java.version: &amp;apos;1.8.0_31&amp;apos;
Driver info: org.openqa.selenium.ie.InternetExplorerDriver
Capabilities [{browserAttachTimeout=0, enablePersistentHover=true, ie.forceCreateProcessApi=false, ie.usePerProcessProxy=false, ignoreZoomSetting=false, handlesAlerts=true, version=11, platform=WINDOWS, nativeEvents=true, ie.ensureCleanSession=false, elementScrollBehavior=0, ie.browserCommandLineSwitches=, requireWindowFocus=false, browserName=internet explorer, initialBrowserUrl=http://localhost:48693/, takesScreenshot=true, javascriptEnabled=true, ignoreProtectedModeSettings=false, enableElementCacheCleanup=true, cssSelectorsEnabled=true, unexpectedAlertBehaviour=dismiss}]
Session ID: e99463ff-1c61-4913-a156-6733143ce9be
*** Element info: {Using=xpath, value=//*[@id=&amp;apos;htmlcontent_home&amp;apos;]/ul/li[1]/a/img}">
      <![CDATA[org.openqa.selenium.NoSuchElementException: Unable to find element with xpath == //*[@id='htmlcontent_home']/ul/li[1]/a/img (WARNING: The server did not provide any stacktrace information)
Command duration or timeout: 343 milliseconds
For documentation on this error, please visit: http://seleniumhq.org/exceptions/no_such_element.html
Build info: version: '2.45.0', revision: '5017cb8', time: '2015-02-27 00:00:10'
System info: host: 'Kris-PC', ip: '192.168.56.1', os.name: 'Windows 7', os.arch: 'amd64', os.version: '6.1', java.version: '1.8.0_31'
Driver info: org.openqa.selenium.ie.InternetExplorerDriver
Capabilities [{browserAttachTimeout=0, enablePersistentHover=true, ie.forceCreateProcessApi=false, ie.usePerProcessProxy=false, ignoreZoomSetting=false, handlesAlerts=true, version=11, platform=WINDOWS, nativeEvents=true, ie.ensureCleanSession=false, elementScrollBehavior=0, ie.browserCommandLineSwitches=, requireWindowFocus=false, browserName=internet explorer, initialBrowserUrl=http://localhost:48693/, takesScreenshot=true, javascriptEnabled=true, ignoreProtectedModeSettings=false, enableElementCacheCleanup=true, cssSelectorsEnabled=true, unexpectedAlertBehaviour=dismiss}]
Session ID: e99463ff-1c61-4913-a156-6733143ce9be
*** Element info: {Using=xpath, value=//*[@id='htmlcontent_home']/ul/li[1]/a/img}
	at org.openqa.selenium.remote.ErrorHandler.createThrowable(ErrorHandler.java:204)
	at org.openqa.selenium.remote.ErrorHandler.throwIfResponseFailed(ErrorHandler.java:156)
	at org.openqa.selenium.remote.RemoteWebDriver.execute(RemoteWebDriver.java:599)
	at org.openqa.selenium.remote.RemoteWebDriver.findElement(RemoteWebDriver.java:352)
	at org.openqa.selenium.remote.RemoteWebDriver.findElementByXPath(RemoteWebDriver.java:449)
	at org.openqa.selenium.By$ByXPath.findElement(By.java:357)
	at org.openqa.selenium.remote.RemoteWebDriver.findElement(RemoteWebDriver.java:344)
	at PageObjects.HomePage$ContainerButton.Cont1(HomePage.java:890)
	at Tests.ValidateMainPageLinks.test25M(ValidateMainPageLinks.java:282)
... Removed 27 stack frames]]>
    </failure>
  </testcase> <!-- test25M -->
  <testcase name="test26M" time="0.327" classname="Tests.ValidateMainPageLinks">
    <failure type="org.openqa.selenium.NoSuchElementException" message="Unable to find element with xpath == //*[@id=&amp;apos;htmlcontent_home&amp;apos;]/ul/li[2]/a/img (WARNING: The server did not provide any stacktrace information)
Command duration or timeout: 327 milliseconds
For documentation on this error, please visit: http://seleniumhq.org/exceptions/no_such_element.html
Build info: version: &amp;apos;2.45.0&amp;apos;, revision: &amp;apos;5017cb8&amp;apos;, time: &amp;apos;2015-02-27 00:00:10&amp;apos;
System info: host: &amp;apos;Kris-PC&amp;apos;, ip: &amp;apos;192.168.56.1&amp;apos;, os.name: &amp;apos;Windows 7&amp;apos;, os.arch: &amp;apos;amd64&amp;apos;, os.version: &amp;apos;6.1&amp;apos;, java.version: &amp;apos;1.8.0_31&amp;apos;
Driver info: org.openqa.selenium.ie.InternetExplorerDriver
Capabilities [{browserAttachTimeout=0, enablePersistentHover=true, ie.forceCreateProcessApi=false, ie.usePerProcessProxy=false, ignoreZoomSetting=false, handlesAlerts=true, version=11, platform=WINDOWS, nativeEvents=true, ie.ensureCleanSession=false, elementScrollBehavior=0, ie.browserCommandLineSwitches=, requireWindowFocus=false, browserName=internet explorer, initialBrowserUrl=http://localhost:48693/, takesScreenshot=true, javascriptEnabled=true, ignoreProtectedModeSettings=false, enableElementCacheCleanup=true, cssSelectorsEnabled=true, unexpectedAlertBehaviour=dismiss}]
Session ID: e99463ff-1c61-4913-a156-6733143ce9be
*** Element info: {Using=xpath, value=//*[@id=&amp;apos;htmlcontent_home&amp;apos;]/ul/li[2]/a/img}">
      <![CDATA[org.openqa.selenium.NoSuchElementException: Unable to find element with xpath == //*[@id='htmlcontent_home']/ul/li[2]/a/img (WARNING: The server did not provide any stacktrace information)
Command duration or timeout: 327 milliseconds
For documentation on this error, please visit: http://seleniumhq.org/exceptions/no_such_element.html
Build info: version: '2.45.0', revision: '5017cb8', time: '2015-02-27 00:00:10'
System info: host: 'Kris-PC', ip: '192.168.56.1', os.name: 'Windows 7', os.arch: 'amd64', os.version: '6.1', java.version: '1.8.0_31'
Driver info: org.openqa.selenium.ie.InternetExplorerDriver
Capabilities [{browserAttachTimeout=0, enablePersistentHover=true, ie.forceCreateProcessApi=false, ie.usePerProcessProxy=false, ignoreZoomSetting=false, handlesAlerts=true, version=11, platform=WINDOWS, nativeEvents=true, ie.ensureCleanSession=false, elementScrollBehavior=0, ie.browserCommandLineSwitches=, requireWindowFocus=false, browserName=internet explorer, initialBrowserUrl=http://localhost:48693/, takesScreenshot=true, javascriptEnabled=true, ignoreProtectedModeSettings=false, enableElementCacheCleanup=true, cssSelectorsEnabled=true, unexpectedAlertBehaviour=dismiss}]
Session ID: e99463ff-1c61-4913-a156-6733143ce9be
*** Element info: {Using=xpath, value=//*[@id='htmlcontent_home']/ul/li[2]/a/img}
	at org.openqa.selenium.remote.ErrorHandler.createThrowable(ErrorHandler.java:204)
	at org.openqa.selenium.remote.ErrorHandler.throwIfResponseFailed(ErrorHandler.java:156)
	at org.openqa.selenium.remote.RemoteWebDriver.execute(RemoteWebDriver.java:599)
	at org.openqa.selenium.remote.RemoteWebDriver.findElement(RemoteWebDriver.java:352)
	at org.openqa.selenium.remote.RemoteWebDriver.findElementByXPath(RemoteWebDriver.java:449)
	at org.openqa.selenium.By$ByXPath.findElement(By.java:357)
	at org.openqa.selenium.remote.RemoteWebDriver.findElement(RemoteWebDriver.java:344)
	at PageObjects.HomePage$ContainerButton.Cont2(HomePage.java:903)
	at Tests.ValidateMainPageLinks.test26M(ValidateMainPageLinks.java:291)
... Removed 27 stack frames]]>
    </failure>
  </testcase> <!-- test26M -->
  <testcase name="test27M" time="0.327" classname="Tests.ValidateMainPageLinks">
    <failure type="org.openqa.selenium.NoSuchElementException" message="Unable to find element with xpath == //*[@id=&amp;apos;htmlcontent_home&amp;apos;]/ul/li[3]/a/img (WARNING: The server did not provide any stacktrace information)
Command duration or timeout: 327 milliseconds
For documentation on this error, please visit: http://seleniumhq.org/exceptions/no_such_element.html
Build info: version: &amp;apos;2.45.0&amp;apos;, revision: &amp;apos;5017cb8&amp;apos;, time: &amp;apos;2015-02-27 00:00:10&amp;apos;
System info: host: &amp;apos;Kris-PC&amp;apos;, ip: &amp;apos;192.168.56.1&amp;apos;, os.name: &amp;apos;Windows 7&amp;apos;, os.arch: &amp;apos;amd64&amp;apos;, os.version: &amp;apos;6.1&amp;apos;, java.version: &amp;apos;1.8.0_31&amp;apos;
Driver info: org.openqa.selenium.ie.InternetExplorerDriver
Capabilities [{browserAttachTimeout=0, enablePersistentHover=true, ie.forceCreateProcessApi=false, ie.usePerProcessProxy=false, ignoreZoomSetting=false, handlesAlerts=true, version=11, platform=WINDOWS, nativeEvents=true, ie.ensureCleanSession=false, elementScrollBehavior=0, ie.browserCommandLineSwitches=, requireWindowFocus=false, browserName=internet explorer, initialBrowserUrl=http://localhost:48693/, takesScreenshot=true, javascriptEnabled=true, ignoreProtectedModeSettings=false, enableElementCacheCleanup=true, cssSelectorsEnabled=true, unexpectedAlertBehaviour=dismiss}]
Session ID: e99463ff-1c61-4913-a156-6733143ce9be
*** Element info: {Using=xpath, value=//*[@id=&amp;apos;htmlcontent_home&amp;apos;]/ul/li[3]/a/img}">
      <![CDATA[org.openqa.selenium.NoSuchElementException: Unable to find element with xpath == //*[@id='htmlcontent_home']/ul/li[3]/a/img (WARNING: The server did not provide any stacktrace information)
Command duration or timeout: 327 milliseconds
For documentation on this error, please visit: http://seleniumhq.org/exceptions/no_such_element.html
Build info: version: '2.45.0', revision: '5017cb8', time: '2015-02-27 00:00:10'
System info: host: 'Kris-PC', ip: '192.168.56.1', os.name: 'Windows 7', os.arch: 'amd64', os.version: '6.1', java.version: '1.8.0_31'
Driver info: org.openqa.selenium.ie.InternetExplorerDriver
Capabilities [{browserAttachTimeout=0, enablePersistentHover=true, ie.forceCreateProcessApi=false, ie.usePerProcessProxy=false, ignoreZoomSetting=false, handlesAlerts=true, version=11, platform=WINDOWS, nativeEvents=true, ie.ensureCleanSession=false, elementScrollBehavior=0, ie.browserCommandLineSwitches=, requireWindowFocus=false, browserName=internet explorer, initialBrowserUrl=http://localhost:48693/, takesScreenshot=true, javascriptEnabled=true, ignoreProtectedModeSettings=false, enableElementCacheCleanup=true, cssSelectorsEnabled=true, unexpectedAlertBehaviour=dismiss}]
Session ID: e99463ff-1c61-4913-a156-6733143ce9be
*** Element info: {Using=xpath, value=//*[@id='htmlcontent_home']/ul/li[3]/a/img}
	at org.openqa.selenium.remote.ErrorHandler.createThrowable(ErrorHandler.java:204)
	at org.openqa.selenium.remote.ErrorHandler.throwIfResponseFailed(ErrorHandler.java:156)
	at org.openqa.selenium.remote.RemoteWebDriver.execute(RemoteWebDriver.java:599)
	at org.openqa.selenium.remote.RemoteWebDriver.findElement(RemoteWebDriver.java:352)
	at org.openqa.selenium.remote.RemoteWebDriver.findElementByXPath(RemoteWebDriver.java:449)
	at org.openqa.selenium.By$ByXPath.findElement(By.java:357)
	at org.openqa.selenium.remote.RemoteWebDriver.findElement(RemoteWebDriver.java:344)
	at PageObjects.HomePage$ContainerButton.Cont3(HomePage.java:915)
	at Tests.ValidateMainPageLinks.test27M(ValidateMainPageLinks.java:300)
... Removed 27 stack frames]]>
    </failure>
  </testcase> <!-- test27M -->
  <testcase name="test28M" time="0.343" classname="Tests.ValidateMainPageLinks">
    <failure type="org.openqa.selenium.NoSuchElementException" message="Unable to find element with xpath == //*[@id=&amp;apos;htmlcontent_home&amp;apos;]/ul/li[5]/a/img (WARNING: The server did not provide any stacktrace information)
Command duration or timeout: 343 milliseconds
For documentation on this error, please visit: http://seleniumhq.org/exceptions/no_such_element.html
Build info: version: &amp;apos;2.45.0&amp;apos;, revision: &amp;apos;5017cb8&amp;apos;, time: &amp;apos;2015-02-27 00:00:10&amp;apos;
System info: host: &amp;apos;Kris-PC&amp;apos;, ip: &amp;apos;192.168.56.1&amp;apos;, os.name: &amp;apos;Windows 7&amp;apos;, os.arch: &amp;apos;amd64&amp;apos;, os.version: &amp;apos;6.1&amp;apos;, java.version: &amp;apos;1.8.0_31&amp;apos;
Driver info: org.openqa.selenium.ie.InternetExplorerDriver
Capabilities [{browserAttachTimeout=0, enablePersistentHover=true, ie.forceCreateProcessApi=false, ie.usePerProcessProxy=false, ignoreZoomSetting=false, handlesAlerts=true, version=11, platform=WINDOWS, nativeEvents=true, ie.ensureCleanSession=false, elementScrollBehavior=0, ie.browserCommandLineSwitches=, requireWindowFocus=false, browserName=internet explorer, initialBrowserUrl=http://localhost:48693/, takesScreenshot=true, javascriptEnabled=true, ignoreProtectedModeSettings=false, enableElementCacheCleanup=true, cssSelectorsEnabled=true, unexpectedAlertBehaviour=dismiss}]
Session ID: e99463ff-1c61-4913-a156-6733143ce9be
*** Element info: {Using=xpath, value=//*[@id=&amp;apos;htmlcontent_home&amp;apos;]/ul/li[5]/a/img}">
      <![CDATA[org.openqa.selenium.NoSuchElementException: Unable to find element with xpath == //*[@id='htmlcontent_home']/ul/li[5]/a/img (WARNING: The server did not provide any stacktrace information)
Command duration or timeout: 343 milliseconds
For documentation on this error, please visit: http://seleniumhq.org/exceptions/no_such_element.html
Build info: version: '2.45.0', revision: '5017cb8', time: '2015-02-27 00:00:10'
System info: host: 'Kris-PC', ip: '192.168.56.1', os.name: 'Windows 7', os.arch: 'amd64', os.version: '6.1', java.version: '1.8.0_31'
Driver info: org.openqa.selenium.ie.InternetExplorerDriver
Capabilities [{browserAttachTimeout=0, enablePersistentHover=true, ie.forceCreateProcessApi=false, ie.usePerProcessProxy=false, ignoreZoomSetting=false, handlesAlerts=true, version=11, platform=WINDOWS, nativeEvents=true, ie.ensureCleanSession=false, elementScrollBehavior=0, ie.browserCommandLineSwitches=, requireWindowFocus=false, browserName=internet explorer, initialBrowserUrl=http://localhost:48693/, takesScreenshot=true, javascriptEnabled=true, ignoreProtectedModeSettings=false, enableElementCacheCleanup=true, cssSelectorsEnabled=true, unexpectedAlertBehaviour=dismiss}]
Session ID: e99463ff-1c61-4913-a156-6733143ce9be
*** Element info: {Using=xpath, value=//*[@id='htmlcontent_home']/ul/li[5]/a/img}
	at org.openqa.selenium.remote.ErrorHandler.createThrowable(ErrorHandler.java:204)
	at org.openqa.selenium.remote.ErrorHandler.throwIfResponseFailed(ErrorHandler.java:156)
	at org.openqa.selenium.remote.RemoteWebDriver.execute(RemoteWebDriver.java:599)
	at org.openqa.selenium.remote.RemoteWebDriver.findElement(RemoteWebDriver.java:352)
	at org.openqa.selenium.remote.RemoteWebDriver.findElementByXPath(RemoteWebDriver.java:449)
	at org.openqa.selenium.By$ByXPath.findElement(By.java:357)
	at org.openqa.selenium.remote.RemoteWebDriver.findElement(RemoteWebDriver.java:344)
	at PageObjects.HomePage$ContainerButton.Cont4(HomePage.java:927)
	at Tests.ValidateMainPageLinks.test28M(ValidateMainPageLinks.java:309)
... Removed 27 stack frames]]>
    </failure>
  </testcase> <!-- test28M -->
  <testcase name="test29M" time="0.344" classname="Tests.ValidateMainPageLinks">
    <failure type="org.openqa.selenium.NoSuchElementException" message="Unable to find element with xpath == //*[@id=&amp;apos;htmlcontent_home&amp;apos;]/ul/li[5]/a/img (WARNING: The server did not provide any stacktrace information)
Command duration or timeout: 328 milliseconds
For documentation on this error, please visit: http://seleniumhq.org/exceptions/no_such_element.html
Build info: version: &amp;apos;2.45.0&amp;apos;, revision: &amp;apos;5017cb8&amp;apos;, time: &amp;apos;2015-02-27 00:00:10&amp;apos;
System info: host: &amp;apos;Kris-PC&amp;apos;, ip: &amp;apos;192.168.56.1&amp;apos;, os.name: &amp;apos;Windows 7&amp;apos;, os.arch: &amp;apos;amd64&amp;apos;, os.version: &amp;apos;6.1&amp;apos;, java.version: &amp;apos;1.8.0_31&amp;apos;
Driver info: org.openqa.selenium.ie.InternetExplorerDriver
[...]
    <failure type="org.openqa.selenium.NoSuchElementException" message="Unable to find element with xpath == //*[@id=&amp;apos;footer&amp;apos;]/div/section[2]/div/div/ul/li/a (WARNING: The server did not provide any stacktrace information)
Command duration or timeout: 313 milliseconds
For documentation on this error, please visit: http://seleniumhq.org/exceptions/no_such_element.html
Build info: version: &amp;apos;2.45.0&amp;apos;, revision: &amp;apos;5017cb8&amp;apos;, time: &amp;apos;2015-02-27 00:00:10&amp;apos;
System info: host: &amp;apos;Kris-PC&amp;apos;, ip: &amp;apos;192.168.56.1&amp;apos;, os.name: &amp;apos;Windows 7&amp;apos;, os.arch: &amp;apos;amd64&amp;apos;, os.version: &amp;apos;6.1&amp;apos;, java.version: &amp;apos;1.8.0_31&amp;apos;
Driver info: org.openqa.selenium.ie.InternetExplorerDriver
Capabilities [{browserAttachTimeout=0, enablePersistentHover=true, ie.forceCreateProcessApi=false, ie.usePerProcessProxy=false, ignoreZoomSetting=false, handlesAlerts=true, version=11, platform=WINDOWS, nativeEvents=true, ie.ensureCleanSession=false, elementScrollBehavior=0, ie.browserCommandLineSwitches=, requireWindowFocus=false, browserName=internet explorer, initialBrowserUrl=http://localhost:48693/, takesScreenshot=true, javascriptEnabled=true, ignoreProtectedModeSettings=false, enableElementCacheCleanup=true, cssSelectorsEnabled=true, unexpectedAlertBehaviour=dismiss}]
Session ID: e99463ff-1c61-4913-a156-6733143ce9be
*** Element info: {Using=xpath, value=//*[@id=&amp;apos;footer&amp;apos;]/div/section[2]/div/div/ul/li/a}">
      <![CDATA[org.openqa.selenium.NoSuchElementException: Unable to find element with xpath == //*[@id='footer']/div/section[2]/div/div/ul/li/a (WARNING: The server did not provide any stacktrace information)
Command duration or timeout: 313 milliseconds
For documentation on this error, please visit: http://seleniumhq.org/exceptions/no_such_element.html
Build info: version: '2.45.0', revision: '5017cb8', time: '2015-02-27 00:00:10'
System info: host: 'Kris-PC', ip: '192.168.56.1', os.name: 'Windows 7', os.arch: 'amd64', os.version: '6.1', java.version: '1.8.0_31'
Driver info: org.openqa.selenium.ie.InternetExplorerDriver
Capabilities [{browserAttachTimeout=0, enablePersistentHover=true, ie.forceCreateProcessApi=false, ie.usePerProcessProxy=false, ignoreZoomSetting=false, handlesAlerts=true, version=11, platform=WINDOWS, nativeEvents=true, ie.ensureCleanSession=false, elementScrollBehavior=0, ie.browserCommandLineSwitches=, requireWindowFocus=false, browserName=internet explorer, initialBrowserUrl=http://localhost:48693/, takesScreenshot=true, javascriptEnabled=true, ignoreProtectedModeSettings=false, enableElementCacheCleanup=true, cssSelectorsEnabled=true, unexpectedAlertBehaviour=dismiss}]
Session ID: e99463ff-1c61-4913-a156-6733143ce9be
*** Element info: {Using=xpath, value=//*[@id='footer']/div/section[2]/div/div/ul/li/a}
	at org.openqa.selenium.remote.ErrorHandler.createThrowable(ErrorHandler.java:204)
	at org.openqa.selenium.remote.ErrorHandler.throwIfResponseFailed(ErrorHandler.java:156)
	at org.openqa.selenium.remote.RemoteWebDriver.execute(RemoteWebDriver.java:599)
	at org.openqa.selenium.remote.RemoteWebDriver.findElement(RemoteWebDriver.java:352)
	at org.openqa.selenium.remote.RemoteWebDriver.findElementByXPath(RemoteWebDriver.java:449)
	at org.openqa.selenium.By$ByXPath.findElement(By.java:357)
	at org.openqa.selenium.remote.RemoteWebDriver.findElement(RemoteWebDriver.java:344)
	at PageObjects.HomePage$Footer.women(HomePage.java:1035)
	at Tests.ValidateMainPageLinks.test34M(ValidateMainPageLinks.java:408)
... Removed 27 stack frames]]>
    </failure>
  </testcase> <!-- test34M -->
  <testcase name="test35M" time="0.328" classname="Tests.ValidateMainPageLinks">
    <failure type="org.openqa.selenium.NoSuchElementException" message="Unable to find element with link text == Specials (WARNING: The server did not provide any stacktrace information)
Command duration or timeout: 328 milliseconds
For documentation on this error, please visit: http://seleniumhq.org/exceptions/no_such_element.html
Build info: version: &amp;apos;2.45.0&amp;apos;, revision: &amp;apos;5017cb8&amp;apos;, time: &amp;apos;2015-02-27 00:00:10&amp;apos;
System info: host: &amp;apos;Kris-PC&amp;apos;, ip: &amp;apos;192.168.56.1&amp;apos;, os.name: &amp;apos;Windows 7&amp;apos;, os.arch: &amp;apos;amd64&amp;apos;, os.version: &amp;apos;6.1&amp;apos;, java.version: &amp;apos;1.8.0_31&amp;apos;
Driver info: org.openqa.selenium.ie.InternetExplorerDriver
Capabilities [{browserAttachTimeout=0, enablePersistentHover=true, ie.forceCreateProcessApi=false, ie.usePerProcessProxy=false, ignoreZoomSetting=false, handlesAlerts=true, version=11, platform=WINDOWS, nativeEvents=true, ie.ensureCleanSession=false, elementScrollBehavior=0, ie.browserCommandLineSwitches=, requireWindowFocus=false, browserName=internet explorer, initialBrowserUrl=http://localhost:48693/, takesScreenshot=true, javascriptEnabled=true, ignoreProtectedModeSettings=false, enableElementCacheCleanup=true, cssSelectorsEnabled=true, unexpectedAlertBehaviour=dismiss}]
Session ID: e99463ff-1c61-4913-a156-6733143ce9be
*** Element info: {Using=link text, value=Specials}">
      <![CDATA[org.openqa.selenium.NoSuchElementException: Unable to find element with link text == Specials (WARNING: The server did not provide any stacktrace information)
Command duration or timeout: 328 milliseconds
For documentation on this error, please visit: http://seleniumhq.org/exceptions/no_such_element.html
Build info: version: '2.45.0', revision: '5017cb8', time: '2015-02-27 00:00:10'
System info: host: 'Kris-PC', ip: '192.168.56.1', os.name: 'Windows 7', os.arch: 'amd64', os.version: '6.1', java.version: '1.8.0_31'
Driver info: org.openqa.selenium.ie.InternetExplorerDriver
Capabilities [{browserAttachTimeout=0, enablePersistentHover=true, ie.forceCreateProcessApi=false, ie.usePerProcessProxy=false, ignoreZoomSetting=false, handlesAlerts=true, version=11, platform=WINDOWS, nativeEvents=true, ie.ensureCleanSession=false, elementScrollBehavior=0, ie.browserCommandLineSwitches=, requireWindowFocus=false, browserName=internet explorer, initialBrowserUrl=http://localhost:48693/, takesScreenshot=true, javascriptEnabled=true, ignoreProtectedModeSettings=false, enableElementCacheCleanup=true, cssSelectorsEnabled=true, unexpectedAlertBehaviour=dismiss}]
Session ID: e99463ff-1c61-4913-a156-6733143ce9be
*** Element info: {Using=link text, value=Specials}
	at org.openqa.selenium.remote.ErrorHandler.createThrowable(ErrorHandler.java:204)
	at org.openqa.selenium.remote.ErrorHandler.throwIfResponseFailed(ErrorHandler.java:156)
	at org.openqa.selenium.remote.RemoteWebDriver.execute(RemoteWebDriver.java:599)
	at org.openqa.selenium.remote.RemoteWebDriver.findElement(RemoteWebDriver.java:352)
	at org.openqa.selenium.remote.RemoteWebDriver.findElementByLinkText(RemoteWebDriver.java:401)
	at org.openqa.selenium.By$ByLinkText.findElement(By.java:242)
	at org.openqa.selenium.remote.RemoteWebDriver.findElement(RemoteWebDriver.java:344)
	at PageObjects.HomePage$Footer.specials(HomePage.java:1049)
	at Tests.ValidateMainPageLinks.test35M(ValidateMainPageLinks.java:417)
... Removed 27 stack frames]]>
    </failure>
  </testcase> <!-- test35M -->
  <testcase name="test36M" time="0.328" classname="Tests.ValidateMainPageLinks">
    <failure type="org.openqa.selenium.NoSuchElementException" message="Unable to find element with link text == New products (WARNING: The server did not provide any stacktrace information)
Command duration or timeout: 328 milliseconds
For documentation on this error, please visit: http://seleniumhq.org/exceptions/no_such_element.html
Build info: version: &amp;apos;2.45.0&amp;apos;, revision: &amp;apos;5017cb8&amp;apos;, time: &amp;apos;2015-02-27 00:00:10&amp;apos;
System info: host: &amp;apos;Kris-PC&amp;apos;, ip: &amp;apos;192.168.56.1&amp;apos;, os.name: &amp;apos;Windows 7&amp;apos;, os.arch: &amp;apos;amd64&amp;apos;, os.version: &amp;apos;6.1&amp;apos;, java.version: &amp;apos;1.8.0_31&amp;apos;
Driver info: org.openqa.selenium.ie.InternetExplorerDriver
Capabilities [{browserAttachTimeout=0, enablePersistentHover=true, ie.forceCreateProcessApi=false, ie.usePerProcessProxy=false, ignoreZoomSetting=false, handlesAlerts=true, version=11, platform=WINDOWS, nativeEvents=true, ie.ensureCleanSession=false, elementScrollBehavior=0, ie.browserCommandLineSwitches=, requireWindowFocus=false, browserName=internet explorer, initialBrowserUrl=http://localhost:48693/, takesScreenshot=true, javascriptEnabled=true, ignoreProtectedModeSettings=false, enableElementCacheCleanup=true, cssSelectorsEnabled=true, unexpectedAlertBehaviour=dismiss}]
Session ID: e99463ff-1c61-4913-a156-6733143ce9be
*** Element info: {Using=link text, value=New products}">
      <![CDATA[org.openqa.selenium.NoSuchElementException: Unable to find element with link text == New products (WARNING: The server did not provide any stacktrace information)
Command duration or timeout: 328 milliseconds
For documentation on this error, please visit: http://seleniumhq.org/exceptions/no_such_element.html
Build info: version: '2.45.0', revision: '5017cb8', time: '2015-02-27 00:00:10'
System info: host: 'Kris-PC', ip: '192.168.56.1', os.name: 'Windows 7', os.arch: 'amd64', os.version: '6.1', java.version: '1.8.0_31'
Driver info: org.openqa.selenium.ie.InternetExplorerDriver
Capabilities [{browserAttachTimeout=0, enablePersistentHover=true, ie.forceCreateProcessApi=false, ie.usePerProcessProxy=false, ignoreZoomSetting=false, handlesAlerts=true, version=11, platform=WINDOWS, nativeEvents=true, ie.ensureCleanSession=false, elementScrollBehavior=0, ie.browserCommandLineSwitches=, requireWindowFocus=false, browserName=internet explorer, initialBrowserUrl=http://localhost:48693/, takesScreenshot=true, javascriptEnabled=true, ignoreProtectedModeSettings=false, enableElementCacheCleanup=true, cssSelectorsEnabled=true, unexpectedAlertBehaviour=dismiss}]
Session ID: e99463ff-1c61-4913-a156-6733143ce9be
*** Element info: {Using=link text, value=New products}
	at org.openqa.selenium.remote.ErrorHandler.createThrowable(ErrorHandler.java:204)
	at org.openqa.selenium.remote.ErrorHandler.throwIfResponseFailed(ErrorHandler.java:156)
	at org.openqa.selenium.remote.RemoteWebDriver.execute(RemoteWebDriver.java:599)
	at org.openqa.selenium.remote.RemoteWebDriver.findElement(RemoteWebDriver.java:352)
	at org.openqa.selenium.remote.RemoteWebDriver.findElementByLinkText(RemoteWebDriver.java:401)
	at org.openqa.selenium.By$ByLinkText.findElement(By.java:242)
	at org.openqa.selenium.remote.RemoteWebDriver.findElement(RemoteWebDriver.java:344)
	at PageObjects.HomePage$Footer.newProducts(HomePage.java:1063)
	at Tests.ValidateMainPageLinks.test36M(ValidateMainPageLinks.java:426)
... Removed 27 stack frames]]>
    </failure>
  </testcase> <!-- test36M -->
  <testcase name="test37M" time="0.327" classname="Tests.ValidateMainPageLinks">
    <failure type="org.openqa.selenium.NoSuchElementException" message="Unable to find element with xpath == //*[@id=&amp;apos;block_various_links_footer&amp;apos;]/ul/li[3]/a (WARNING: The server did not provide any stacktrace information)
Command duration or timeout: 327 milliseconds
For documentation on this error, please visit: http://seleniumhq.org/exceptions/no_such_element.html
Build info: version: &amp;apos;2.45.0&amp;apos;, revision: &amp;apos;5017cb8&amp;apos;, time: &amp;apos;2015-02-27 00:00:10&amp;apos;
System info: host: &amp;apos;Kris-PC&amp;apos;, ip: &amp;apos;192.168.56.1&amp;apos;, os.name: &amp;apos;Windows 7&amp;apos;, os.arch: &amp;apos;amd64&amp;apos;, os.version: &amp;apos;6.1&amp;apos;, java.version: &amp;apos;1.8.0_31&amp;apos;
Driver info: org.openqa.selenium.ie.InternetExplorerDriver
Capabilities [{browserAttachTimeout=0, enablePersistentHover=true, ie.forceCreateProcessApi=false, ie.usePerProcessProxy=false, ignoreZoomSetting=false, handlesAlerts=true, version=11, platform=WINDOWS, nativeEvents=true, ie.ensureCleanSession=false, elementScrollBehavior=0, ie.browserCommandLineSwitches=, requireWindowFocus=false, browserName=internet explorer, initialBrowserUrl=http://localhost:48693/, takesScreenshot=true, javascriptEnabled=true, ignoreProtectedModeSettings=false, enableElementCacheCleanup=true, cssSelectorsEnabled=true, unexpectedAlertBehaviour=dismiss}]
Session ID: e99463ff-1c61-4913-a156-6733143ce9be
*** Element info: {Using=xpath, value=//*[@id=&amp;apos;block_various_links_footer&amp;apos;]/ul/li[3]/a}">
      <![CDATA[org.openqa.selenium.NoSuchElementException: Unable to find element with xpath == //*[@id='block_various_links_footer']/ul/li[3]/a (WARNING: The server did not provide any stacktrace information)
Command duration or timeout: 327 milliseconds
For documentation on this error, please visit: http://seleniumhq.org/exceptions/no_such_element.html
Build info: version: '2.45.0', revision: '5017cb8', time: '2015-02-27 00:00:10'
System info: host: 'Kris-PC', ip: '192.168.56.1', os.name: 'Windows 7', os.arch: 'amd64', os.version: '6.1', java.version: '1.8.0_31'
Driver info: org.openqa.selenium.ie.InternetExplorerDriver
Capabilities [{browserAttachTimeout=0, enablePersistentHover=true, ie.forceCreateProcessApi=false, ie.usePerProcessProxy=false, ignoreZoomSetting=false, handlesAlerts=true, version=11, platform=WINDOWS, nativeEvents=true, ie.ensureCleanSession=false, elementScrollBehavior=0, ie.browserCommandLineSwitches=, requireWindowFocus=false, browserName=internet explorer, initialBrowserUrl=http://localhost:48693/, takesScreenshot=true, javascriptEnabled=true, ignoreProtectedModeSettings=false, enableElementCacheCleanup=true, cssSelectorsEnabled=true, unexpectedAlertBehaviour=dismiss}]
Session ID: e99463ff-1c61-4913-a156-6733143ce9be
*** Element info: {Using=xpath, value=//*[@id='block_various_links_footer']/ul/li[3]/a}
	at org.openqa.selenium.remote.ErrorHandler.createThrowable(ErrorHandler.java:204)
	at org.openqa.selenium.remote.ErrorHandler.throwIfResponseFailed(ErrorHandler.java:156)
	at org.openqa.selenium.remote.RemoteWebDriver.execute(RemoteWebDriver.java:599)
	at org.openqa.selenium.remote.RemoteWebDriver.findElement(RemoteWebDriver.java:352)
	at org.openqa.selenium.remote.RemoteWebDriver.findElementByXPath(RemoteWebDriver.java:449)
	at org.openqa.selenium.By$ByXPath.findElement(By.java:357)
	at org.openqa.selenium.remote.RemoteWebDriver.findElement(RemoteWebDriver.java:344)
	at PageObjects.HomePage$Footer.bestSellers(HomePage.java:1077)
	at Tests.ValidateMainPageLinks.test37M(ValidateMainPageLinks.java:435)
... Removed 27 stack frames]]>
    </failure>
  </testcase> <!-- test37M -->
  <testcase name="test38M" time="0.015" classname="Tests.ValidateMainPageLinks">
    <failure type="org.openqa.selenium.NoSuchWindowException" message="Unable to find element on closed window (WARNING: The server did not provide any stacktrace information)
Command duration or timeout: 15 milliseconds
Build info: version: &amp;apos;2.45.0&amp;apos;, revision: &amp;apos;5017cb8&amp;apos;, time: &amp;apos;2015-02-27 00:00:10&amp;apos;
System info: host: &amp;apos;Kris-PC&amp;apos;, ip: &amp;apos;192.168.56.1&amp;apos;, os.name: &amp;apos;Windows 7&amp;apos;, os.arch: &amp;apos;amd64&amp;apos;, os.version: &amp;apos;6.1&amp;apos;, java.version: &amp;apos;1.8.0_31&amp;apos;
Driver info: org.openqa.selenium.ie.InternetExplorerDriver
Capabilities [{browserAttachTimeout=0, enablePersistentHover=true, ie.forceCreateProcessApi=false, ie.usePerProcessProxy=false, ignoreZoomSetting=false, handlesAlerts=true, version=11, platform=WINDOWS, nativeEvents=true, ie.ensureCleanSession=false, elementScrollBehavior=0, ie.browserCommandLineSwitches=, requireWindowFocus=false, browserName=internet explorer, initialBrowserUrl=http://localhost:48693/, takesScreenshot=true, javascriptEnabled=true, ignoreProtectedModeSettings=false, enableElementCacheCleanup=true, cssSelectorsEnabled=true, unexpectedAlertBehaviour=dismiss}]
Session ID: e99463ff-1c61-4913-a156-6733143ce9be
*** Element info: {Using=link text, value=Our stores}">
      <![CDATA[org.openqa.selenium.NoSuchWindowException: Unable to find element on closed window (WARNING: The server did not provide any stacktrace information)
Command duration or timeout: 15 milliseconds
Build info: version: '2.45.0', revision: '5017cb8', time: '2015-02-27 00:00:10'
System info: host: 'Kris-PC', ip: '192.168.56.1', os.name: 'Windows 7', os.arch: 'amd64', os.version: '6.1', java.version: '1.8.0_31'
Driver info: org.openqa.selenium.ie.InternetExplorerDriver
Capabilities [{browserAttachTimeout=0, enablePersistentHover=true, ie.forceCreateProcessApi=false, ie.usePerProcessProxy=false, ignoreZoomSetting=false, handlesAlerts=true, version=11, platform=WINDOWS, nativeEvents=true, ie.ensureCleanSession=false, elementScrollBehavior=0, ie.browserCommandLineSwitches=, requireWindowFocus=false, browserName=internet explorer, initialBrowserUrl=http://localhost:48693/, takesScreenshot=true, javascriptEnabled=true, ignoreProtectedModeSettings=false, enableElementCacheCleanup=true, cssSelectorsEnabled=true, unexpectedAlertBehaviour=dismiss}]
Session ID: e99463ff-1c61-4913-a156-6733143ce9be
*** Element info: {Using=link text, value=Our stores}
	at org.openqa.selenium.remote.ErrorHandler.createThrowable(ErrorHandler.java:204)
	at org.openqa.selenium.remote.ErrorHandler.throwIfResponseFailed(ErrorHandler.java:156)
	at org.openqa.selenium.remote.RemoteWebDriver.execute(RemoteWebDriver.java:599)
	at org.openqa.selenium.remote.RemoteWebDriver.findElement(RemoteWebDriver.java:352)
	at org.openqa.selenium.remote.RemoteWebDriver.findElementByLinkText(RemoteWebDriver.java:401)
	at org.openqa.selenium.By$ByLinkText.findElement(By.java:242)
	at org.openqa.selenium.remote.RemoteWebDriver.findElement(RemoteWebDriver.java:344)
	at PageObjects.HomePage$Footer.ourStores(HomePage.java:1091)
	at Tests.ValidateMainPageLinks.test38M(ValidateMainPageLinks.java:443)
... Removed 28 stack frames]]>
    </failure>
  </testcase> <!-- test38M -->
  <testcase name="test39M" time="0.0" classname="Tests.ValidateMainPageLinks">
    <skipped/>
  </testcase> <!-- test39M -->
  <testcase name="test3M" time="0.0" classname="Tests.ValidateMainPageLinks">
    <skipped/>
  </testcase> <!-- test3M -->
  <testcase name="test40M" time="0.016" classname="Tests.ValidateMainPageLinks">
    <skipped/>
  </testcase> <!-- test40M -->
  <testcase name="test41M" time="0.0" classname="Tests.ValidateMainPageLinks">
    <skipped/>
  </testcase> <!-- test41M -->
  <testcase name="test42M" time="0.0" classname="Tests.ValidateMainPageLinks">
    <skipped/>
  </testcase> <!-- test42M -->
  <testcase name="test43M" time="0.0" classname="Tests.ValidateMainPageLinks">
    <skipped/>
  </testcase> <!-- test43M -->
  <testcase name="test45M" time="0.0" classname="Tests.ValidateMainPageLinks">
    <skipped/>
  </testcase> <!-- test45M -->
  <testcase name="test46M" time="0.0" classname="Tests.ValidateMainPageLinks">
    <skipped/>
  </testcase> <!-- test46M -->
  <testcase name="test47M" time="0.0" classname="Tests.ValidateMainPageLinks">
    <skipped/>
  </testcase> <!-- test47M -->
  <testcase name="test4M" time="0.0" classname="Tests.ValidateMainPageLinks">
    <skipped/>
  </testcase> <!-- test4M -->
  <testcase name="test5M" time="0.0" classname="Tests.ValidateMainPageLinks">
    <skipped/>
  </testcase> <!-- test5M -->
  <testcase name="test6M" time="0.0" classname="Tests.ValidateMainPageLinks">
    <skipped/>
  </testcase> <!-- test6M -->
  <testcase name="test7M" time="0.0" classname="Tests.ValidateMainPageLinks">
    <skipped/>
  </testcase> <!-- test7M -->
  <testcase name="test8M" time="0.0" classname="Tests.ValidateMainPageLinks">
    <skipped/>
  </testcase> <!-- test8M -->
  <testcase name="test9M" time="0.0" classname="Tests.ValidateMainPageLinks">
    <skipped/>
  </testcase> <!-- test9M -->
</testsuite> <!-- ValidateLinksIE -->
