<?xml version="1.0" encoding="UTF-8"?>
<!-- Generated by org.testng.reporters.JUnitXMLReporter -->
<testsuite hostname="Kris-PC" name="ValidateLinks" tests="22" failures="0" timestamp="9 Mar 2015 13:40:51 GMT" time="139.924" errors="0">
  <testcase name="test10M" time="4.459" classname="Tests.ValidateMainPageLinks"/>
  <testcase name="test11M" time="6.039" classname="Tests.ValidateMainPageLinks"/>
  <testcase name="test12M" time="5.761" classname="Tests.ValidateMainPageLinks"/>
  <testcase name="test13M" time="5.764" classname="Tests.ValidateMainPageLinks"/>
  <testcase name="test14M" time="6.016" classname="Tests.ValidateMainPageLinks"/>
  <testcase name="test15M" time="5.323" classname="Tests.ValidateMainPageLinks"/>
  <testcase name="test16M" time="5.857" classname="Tests.ValidateMainPageLinks"/>
  <testcase name="test17M" time="5.715" classname="Tests.ValidateMainPageLinks"/>
  <testcase name="test18M" time="5.794" classname="Tests.ValidateMainPageLinks"/>
  <testcase name="test19M" time="5.029" classname="Tests.ValidateMainPageLinks"/>
  <testcase name="test1M" time="2.199" classname="Tests.ValidateMainPageLinks"/>
  <testcase name="test20M" time="5.583" classname="Tests.ValidateMainPageLinks"/>
  <testcase name="test21M" time="4.486" classname="Tests.ValidateMainPageLinks"/>
  <testcase name="test22M" time="4.66" classname="Tests.ValidateMainPageLinks"/>
  <testcase name="test2M" time="7.449" classname="Tests.ValidateMainPageLinks"/>
  <testcase name="test3M" time="5.423" classname="Tests.ValidateMainPageLinks"/>
  <testcase name="test4M" time="2.61" classname="Tests.ValidateMainPageLinks"/>
  <testcase name="test5M" time="2.817" classname="Tests.ValidateMainPageLinks"/>
  <testcase name="test6M" time="4.997" classname="Tests.ValidateMainPageLinks"/>
  <testcase name="test7M" time="6.382" classname="Tests.ValidateMainPageLinks"/>
  <testcase name="test8M" time="7.464" classname="Tests.ValidateMainPageLinks"/>
  <testcase name="test9M" time="6.727" classname="Tests.ValidateMainPageLinks"/>
</testsuite> <!-- ValidateLinks -->
