<?xml version="1.0" encoding="UTF-8"?>
<testng-results skipped="0" failed="0" total="12" passed="12">
  <reporter-output>
  </reporter-output>
  <suite name="Suite" duration-ms="260180" started-at="2015-03-23T11:38:02Z" finished-at="2015-03-23T11:42:22Z">
    <groups>
    </groups>
    <test name="ValidateRegistration" duration-ms="260180" started-at="2015-03-23T11:38:02Z" finished-at="2015-03-23T11:42:22Z">
      <class name="Tests.ValidateRegistration">
        <test-method status="PASS" signature="beforeTest(java.lang.String)[pri:0, instance:Tests.ValidateRegistration@3f0ee7cb]" name="beforeTest" is-config="true" duration-ms="15592" started-at="2015-03-23T11:38:02Z" finished-at="2015-03-23T11:38:18Z">
          <params>
            <param index="0">
              <value>
                <![CDATA[FF]]>
              </value>
            </param>
          </params>
          <reporter-output>
          </reporter-output>
        </test-method> <!-- beforeTest -->
        <test-method status="PASS" signature="beforeMethod()[pri:0, instance:Tests.ValidateRegistration@3f0ee7cb]" name="beforeMethod" is-config="true" duration-ms="4422" started-at="2015-03-23T11:38:19Z" finished-at="2015-03-23T11:38:24Z">
          <reporter-output>
          </reporter-output>
        </test-method> <!-- beforeMethod -->
        <test-method status="PASS" signature="testRegistration(java.util.Map)[pri:0, instance:Tests.ValidateRegistration@3f0ee7cb]" name="testRegistration" duration-ms="15470" started-at="2015-03-23T11:38:24Z" data-provider="regData" finished-at="2015-03-23T11:38:39Z">
          <params>
            <param index="0">
              <value>
                <![CDATA[{country=, Expected=, firstName1=, DOByear=, firstName2=, city=, Test ID=1R, DOBday=, postcode=, adress2=, title=, adress1=, homePh=, password=, mobilePh=, add info=, lastName1=, DOBmonth=, lastName2=, alias=, company=, state=, email=}]]>
              </value>
            </param>
          </params>
          <reporter-output>
          </reporter-output>
        </test-method> <!-- testRegistration -->
        <test-method status="PASS" signature="beforeMethod()[pri:0, instance:Tests.ValidateRegistration@3f0ee7cb]" name="beforeMethod" is-config="true" duration-ms="3350" started-at="2015-03-23T11:38:39Z" finished-at="2015-03-23T11:38:42Z">
          <reporter-output>
          </reporter-output>
        </test-method> <!-- beforeMethod -->
        <test-method status="PASS" signature="afterMethod()[pri:0, instance:Tests.ValidateRegistration@3f0ee7cb]" name="afterMethod" is-config="true" duration-ms="0" started-at="2015-03-23T11:38:39Z" finished-at="2015-03-23T11:38:39Z">
          <reporter-output>
          </reporter-output>
        </test-method> <!-- afterMethod -->
        <test-method status="PASS" signature="testRegistration(java.util.Map)[pri:0, instance:Tests.ValidateRegistration@3f0ee7cb]" name="testRegistration" duration-ms="14843" started-at="2015-03-23T11:38:42Z" data-provider="regData" finished-at="2015-03-23T11:38:57Z">
          <params>
            <param index="0">
              <value>
                <![CDATA[{country=, Expected=, firstName1=kris, DOByear=, firstName2=kris, city=Balbriggan, Test ID=2R, DOBday=, postcode=, adress2=, title=mr, adress1=12 Rosepark, homePh=018415267, password=, mobilePh=087556644, add info=lalalala, lastName1=, DOBmonth=, lastName2=gil, alias=, company=company, state=, email=}]]>
              </value>
            </param>
          </params>
          <reporter-output>
          </reporter-output>
        </test-method> <!-- testRegistration -->
        <test-method status="PASS" signature="beforeMethod()[pri:0, instance:Tests.ValidateRegistration@3f0ee7cb]" name="beforeMethod" is-config="true" duration-ms="3210" started-at="2015-03-23T11:38:57Z" finished-at="2015-03-23T11:39:00Z">
          <reporter-output>
          </reporter-output>
        </test-method> <!-- beforeMethod -->
        <test-method status="PASS" signature="afterMethod()[pri:0, instance:Tests.ValidateRegistration@3f0ee7cb]" name="afterMethod" is-config="true" duration-ms="0" started-at="2015-03-23T11:38:57Z" finished-at="2015-03-23T11:38:57Z">
          <reporter-output>
          </reporter-output>
        </test-method> <!-- afterMethod -->
        <test-method status="PASS" signature="testRegistration(java.util.Map)[pri:0, instance:Tests.ValidateRegistration@3f0ee7cb]" name="testRegistration" duration-ms="15280" started-at="2015-03-23T11:39:00Z" data-provider="regData" finished-at="2015-03-23T11:39:16Z">
          <params>
            <param index="0">
              <value>
                <![CDATA[{country=, Expected=, firstName1=, DOByear=, firstName2=, city=, Test ID=3R, DOBday=, postcode=, adress2=, title=mrs, adress1=12 Rosepark, homePh=, password=, mobilePh=087556645, add info=, lastName1=gil, DOBmonth=, lastName2=gil, alias=me@hot.com, company=, state=, email=test@hot.com}]]>
              </value>
            </param>
          </params>
          <reporter-output>
          </reporter-output>
        </test-method> <!-- testRegistration -->
        <test-method status="PASS" signature="afterMethod()[pri:0, instance:Tests.ValidateRegistration@3f0ee7cb]" name="afterMethod" is-config="true" duration-ms="0" started-at="2015-03-23T11:39:16Z" finished-at="2015-03-23T11:39:16Z">
          <reporter-output>
          </reporter-output>
        </test-method> <!-- afterMethod -->
        <test-method status="PASS" signature="beforeMethod()[pri:0, instance:Tests.ValidateRegistration@3f0ee7cb]" name="beforeMethod" is-config="true" duration-ms="3400" started-at="2015-03-23T11:39:16Z" finished-at="2015-03-23T11:39:19Z">
          <reporter-output>
          </reporter-output>
        </test-method> <!-- beforeMethod -->
        <test-method status="PASS" signature="testRegistration(java.util.Map)[pri:0, instance:Tests.ValidateRegistration@3f0ee7cb]" name="testRegistration" duration-ms="15150" started-at="2015-03-23T11:39:19Z" data-provider="regData" finished-at="2015-03-23T11:39:34Z">
          <params>
            <param index="0">
              <value>
                <![CDATA[{country=, Expected=, firstName1=kris, DOByear=, firstName2=kris, city=Balbriggan, Test ID=4R, DOBday=, postcode=, adress2=12 Rosepark, title=, adress1=, homePh=018415267, password=, mobilePh=, add info=lalalala, lastName1=, DOBmonth=, lastName2=, alias=, company=company, state=, email=test@hot.com}]]>
              </value>
            </param>
          </params>
          <reporter-output>
          </reporter-output>
        </test-method> <!-- testRegistration -->
        <test-method status="PASS" signature="afterMethod()[pri:0, instance:Tests.ValidateRegistration@3f0ee7cb]" name="afterMethod" is-config="true" duration-ms="0" started-at="2015-03-23T11:39:34Z" finished-at="2015-03-23T11:39:34Z">
          <reporter-output>
          </reporter-output>
        </test-method> <!-- afterMethod -->
        <test-method status="PASS" signature="beforeMethod()[pri:0, instance:Tests.ValidateRegistration@3f0ee7cb]" name="beforeMethod" is-config="true" duration-ms="3520" started-at="2015-03-23T11:39:34Z" finished-at="2015-03-23T11:39:38Z">
          <reporter-output>
          </reporter-output>
        </test-method> <!-- beforeMethod -->
        <test-method status="PASS" signature="testRegistration(java.util.Map)[pri:0, instance:Tests.ValidateRegistration@3f0ee7cb]" name="testRegistration" duration-ms="16856" started-at="2015-03-23T11:39:38Z" data-provider="regData" finished-at="2015-03-23T11:39:55Z">
          <params>
            <param index="0">
              <value>
                <![CDATA[{country=, Expected=, firstName1=, DOByear=, firstName2=, city=Balbriggan, Test ID=5R, DOBday=, postcode=, adress2=, title=mr, adress1=12 Rosepark, homePh=, password=, mobilePh=087556644, add info=, lastName1=gil, DOBmonth=, lastName2=gil, alias=me@hot.com, company=, state=, email=test@hot.com}]]>
              </value>
            </param>
          </params>
          <reporter-output>
          </reporter-output>
        </test-method> <!-- testRegistration -->
        <test-method status="PASS" signature="afterMethod()[pri:0, instance:Tests.ValidateRegistration@3f0ee7cb]" name="afterMethod" is-config="true" duration-ms="0" started-at="2015-03-23T11:39:55Z" finished-at="2015-03-23T11:39:55Z">
          <reporter-output>
          </reporter-output>
        </test-method> <!-- afterMethod -->
        <test-method status="PASS" signature="beforeMethod()[pri:0, instance:Tests.ValidateRegistration@3f0ee7cb]" name="beforeMethod" is-config="true" duration-ms="3672" started-at="2015-03-23T11:39:55Z" finished-at="2015-03-23T11:39:58Z">
          <reporter-output>
          </reporter-output>
        </test-method> <!-- beforeMethod -->
        <test-method status="PASS" signature="testRegistration(java.util.Map)[pri:0, instance:Tests.ValidateRegistration@3f0ee7cb]" name="testRegistration" duration-ms="16996" started-at="2015-03-23T11:39:58Z" data-provider="regData" finished-at="2015-03-23T11:40:15Z">
          <params>
            <param index="0">
              <value>
                <![CDATA[{country=, Expected=, firstName1=kris, DOByear=, firstName2=kris, city=, Test ID=6R, DOBday=, postcode=, adress2=, title=mrs, adress1=12 Rosepark, homePh=018415267, password=, mobilePh=087556645, add info=, lastName1=gil, DOBmonth=, lastName2=gil, alias=, company=company, state=, email=test@hot.com}]]>
              </value>
            </param>
          </params>
          <reporter-output>
          </reporter-output>
        </test-method> <!-- testRegistration -->
        <test-method status="PASS" signature="afterMethod()[pri:0, instance:Tests.ValidateRegistration@3f0ee7cb]" name="afterMethod" is-config="true" duration-ms="0" started-at="2015-03-23T11:40:15Z" finished-at="2015-03-23T11:40:15Z">
          <reporter-output>
          </reporter-output>
        </test-method> <!-- afterMethod -->
        <test-method status="PASS" signature="beforeMethod()[pri:0, instance:Tests.ValidateRegistration@3f0ee7cb]" name="beforeMethod" is-config="true" duration-ms="3560" started-at="2015-03-23T11:40:15Z" finished-at="2015-03-23T11:40:19Z">
          <reporter-output>
          </reporter-output>
        </test-method> <!-- beforeMethod -->
        <test-method status="PASS" signature="testRegistration(java.util.Map)[pri:0, instance:Tests.ValidateRegistration@3f0ee7cb]" name="testRegistration" duration-ms="16670" started-at="2015-03-23T11:40:19Z" data-provider="regData" finished-at="2015-03-23T11:40:35Z">
          <params>
            <param index="0">
              <value>
                <![CDATA[{country=, Expected=, firstName1=, DOByear=, firstName2=kris, city=Balbriggan, Test ID=7R, DOBday=, postcode=, adress2=12 Rosepark, title=, adress1=, homePh=, password=, mobilePh=, add info=lalalala, lastName1=, DOBmonth=, lastName2=, alias=me@hot.com, company=, state=, email=test@hot.com}]]>
              </value>
            </param>
          </params>
          <reporter-output>
          </reporter-output>
        </test-method> <!-- testRegistration -->
        <test-method status="PASS" signature="beforeMethod()[pri:0, instance:Tests.ValidateRegistration@3f0ee7cb]" name="beforeMethod" is-config="true" duration-ms="3510" started-at="2015-03-23T11:40:36Z" finished-at="2015-03-23T11:40:39Z">
          <reporter-output>
          </reporter-output>
        </test-method> <!-- beforeMethod -->
        <test-method status="PASS" signature="afterMethod()[pri:0, instance:Tests.ValidateRegistration@3f0ee7cb]" name="afterMethod" is-config="true" duration-ms="0" started-at="2015-03-23T11:40:36Z" finished-at="2015-03-23T11:40:36Z">
          <reporter-output>
          </reporter-output>
        </test-method> <!-- afterMethod -->
        <test-method status="PASS" signature="testRegistration(java.util.Map)[pri:0, instance:Tests.ValidateRegistration@3f0ee7cb]" name="testRegistration" duration-ms="16672" started-at="2015-03-23T11:40:39Z" data-provider="regData" finished-at="2015-03-23T11:40:56Z">
          <params>
            <param index="0">
              <value>
                <![CDATA[{country=, Expected=, firstName1=kris, DOByear=, firstName2=, city=Balbriggan, Test ID=8R, DOBday=, postcode=, adress2=, title=mr, adress1=12 Rosepark, homePh=018415267, password=, mobilePh=087556644, add info=, lastName1=gil, DOBmonth=, lastName2=gil, alias=, company=company, state=, email=}]]>
              </value>
            </param>
          </params>
          <reporter-output>
          </reporter-output>
        </test-method> <!-- testRegistration -->
        <test-method status="PASS" signature="afterMethod()[pri:0, instance:Tests.ValidateRegistration@3f0ee7cb]" name="afterMethod" is-config="true" duration-ms="0" started-at="2015-03-23T11:40:56Z" finished-at="2015-03-23T11:40:56Z">
          <reporter-output>
          </reporter-output>
        </test-method> <!-- afterMethod -->
        <test-method status="PASS" signature="beforeMethod()[pri:0, instance:Tests.ValidateRegistration@3f0ee7cb]" name="beforeMethod" is-config="true" duration-ms="3610" started-at="2015-03-23T11:40:56Z" finished-at="2015-03-23T11:40:59Z">
          <reporter-output>
          </reporter-output>
        </test-method> <!-- beforeMethod -->
        <test-method status="PASS" signature="testRegistration(java.util.Map)[pri:0, instance:Tests.ValidateRegistration@3f0ee7cb]" name="testRegistration" duration-ms="15700" started-at="2015-03-23T11:40:59Z" data-provider="regData" finished-at="2015-03-23T11:41:15Z">
          <params>
            <param index="0">
              <value>
                <![CDATA[{country=, Expected=, firstName1=, DOByear=, firstName2=kris, city=, Test ID=9R, DOBday=, postcode=, adress2=, title=mrs, adress1=12 Rosepark, homePh=, password=, mobilePh=087556645, add info=, lastName1=gil, DOBmonth=, lastName2=, alias=, company=, state=, email=test@hot.com}]]>
              </value>
            </param>
          </params>
          <reporter-output>
          </reporter-output>
        </test-method> <!-- testRegistration -->
        <test-method status="PASS" signature="beforeMethod()[pri:0, instance:Tests.ValidateRegistration@3f0ee7cb]" name="beforeMethod" is-config="true" duration-ms="3730" started-at="2015-03-23T11:41:15Z" finished-at="2015-03-23T11:41:19Z">
          <reporter-output>
          </reporter-output>
        </test-method> <!-- beforeMethod -->
        <test-method status="PASS" signature="afterMethod()[pri:0, instance:Tests.ValidateRegistration@3f0ee7cb]" name="afterMethod" is-config="true" duration-ms="0" started-at="2015-03-23T11:41:15Z" finished-at="2015-03-23T11:41:15Z">
          <reporter-output>
          </reporter-output>
        </test-method> <!-- afterMethod -->
        <test-method status="PASS" signature="testRegistration(java.util.Map)[pri:0, instance:Tests.ValidateRegistration@3f0ee7cb]" name="testRegistration" duration-ms="15740" started-at="2015-03-23T11:41:19Z" data-provider="regData" finished-at="2015-03-23T11:41:34Z">
          <params>
            <param index="0">
              <value>
                <![CDATA[{country=, Expected=, firstName1=kris, DOByear=, firstName2=, city=Balbriggan, Test ID=10R, DOBday=, postcode=, adress2=12 Rosepark, title=, adress1=, homePh=018415267, password=, mobilePh=, add info=allala, lastName1=, DOBmonth=, lastName2=gil, alias=me@hot.com, company=company, state=, email=}]]>
              </value>
            </param>
          </params>
          <reporter-output>
          </reporter-output>
        </test-method> <!-- testRegistration -->
        <test-method status="PASS" signature="afterMethod()[pri:0, instance:Tests.ValidateRegistration@3f0ee7cb]" name="afterMethod" is-config="true" duration-ms="0" started-at="2015-03-23T11:41:34Z" finished-at="2015-03-23T11:41:34Z">
          <reporter-output>
          </reporter-output>
        </test-method> <!-- afterMethod -->
        <test-method status="PASS" signature="beforeMethod()[pri:0, instance:Tests.ValidateRegistration@3f0ee7cb]" name="beforeMethod" is-config="true" duration-ms="3430" started-at="2015-03-23T11:41:34Z" finished-at="2015-03-23T11:41:38Z">
          <reporter-output>
          </reporter-output>
        </test-method> <!-- beforeMethod -->
        <test-method status="PASS" signature="testRegistration(java.util.Map)[pri:0, instance:Tests.ValidateRegistration@3f0ee7cb]" name="testRegistration" duration-ms="24800" started-at="2015-03-23T11:41:38Z" data-provider="regData" finished-at="2015-03-23T11:42:03Z">
          <params>
            <param index="0">
              <value>
                <![CDATA[{country=, Expected=, firstName1=, DOByear=, firstName2=, city=Balbriggan, Test ID=11R, DOBday=, postcode=, adress2=, title=mr, adress1=12 Rosepark, homePh=, password=, mobilePh=087556644, add info=, lastName1=gil, DOBmonth=, lastName2=, alias=, company=, state=, email=test@hot.com}]]>
              </value>
            </param>
          </params>
          <reporter-output>
          </reporter-output>
        </test-method> <!-- testRegistration -->
        <test-method status="PASS" signature="beforeMethod()[pri:0, instance:Tests.ValidateRegistration@3f0ee7cb]" name="beforeMethod" is-config="true" duration-ms="3590" started-at="2015-03-23T11:42:03Z" finished-at="2015-03-23T11:42:06Z">
          <reporter-output>
          </reporter-output>
        </test-method> <!-- beforeMethod -->
        <test-method status="PASS" signature="afterMethod()[pri:0, instance:Tests.ValidateRegistration@3f0ee7cb]" name="afterMethod" is-config="true" duration-ms="0" started-at="2015-03-23T11:42:03Z" finished-at="2015-03-23T11:42:03Z">
          <reporter-output>
          </reporter-output>
        </test-method> <!-- afterMethod -->
        <test-method status="PASS" signature="testRegistration(java.util.Map)[pri:0, instance:Tests.ValidateRegistration@3f0ee7cb]" name="testRegistration" duration-ms="15540" started-at="2015-03-23T11:42:06Z" data-provider="regData" finished-at="2015-03-23T11:42:22Z">
          <params>
            <param index="0">
              <value>
                <![CDATA[{country=, Expected=, firstName1=kris, DOByear=, firstName2=, city=, Test ID=12R, DOBday=, postcode=, adress2=, title=mrs, adress1=12 Rosepark, homePh=018415267, password=, mobilePh=087556645, add info=, lastName1=gil, DOBmonth=, lastName2=gil, alias=, company=company, state=, email=}]]>
              </value>
            </param>
          </params>
          <reporter-output>
          </reporter-output>
        </test-method> <!-- testRegistration -->
        <test-method status="PASS" signature="afterTest()[pri:0, instance:Tests.ValidateRegistration@3f0ee7cb]" name="afterTest" is-config="true" duration-ms="562" started-at="2015-03-23T11:42:22Z" finished-at="2015-03-23T11:42:22Z">
          <reporter-output>
          </reporter-output>
        </test-method> <!-- afterTest -->
        <test-method status="PASS" signature="afterMethod()[pri:0, instance:Tests.ValidateRegistration@3f0ee7cb]" name="afterMethod" is-config="true" duration-ms="0" started-at="2015-03-23T11:42:22Z" finished-at="2015-03-23T11:42:22Z">
          <reporter-output>
          </reporter-output>
        </test-method> <!-- afterMethod -->
      </class> <!-- Tests.ValidateRegistration -->
    </test> <!-- ValidateRegistration -->
  </suite> <!-- Suite -->
</testng-results>
